{
  "D:\\popka\\SkillsZen\\SkillsZen\\src\\components\\shared\\AuthFormLayout.tsx": {
    "path": "D:\\popka\\SkillsZen\\SkillsZen\\src\\components\\shared\\AuthFormLayout.tsx",
    "statementMap": {
      "0": { "start": { "line": 25, "column": 2 }, "end": { "line": 28, "column": null } },
      "1": { "start": { "line": 30, "column": 2 }, "end": { "line": 134, "column": null } }
    },
    "fnMap": {
      "0": {
        "name": "AuthFormLayout",
        "decl": { "start": { "line": 10, "column": 16 }, "end": { "line": 10, "column": 31 } },
        "loc": { "start": { "line": 20, "column": 18 }, "end": { "line": 136, "column": null } },
        "line": 20
      }
    },
    "branchMap": {
      "0": {
        "loc": { "start": { "line": 36, "column": 13 }, "end": { "line": 36, "column": null } },
        "type": "cond-expr",
        "locations": [
          { "start": { "line": 36, "column": 24 }, "end": { "line": 36, "column": 61 } },
          { "start": { "line": 36, "column": 61 }, "end": { "line": 36, "column": null } }
        ],
        "line": 36
      },
      "1": {
        "loc": { "start": { "line": 41, "column": 13 }, "end": { "line": 61, "column": null } },
        "type": "binary-expr",
        "locations": [
          { "start": { "line": 41, "column": 13 }, "end": { "line": 41, "column": null } },
          { "start": { "line": 42, "column": 14 }, "end": { "line": 61, "column": null } }
        ],
        "line": 41
      },
      "2": {
        "loc": { "start": { "line": 51, "column": 20 }, "end": { "line": 53, "column": null } },
        "type": "cond-expr",
        "locations": [
          { "start": { "line": 52, "column": 24 }, "end": { "line": 52, "column": null } },
          { "start": { "line": 53, "column": 24 }, "end": { "line": 53, "column": null } }
        ],
        "line": 51
      },
      "3": {
        "loc": { "start": { "line": 56, "column": 17 }, "end": { "line": 59, "column": null } },
        "type": "binary-expr",
        "locations": [
          { "start": { "line": 56, "column": 17 }, "end": { "line": 56, "column": null } },
          { "start": { "line": 57, "column": 18 }, "end": { "line": 59, "column": null } }
        ],
        "line": 56
      },
      "4": {
        "loc": { "start": { "line": 73, "column": 18 }, "end": { "line": 75, "column": null } },
        "type": "cond-expr",
        "locations": [
          { "start": { "line": 74, "column": 22 }, "end": { "line": 74, "column": null } },
          { "start": { "line": 75, "column": 22 }, "end": { "line": 75, "column": null } }
        ],
        "line": 73
      },
      "5": {
        "loc": { "start": { "line": 78, "column": 15 }, "end": { "line": 81, "column": null } },
        "type": "binary-expr",
        "locations": [
          { "start": { "line": 78, "column": 15 }, "end": { "line": 78, "column": null } },
          { "start": { "line": 79, "column": 16 }, "end": { "line": 81, "column": null } }
        ],
        "line": 78
      },
      "6": {
        "loc": { "start": { "line": 95, "column": 18 }, "end": { "line": 97, "column": null } },
        "type": "cond-expr",
        "locations": [
          { "start": { "line": 96, "column": 22 }, "end": { "line": 96, "column": null } },
          { "start": { "line": 97, "column": 22 }, "end": { "line": 97, "column": null } }
        ],
        "line": 95
      },
      "7": {
        "loc": { "start": { "line": 100, "column": 15 }, "end": { "line": 103, "column": null } },
        "type": "binary-expr",
        "locations": [
          { "start": { "line": 100, "column": 15 }, "end": { "line": 100, "column": null } },
          { "start": { "line": 101, "column": 16 }, "end": { "line": 103, "column": null } }
        ],
        "line": 100
      },
      "8": {
        "loc": { "start": { "line": 110, "column": 24 }, "end": { "line": 110, "column": null } },
        "type": "binary-expr",
        "locations": [
          { "start": { "line": 110, "column": 24 }, "end": { "line": 110, "column": 36 } },
          { "start": { "line": 110, "column": 36 }, "end": { "line": 110, "column": null } }
        ],
        "line": 110
      },
      "9": {
        "loc": { "start": { "line": 112, "column": 15 }, "end": { "line": 118, "column": null } },
        "type": "cond-expr",
        "locations": [
          { "start": { "line": 113, "column": 16 }, "end": { "line": 113, "column": null } },
          { "start": { "line": 115, "column": 16 }, "end": { "line": 118, "column": null } }
        ],
        "line": 112
      }
    },
    "s": { "0": 36, "1": 36 },
    "f": { "0": 36 },
    "b": {
      "0": [11, 25],
      "1": [36, 11],
      "2": [1, 10],
      "3": [11, 1],
      "4": [2, 34],
      "5": [36, 2],
      "6": [5, 31],
      "7": [36, 5],
      "8": [36, 13],
      "9": [5, 31]
    },
    "meta": {
      "lastBranch": 10,
      "lastFunction": 1,
      "lastStatement": 2,
      "seen": {
        "f:10:16:10:31": 0,
        "s:25:2:28:Infinity": 0,
        "s:30:2:134:Infinity": 1,
        "b:36:24:36:61:36:61:36:Infinity": 0,
        "b:41:13:41:Infinity:42:14:61:Infinity": 1,
        "b:52:24:52:Infinity:53:24:53:Infinity": 2,
        "b:56:17:56:Infinity:57:18:59:Infinity": 3,
        "b:74:22:74:Infinity:75:22:75:Infinity": 4,
        "b:78:15:78:Infinity:79:16:81:Infinity": 5,
        "b:96:22:96:Infinity:97:22:97:Infinity": 6,
        "b:100:15:100:Infinity:101:16:103:Infinity": 7,
        "b:110:24:110:36:110:36:110:Infinity": 8,
        "b:113:16:113:Infinity:115:16:118:Infinity": 9
      }
    }
  },
  "D:\\popka\\SkillsZen\\SkillsZen\\src\\components\\shared\\ConfirmationChatModal.tsx": {
    "path": "D:\\popka\\SkillsZen\\SkillsZen\\src\\components\\shared\\ConfirmationChatModal.tsx",
    "statementMap": {
      "0": { "start": { "line": 12, "column": 75 }, "end": { "line": 65, "column": null } },
      "1": { "start": { "line": 19, "column": 2 }, "end": { "line": 19, "column": null } },
      "2": { "start": { "line": 19, "column": 15 }, "end": { "line": 19, "column": null } },
      "3": { "start": { "line": 21, "column": 2 }, "end": { "line": 63, "column": null } },
      "4": { "start": { "line": 46, "column": 16 }, "end": { "line": 46, "column": null } },
      "5": { "start": { "line": 47, "column": 16 }, "end": { "line": 47, "column": null } }
    },
    "fnMap": {
      "0": {
        "name": "(anonymous_0)",
        "decl": { "start": { "line": 12, "column": 75 }, "end": { "line": 12, "column": 76 } },
        "loc": { "start": { "line": 18, "column": 6 }, "end": { "line": 65, "column": null } },
        "line": 18
      },
      "1": {
        "name": "(anonymous_1)",
        "decl": { "start": { "line": 45, "column": 23 }, "end": { "line": 45, "column": 29 } },
        "loc": { "start": { "line": 45, "column": 29 }, "end": { "line": 48, "column": null } },
        "line": 45
      }
    },
    "branchMap": {
      "0": {
        "loc": { "start": { "line": 19, "column": 2 }, "end": { "line": 19, "column": null } },
        "type": "if",
        "locations": [
          { "start": { "line": 19, "column": 2 }, "end": { "line": 19, "column": null } },
          { "start": {}, "end": {} }
        ],
        "line": 19
      }
    },
    "s": { "0": 0, "1": 0, "2": 0, "3": 0, "4": 0, "5": 0 },
    "f": { "0": 0, "1": 0 },
    "b": { "0": [0, 0] },
    "meta": {
      "lastBranch": 1,
      "lastFunction": 2,
      "lastStatement": 6,
      "seen": {
        "s:12:75:65:Infinity": 0,
        "f:12:75:12:76": 0,
        "b:19:2:19:Infinity:undefined:undefined:undefined:undefined": 0,
        "s:19:2:19:Infinity": 1,
        "s:19:15:19:Infinity": 2,
        "s:21:2:63:Infinity": 3,
        "f:45:23:45:29": 1,
        "s:46:16:46:Infinity": 4,
        "s:47:16:47:Infinity": 5
      }
    }
  },
  "D:\\popka\\SkillsZen\\SkillsZen\\src\\components\\shared\\DeleteAccountModal.tsx": {
    "path": "D:\\popka\\SkillsZen\\SkillsZen\\src\\components\\shared\\DeleteAccountModal.tsx",
    "statementMap": {
      "0": { "start": { "line": 20, "column": 2 }, "end": { "line": 51, "column": null } },
      "1": { "start": { "line": 39, "column": 14 }, "end": { "line": 39, "column": null } },
      "2": { "start": { "line": 40, "column": 14 }, "end": { "line": 40, "column": null } }
    },
    "fnMap": {
      "0": {
        "name": "DeleteAccountModal",
        "decl": { "start": { "line": 19, "column": 16 }, "end": { "line": 19, "column": 35 } },
        "loc": { "start": { "line": 19, "column": 87 }, "end": { "line": 53, "column": null } },
        "line": 19
      },
      "1": {
        "name": "(anonymous_1)",
        "decl": { "start": { "line": 38, "column": 21 }, "end": { "line": 38, "column": 22 } },
        "loc": { "start": { "line": 38, "column": 65 }, "end": { "line": 41, "column": null } },
        "line": 38
      }
    },
    "branchMap": {
      "0": {
        "loc": { "start": { "line": 47, "column": 13 }, "end": { "line": 47, "column": null } },
        "type": "cond-expr",
        "locations": [
          { "start": { "line": 47, "column": 26 }, "end": { "line": 47, "column": 42 } },
          { "start": { "line": 47, "column": 42 }, "end": { "line": 47, "column": null } }
        ],
        "line": 47
      }
    },
    "s": { "0": 18, "1": 2, "2": 2 },
    "f": { "0": 18, "1": 2 },
    "b": { "0": [2, 16] },
    "meta": {
      "lastBranch": 1,
      "lastFunction": 2,
      "lastStatement": 3,
      "seen": {
        "f:19:16:19:35": 0,
        "s:20:2:51:Infinity": 0,
        "f:38:21:38:22": 1,
        "s:39:14:39:Infinity": 1,
        "s:40:14:40:Infinity": 2,
        "b:47:26:47:42:47:42:47:Infinity": 0
      }
    }
  },
  "D:\\popka\\SkillsZen\\SkillsZen\\src\\components\\shared\\EditorHeader.tsx": {
    "path": "D:\\popka\\SkillsZen\\SkillsZen\\src\\components\\shared\\EditorHeader.tsx",
    "statementMap": {
      "0": { "start": { "line": 15, "column": 50 }, "end": { "line": 97, "column": null } },
      "1": { "start": { "line": 25, "column": 2 }, "end": { "line": 97, "column": null } },
      "2": { "start": { "line": 28, "column": 23 }, "end": { "line": 28, "column": null } }
    },
    "fnMap": {
      "0": {
        "name": "(anonymous_0)",
        "decl": { "start": { "line": 15, "column": 50 }, "end": { "line": 15, "column": 51 } },
        "loc": { "start": { "line": 25, "column": 2 }, "end": { "line": 97, "column": null } },
        "line": 25
      },
      "1": {
        "name": "(anonymous_1)",
        "decl": { "start": { "line": 28, "column": 17 }, "end": { "line": 28, "column": 23 } },
        "loc": { "start": { "line": 28, "column": 23 }, "end": { "line": 28, "column": null } },
        "line": 28
      }
    },
    "branchMap": {
      "0": {
        "loc": { "start": { "line": 37, "column": 59 }, "end": { "line": 37, "column": 76 } },
        "type": "binary-expr",
        "locations": [
          { "start": { "line": 37, "column": 59 }, "end": { "line": 37, "column": 69 } },
          { "start": { "line": 37, "column": 69 }, "end": { "line": 37, "column": 76 } }
        ],
        "line": 37
      },
      "1": {
        "loc": { "start": { "line": 39, "column": 9 }, "end": { "line": 51, "column": null } },
        "type": "binary-expr",
        "locations": [
          { "start": { "line": 39, "column": 9 }, "end": { "line": 39, "column": null } },
          { "start": { "line": 40, "column": 10 }, "end": { "line": 51, "column": null } }
        ],
        "line": 39
      },
      "2": {
        "loc": { "start": { "line": 42, "column": 14 }, "end": { "line": 44, "column": null } },
        "type": "cond-expr",
        "locations": [
          { "start": { "line": 43, "column": 18 }, "end": { "line": 43, "column": null } },
          { "start": { "line": 44, "column": 18 }, "end": { "line": 44, "column": null } }
        ],
        "line": 42
      },
      "3": {
        "loc": { "start": { "line": 48, "column": 49 }, "end": { "line": 48, "column": 114 } },
        "type": "cond-expr",
        "locations": [
          { "start": { "line": 48, "column": 71 }, "end": { "line": 48, "column": 102 } },
          { "start": { "line": 48, "column": 102 }, "end": { "line": 48, "column": 114 } }
        ],
        "line": 48
      },
      "4": {
        "loc": { "start": { "line": 50, "column": 13 }, "end": { "line": 50, "column": null } },
        "type": "cond-expr",
        "locations": [
          { "start": { "line": 50, "column": 35 }, "end": { "line": 50, "column": 46 } },
          { "start": { "line": 50, "column": 46 }, "end": { "line": 50, "column": null } }
        ],
        "line": 50
      },
      "5": {
        "loc": { "start": { "line": 71, "column": 10 }, "end": { "line": 73, "column": null } },
        "type": "cond-expr",
        "locations": [
          { "start": { "line": 72, "column": 14 }, "end": { "line": 72, "column": null } },
          { "start": { "line": 73, "column": 14 }, "end": { "line": 73, "column": null } }
        ],
        "line": 71
      },
      "6": {
        "loc": { "start": { "line": 84, "column": 10 }, "end": { "line": 86, "column": null } },
        "type": "cond-expr",
        "locations": [
          { "start": { "line": 85, "column": 14 }, "end": { "line": 85, "column": null } },
          { "start": { "line": 86, "column": 14 }, "end": { "line": 86, "column": null } }
        ],
        "line": 84
      },
      "7": {
        "loc": { "start": { "line": 89, "column": 9 }, "end": { "line": 92, "column": null } },
        "type": "cond-expr",
        "locations": [
          { "start": { "line": 90, "column": 10 }, "end": { "line": 90, "column": null } },
          { "start": { "line": 92, "column": 10 }, "end": { "line": 92, "column": null } }
        ],
        "line": 89
      },
      "8": {
        "loc": { "start": { "line": 94, "column": 9 }, "end": { "line": 94, "column": null } },
        "type": "cond-expr",
        "locations": [
          { "start": { "line": 94, "column": 31 }, "end": { "line": 94, "column": 48 } },
          { "start": { "line": 94, "column": 48 }, "end": { "line": 94, "column": null } }
        ],
        "line": 94
      }
    },
    "s": { "0": 2, "1": 20, "2": 1 },
    "f": { "0": 20, "1": 1 },
    "b": {
      "0": [20, 1],
      "1": [20, 2],
      "2": [1, 1],
      "3": [1, 1],
      "4": [1, 1],
      "5": [0, 20],
      "6": [1, 19],
      "7": [1, 19],
      "8": [1, 19]
    },
    "meta": {
      "lastBranch": 9,
      "lastFunction": 2,
      "lastStatement": 3,
      "seen": {
        "s:15:50:97:Infinity": 0,
        "f:15:50:15:51": 0,
        "s:25:2:97:Infinity": 1,
        "f:28:17:28:23": 1,
        "s:28:23:28:Infinity": 2,
        "b:37:59:37:69:37:69:37:76": 0,
        "b:39:9:39:Infinity:40:10:51:Infinity": 1,
        "b:43:18:43:Infinity:44:18:44:Infinity": 2,
        "b:48:71:48:102:48:102:48:114": 3,
        "b:50:35:50:46:50:46:50:Infinity": 4,
        "b:72:14:72:Infinity:73:14:73:Infinity": 5,
        "b:85:14:85:Infinity:86:14:86:Infinity": 6,
        "b:90:10:90:Infinity:92:10:92:Infinity": 7,
        "b:94:31:94:48:94:48:94:Infinity": 8
      }
    }
  },
  "D:\\popka\\SkillsZen\\SkillsZen\\src\\components\\shared\\ErrorFallback.tsx": {
    "path": "D:\\popka\\SkillsZen\\SkillsZen\\src\\components\\shared\\ErrorFallback.tsx",
    "statementMap": {
      "0": { "start": { "line": 12, "column": 8 }, "end": { "line": 12, "column": null } },
      "1": { "start": { "line": 13, "column": 16 }, "end": { "line": 13, "column": null } },
      "2": { "start": { "line": 15, "column": 16 }, "end": { "line": 15, "column": null } },
      "3": { "start": { "line": 16, "column": 14 }, "end": { "line": 16, "column": null } },
      "4": { "start": { "line": 18, "column": 2 }, "end": { "line": 25, "column": null } },
      "5": { "start": { "line": 19, "column": 4 }, "end": { "line": 19, "column": null } },
      "6": { "start": { "line": 20, "column": 4 }, "end": { "line": 20, "column": null } },
      "7": { "start": { "line": 21, "column": 2 }, "end": { "line": 25, "column": null } },
      "8": { "start": { "line": 22, "column": 4 }, "end": { "line": 22, "column": null } },
      "9": { "start": { "line": 23, "column": 2 }, "end": { "line": 25, "column": null } },
      "10": { "start": { "line": 24, "column": 4 }, "end": { "line": 24, "column": null } },
      "11": { "start": { "line": 27, "column": 22 }, "end": { "line": 33, "column": null } },
      "12": { "start": { "line": 28, "column": 4 }, "end": { "line": 32, "column": null } },
      "13": { "start": { "line": 29, "column": 6 }, "end": { "line": 29, "column": null } },
      "14": { "start": { "line": 31, "column": 6 }, "end": { "line": 31, "column": null } },
      "15": { "start": { "line": 35, "column": 2 }, "end": { "line": 70, "column": null } },
      "16": { "start": { "line": 60, "column": 71 }, "end": { "line": 60, "column": null } }
    },
    "fnMap": {
      "0": {
        "name": "ErrorFallback",
        "decl": { "start": { "line": 8, "column": 16 }, "end": { "line": 8, "column": 30 } },
        "loc": { "start": { "line": 11, "column": 27 }, "end": { "line": 72, "column": null } },
        "line": 11
      },
      "1": {
        "name": "(anonymous_1)",
        "decl": { "start": { "line": 27, "column": 22 }, "end": { "line": 27, "column": 28 } },
        "loc": { "start": { "line": 27, "column": 28 }, "end": { "line": 33, "column": null } },
        "line": 27
      },
      "2": {
        "name": "(anonymous_2)",
        "decl": { "start": { "line": 60, "column": 64 }, "end": { "line": 60, "column": 71 } },
        "loc": { "start": { "line": 60, "column": 71 }, "end": { "line": 60, "column": null } },
        "line": 60
      }
    },
    "branchMap": {
      "0": {
        "loc": { "start": { "line": 13, "column": 16 }, "end": { "line": 13, "column": null } },
        "type": "binary-expr",
        "locations": [
          { "start": { "line": 13, "column": 16 }, "end": { "line": 13, "column": 30 } },
          { "start": { "line": 13, "column": 30 }, "end": { "line": 13, "column": null } }
        ],
        "line": 13
      },
      "1": {
        "loc": { "start": { "line": 18, "column": 2 }, "end": { "line": 25, "column": null } },
        "type": "if",
        "locations": [
          { "start": { "line": 18, "column": 2 }, "end": { "line": 25, "column": null } },
          { "start": { "line": 21, "column": 2 }, "end": { "line": 25, "column": null } }
        ],
        "line": 18
      },
      "2": {
        "loc": { "start": { "line": 20, "column": 14 }, "end": { "line": 20, "column": null } },
        "type": "binary-expr",
        "locations": [
          { "start": { "line": 20, "column": 14 }, "end": { "line": 20, "column": 34 } },
          { "start": { "line": 20, "column": 34 }, "end": { "line": 20, "column": 57 } },
          { "start": { "line": 20, "column": 57 }, "end": { "line": 20, "column": null } }
        ],
        "line": 20
      },
      "3": {
        "loc": { "start": { "line": 21, "column": 2 }, "end": { "line": 25, "column": null } },
        "type": "if",
        "locations": [
          { "start": { "line": 21, "column": 2 }, "end": { "line": 25, "column": null } },
          { "start": { "line": 23, "column": 2 }, "end": { "line": 25, "column": null } }
        ],
        "line": 21
      },
      "4": {
        "loc": { "start": { "line": 23, "column": 2 }, "end": { "line": 25, "column": null } },
        "type": "if",
        "locations": [
          { "start": { "line": 23, "column": 2 }, "end": { "line": 25, "column": null } },
          { "start": {}, "end": {} }
        ],
        "line": 23
      },
      "5": {
        "loc": { "start": { "line": 28, "column": 4 }, "end": { "line": 32, "column": null } },
        "type": "if",
        "locations": [
          { "start": { "line": 28, "column": 4 }, "end": { "line": 32, "column": null } },
          { "start": { "line": 30, "column": 11 }, "end": { "line": 32, "column": null } }
        ],
        "line": 28
      }
    },
    "s": {
      "0": 5,
      "1": 5,
      "2": 5,
      "3": 5,
      "4": 5,
      "5": 1,
      "6": 1,
      "7": 4,
      "8": 1,
      "9": 3,
      "10": 0,
      "11": 5,
      "12": 2,
      "13": 1,
      "14": 1,
      "15": 5,
      "16": 1
    },
    "f": { "0": 5, "1": 2, "2": 1 },
    "b": { "0": [5, 1], "1": [1, 4], "2": [1, 0, 0], "3": [1, 3], "4": [0, 3], "5": [1, 1] },
    "meta": {
      "lastBranch": 6,
      "lastFunction": 3,
      "lastStatement": 17,
      "seen": {
        "f:8:16:8:30": 0,
        "s:12:8:12:Infinity": 0,
        "s:13:16:13:Infinity": 1,
        "b:13:16:13:30:13:30:13:Infinity": 0,
        "s:15:16:15:Infinity": 2,
        "s:16:14:16:Infinity": 3,
        "b:18:2:25:Infinity:21:2:25:Infinity": 1,
        "s:18:2:25:Infinity": 4,
        "s:19:4:19:Infinity": 5,
        "s:20:4:20:Infinity": 6,
        "b:20:14:20:34:20:34:20:57:20:57:20:Infinity": 2,
        "b:21:2:25:Infinity:23:2:25:Infinity": 3,
        "s:21:2:25:Infinity": 7,
        "s:22:4:22:Infinity": 8,
        "b:23:2:25:Infinity:undefined:undefined:undefined:undefined": 4,
        "s:23:2:25:Infinity": 9,
        "s:24:4:24:Infinity": 10,
        "s:27:22:33:Infinity": 11,
        "f:27:22:27:28": 1,
        "b:28:4:32:Infinity:30:11:32:Infinity": 5,
        "s:28:4:32:Infinity": 12,
        "s:29:6:29:Infinity": 13,
        "s:31:6:31:Infinity": 14,
        "s:35:2:70:Infinity": 15,
        "f:60:64:60:71": 2,
        "s:60:71:60:Infinity": 16
      }
    }
  },
  "D:\\popka\\SkillsZen\\SkillsZen\\src\\components\\shared\\PageLayout.tsx": {
    "path": "D:\\popka\\SkillsZen\\SkillsZen\\src\\components\\shared\\PageLayout.tsx",
    "statementMap": {
      "0": { "start": { "line": 10, "column": 46 }, "end": { "line": 26, "column": null } },
      "1": { "start": { "line": 11, "column": 2 }, "end": { "line": 24, "column": null } }
    },
    "fnMap": {
      "0": {
        "name": "(anonymous_0)",
        "decl": { "start": { "line": 10, "column": 46 }, "end": { "line": 10, "column": 47 } },
        "loc": { "start": { "line": 10, "column": 92 }, "end": { "line": 26, "column": null } },
        "line": 10
      }
    },
    "branchMap": {
      "0": {
        "loc": { "start": { "line": 15, "column": 8 }, "end": { "line": 20, "column": null } },
        "type": "cond-expr",
        "locations": [
          { "start": { "line": 16, "column": 12 }, "end": { "line": 19, "column": null } },
          { "start": { "line": 20, "column": 12 }, "end": { "line": 20, "column": null } }
        ],
        "line": 15
      },
      "1": {
        "loc": { "start": { "line": 18, "column": 36 }, "end": { "line": 18, "column": null } },
        "type": "cond-expr",
        "locations": [
          { "start": { "line": 18, "column": 62 }, "end": { "line": 18, "column": 72 } },
          { "start": { "line": 18, "column": 72 }, "end": { "line": 18, "column": null } }
        ],
        "line": 18
      }
    },
    "s": { "0": 1, "1": 0 },
    "f": { "0": 0 },
    "b": { "0": [0, 0], "1": [0, 0] },
    "meta": {
      "lastBranch": 2,
      "lastFunction": 1,
      "lastStatement": 2,
      "seen": {
        "s:10:46:26:Infinity": 0,
        "f:10:46:10:47": 0,
        "s:11:2:24:Infinity": 1,
        "b:16:12:19:Infinity:20:12:20:Infinity": 0,
        "b:18:62:18:72:18:72:18:Infinity": 1
      }
    }
  },
  "D:\\popka\\SkillsZen\\SkillsZen\\src\\components\\shared\\PageLoader.tsx": {
    "path": "D:\\popka\\SkillsZen\\SkillsZen\\src\\components\\shared\\PageLoader.tsx",
    "statementMap": {
      "0": { "start": { "line": 3, "column": 26 }, "end": { "line": 43, "column": null } },
      "1": { "start": { "line": 4, "column": 2 }, "end": { "line": 41, "column": null } }
    },
    "fnMap": {
      "0": {
        "name": "(anonymous_0)",
        "decl": { "start": { "line": 3, "column": 26 }, "end": { "line": 3, "column": 32 } },
        "loc": { "start": { "line": 3, "column": 32 }, "end": { "line": 43, "column": null } },
        "line": 3
      }
    },
    "branchMap": {},
    "s": { "0": 4, "1": 16 },
    "f": { "0": 16 },
    "b": {},
    "meta": {
      "lastBranch": 0,
      "lastFunction": 1,
      "lastStatement": 2,
      "seen": { "s:3:26:43:Infinity": 0, "f:3:26:3:32": 0, "s:4:2:41:Infinity": 1 }
    }
  },
  "D:\\popka\\SkillsZen\\SkillsZen\\src\\components\\shared\\ProgressBar.tsx": {
    "path": "D:\\popka\\SkillsZen\\SkillsZen\\src\\components\\shared\\ProgressBar.tsx",
    "statementMap": {
      "0": { "start": { "line": 8, "column": 57 }, "end": { "line": 19, "column": null } },
      "1": { "start": { "line": 9, "column": 26 }, "end": { "line": 9, "column": null } },
      "2": { "start": { "line": 11, "column": 2 }, "end": { "line": 17, "column": null } },
      "3": { "start": { "line": 28, "column": 54 }, "end": { "line": 72, "column": null } },
      "4": { "start": { "line": 34, "column": 18 }, "end": { "line": 38, "column": null } },
      "5": { "start": { "line": 40, "column": 2 }, "end": { "line": 70, "column": null } }
    },
    "fnMap": {
      "0": {
        "name": "(anonymous_0)",
        "decl": { "start": { "line": 8, "column": 57 }, "end": { "line": 8, "column": 58 } },
        "loc": { "start": { "line": 8, "column": 89 }, "end": { "line": 19, "column": null } },
        "line": 8
      },
      "1": {
        "name": "(anonymous_1)",
        "decl": { "start": { "line": 28, "column": 54 }, "end": { "line": 28, "column": 55 } },
        "loc": { "start": { "line": 33, "column": 6 }, "end": { "line": 72, "column": null } },
        "line": 33
      }
    },
    "branchMap": {
      "0": {
        "loc": { "start": { "line": 8, "column": 60 }, "end": { "line": 8, "column": 73 } },
        "type": "default-arg",
        "locations": [{ "start": { "line": 8, "column": 70 }, "end": { "line": 8, "column": 73 } }],
        "line": 8
      },
      "1": {
        "loc": { "start": { "line": 8, "column": 73 }, "end": { "line": 8, "column": 83 } },
        "type": "default-arg",
        "locations": [{ "start": { "line": 8, "column": 81 }, "end": { "line": 8, "column": 83 } }],
        "line": 8
      },
      "2": {
        "loc": { "start": { "line": 9, "column": 26 }, "end": { "line": 9, "column": null } },
        "type": "cond-expr",
        "locations": [
          { "start": { "line": 9, "column": 39 }, "end": { "line": 9, "column": 64 } },
          { "start": { "line": 9, "column": 64 }, "end": { "line": 9, "column": null } }
        ],
        "line": 9
      },
      "3": {
        "loc": { "start": { "line": 30, "column": 2 }, "end": { "line": 30, "column": null } },
        "type": "default-arg",
        "locations": [
          { "start": { "line": 30, "column": 16 }, "end": { "line": 30, "column": null } }
        ],
        "line": 30
      },
      "4": {
        "loc": { "start": { "line": 31, "column": 2 }, "end": { "line": 31, "column": null } },
        "type": "default-arg",
        "locations": [
          { "start": { "line": 31, "column": 14 }, "end": { "line": 31, "column": null } }
        ],
        "line": 31
      },
      "5": {
        "loc": { "start": { "line": 32, "column": 2 }, "end": { "line": 32, "column": null } },
        "type": "default-arg",
        "locations": [
          { "start": { "line": 32, "column": 9 }, "end": { "line": 32, "column": null } }
        ],
        "line": 32
      },
      "6": {
        "loc": { "start": { "line": 47, "column": 12 }, "end": { "line": 49, "column": null } },
        "type": "cond-expr",
        "locations": [
          { "start": { "line": 48, "column": 16 }, "end": { "line": 48, "column": null } },
          { "start": { "line": 49, "column": 16 }, "end": { "line": 49, "column": null } }
        ],
        "line": 47
      },
      "7": {
        "loc": { "start": { "line": 57, "column": 7 }, "end": { "line": 68, "column": null } },
        "type": "binary-expr",
        "locations": [
          { "start": { "line": 57, "column": 7 }, "end": { "line": 57, "column": null } },
          { "start": { "line": 58, "column": 8 }, "end": { "line": 68, "column": null } }
        ],
        "line": 57
      },
      "8": {
        "loc": { "start": { "line": 59, "column": 27 }, "end": { "line": 59, "column": null } },
        "type": "cond-expr",
        "locations": [
          { "start": { "line": 59, "column": 41 }, "end": { "line": 59, "column": 61 } },
          { "start": { "line": 59, "column": 61 }, "end": { "line": 59, "column": null } }
        ],
        "line": 59
      },
      "9": {
        "loc": { "start": { "line": 62, "column": 11 }, "end": { "line": 66, "column": null } },
        "type": "binary-expr",
        "locations": [
          { "start": { "line": 62, "column": 11 }, "end": { "line": 62, "column": null } },
          { "start": { "line": 63, "column": 12 }, "end": { "line": 66, "column": null } }
        ],
        "line": 62
      }
    },
    "s": { "0": 3, "1": 0, "2": 0, "3": 3, "4": 13, "5": 13 },
    "f": { "0": 0, "1": 13 },
    "b": {
      "0": [0],
      "1": [0],
      "2": [0, 0],
      "3": [13],
      "4": [13],
      "5": [13],
      "6": [1, 12],
      "7": [13, 13],
      "8": [1, 12],
      "9": [13, 1]
    },
    "meta": {
      "lastBranch": 10,
      "lastFunction": 2,
      "lastStatement": 6,
      "seen": {
        "s:8:57:19:Infinity": 0,
        "f:8:57:8:58": 0,
        "b:8:70:8:73": 0,
        "b:8:81:8:83": 1,
        "s:9:26:9:Infinity": 1,
        "b:9:39:9:64:9:64:9:Infinity": 2,
        "s:11:2:17:Infinity": 2,
        "s:28:54:72:Infinity": 3,
        "f:28:54:28:55": 1,
        "b:30:16:30:Infinity": 3,
        "b:31:14:31:Infinity": 4,
        "b:32:9:32:Infinity": 5,
        "s:34:18:38:Infinity": 4,
        "s:40:2:70:Infinity": 5,
        "b:48:16:48:Infinity:49:16:49:Infinity": 6,
        "b:57:7:57:Infinity:58:8:68:Infinity": 7,
        "b:59:41:59:61:59:61:59:Infinity": 8,
        "b:62:11:62:Infinity:63:12:66:Infinity": 9
      }
    }
  },
  "D:\\popka\\SkillsZen\\SkillsZen\\src\\components\\shared\\ResetConfirmModal.tsx": {
    "path": "D:\\popka\\SkillsZen\\SkillsZen\\src\\components\\shared\\ResetConfirmModal.tsx",
    "statementMap": {
      "0": { "start": { "line": 3, "column": 26 }, "end": { "line": 54, "column": null } },
      "1": { "start": { "line": 12, "column": 2 }, "end": { "line": 12, "column": null } },
      "2": { "start": { "line": 12, "column": 15 }, "end": { "line": 12, "column": null } },
      "3": { "start": { "line": 14, "column": 2 }, "end": { "line": 52, "column": null } },
      "4": { "start": { "line": 43, "column": 14 }, "end": { "line": 43, "column": null } },
      "5": { "start": { "line": 44, "column": 14 }, "end": { "line": 44, "column": null } }
    },
    "fnMap": {
      "0": {
        "name": "(anonymous_0)",
        "decl": { "start": { "line": 3, "column": 26 }, "end": { "line": 3, "column": 27 } },
        "loc": { "start": { "line": 11, "column": 6 }, "end": { "line": 54, "column": null } },
        "line": 11
      },
      "1": {
        "name": "(anonymous_1)",
        "decl": { "start": { "line": 42, "column": 21 }, "end": { "line": 42, "column": 27 } },
        "loc": { "start": { "line": 42, "column": 27 }, "end": { "line": 45, "column": null } },
        "line": 42
      }
    },
    "branchMap": {
      "0": {
        "loc": { "start": { "line": 12, "column": 2 }, "end": { "line": 12, "column": null } },
        "type": "if",
        "locations": [
          { "start": { "line": 12, "column": 2 }, "end": { "line": 12, "column": null } },
          { "start": {}, "end": {} }
        ],
        "line": 12
      }
    },
    "s": { "0": 1, "1": 10, "2": 9, "3": 1, "4": 1, "5": 1 },
    "f": { "0": 10, "1": 1 },
    "b": { "0": [9, 1] },
    "meta": {
      "lastBranch": 1,
      "lastFunction": 2,
      "lastStatement": 6,
      "seen": {
        "s:3:26:54:Infinity": 0,
        "f:3:26:3:27": 0,
        "b:12:2:12:Infinity:undefined:undefined:undefined:undefined": 0,
        "s:12:2:12:Infinity": 1,
        "s:12:15:12:Infinity": 2,
        "s:14:2:52:Infinity": 3,
        "f:42:21:42:27": 1,
        "s:43:14:43:Infinity": 4,
        "s:44:14:44:Infinity": 5
      }
    }
  },
  "D:\\popka\\SkillsZen\\SkillsZen\\src\\components\\shared\\SuspenseLayout.tsx": {
    "path": "D:\\popka\\SkillsZen\\SkillsZen\\src\\components\\shared\\SuspenseLayout.tsx",
    "statementMap": {
      "0": { "start": { "line": 5, "column": 30 }, "end": { "line": 13, "column": null } },
      "1": { "start": { "line": 6, "column": 8 }, "end": { "line": 6, "column": null } },
      "2": { "start": { "line": 8, "column": 2 }, "end": { "line": 11, "column": null } }
    },
    "fnMap": {
      "0": {
        "name": "(anonymous_0)",
        "decl": { "start": { "line": 5, "column": 30 }, "end": { "line": 5, "column": 36 } },
        "loc": { "start": { "line": 5, "column": 36 }, "end": { "line": 13, "column": null } },
        "line": 5
      }
    },
    "branchMap": {},
    "s": { "0": 1, "1": 1, "2": 1 },
    "f": { "0": 1 },
    "b": {},
    "meta": {
      "lastBranch": 0,
      "lastFunction": 1,
      "lastStatement": 3,
      "seen": {
        "s:5:30:13:Infinity": 0,
        "f:5:30:5:36": 0,
        "s:6:8:6:Infinity": 1,
        "s:8:2:11:Infinity": 2
      }
    }
  },
  "D:\\popka\\SkillsZen\\SkillsZen\\src\\components\\shared\\TaskCodingCard.tsx": {
    "path": "D:\\popka\\SkillsZen\\SkillsZen\\src\\components\\shared\\TaskCodingCard.tsx",
    "statementMap": {
      "0": { "start": { "line": 14, "column": 42 }, "end": { "line": 116, "column": null } },
      "1": { "start": { "line": 15, "column": 19 }, "end": { "line": 15, "column": null } },
      "2": { "start": { "line": 16, "column": 19 }, "end": { "line": 16, "column": null } },
      "3": { "start": { "line": 18, "column": 2 }, "end": { "line": 114, "column": null } }
    },
    "fnMap": {
      "0": {
        "name": "(anonymous_0)",
        "decl": { "start": { "line": 14, "column": 42 }, "end": { "line": 14, "column": 43 } },
        "loc": { "start": { "line": 14, "column": 80 }, "end": { "line": 116, "column": null } },
        "line": 14
      }
    },
    "branchMap": {
      "0": {
        "loc": { "start": { "line": 23, "column": 10 }, "end": { "line": 27, "column": null } },
        "type": "cond-expr",
        "locations": [
          { "start": { "line": 24, "column": 14 }, "end": { "line": 24, "column": null } },
          { "start": { "line": 25, "column": 14 }, "end": { "line": 27, "column": null } }
        ],
        "line": 23
      },
      "1": {
        "loc": { "start": { "line": 25, "column": 14 }, "end": { "line": 27, "column": null } },
        "type": "cond-expr",
        "locations": [
          { "start": { "line": 26, "column": 16 }, "end": { "line": 26, "column": null } },
          { "start": { "line": 27, "column": 16 }, "end": { "line": 27, "column": null } }
        ],
        "line": 25
      },
      "2": {
        "loc": { "start": { "line": 33, "column": 12 }, "end": { "line": 37, "column": null } },
        "type": "cond-expr",
        "locations": [
          { "start": { "line": 34, "column": 16 }, "end": { "line": 34, "column": null } },
          { "start": { "line": 35, "column": 16 }, "end": { "line": 37, "column": null } }
        ],
        "line": 33
      },
      "3": {
        "loc": { "start": { "line": 35, "column": 16 }, "end": { "line": 37, "column": null } },
        "type": "cond-expr",
        "locations": [
          { "start": { "line": 36, "column": 18 }, "end": { "line": 36, "column": null } },
          { "start": { "line": 37, "column": 18 }, "end": { "line": 37, "column": null } }
        ],
        "line": 35
      },
      "4": {
        "loc": { "start": { "line": 40, "column": 11 }, "end": { "line": 45, "column": null } },
        "type": "cond-expr",
        "locations": [
          { "start": { "line": 41, "column": 12 }, "end": { "line": 41, "column": null } },
          { "start": { "line": 42, "column": 14 }, "end": { "line": 45, "column": null } }
        ],
        "line": 40
      },
      "5": {
        "loc": { "start": { "line": 42, "column": 14 }, "end": { "line": 45, "column": null } },
        "type": "cond-expr",
        "locations": [
          { "start": { "line": 43, "column": 12 }, "end": { "line": 43, "column": null } },
          { "start": { "line": 45, "column": 12 }, "end": { "line": 45, "column": null } }
        ],
        "line": 42
      },
      "6": {
        "loc": { "start": { "line": 52, "column": 14 }, "end": { "line": 52, "column": null } },
        "type": "cond-expr",
        "locations": [
          { "start": { "line": 52, "column": 25 }, "end": { "line": 52, "column": 47 } },
          { "start": { "line": 52, "column": 47 }, "end": { "line": 52, "column": null } }
        ],
        "line": 52
      },
      "7": {
        "loc": { "start": { "line": 52, "column": 47 }, "end": { "line": 52, "column": null } },
        "type": "cond-expr",
        "locations": [
          { "start": { "line": 52, "column": 58 }, "end": { "line": 52, "column": 78 } },
          { "start": { "line": 52, "column": 78 }, "end": { "line": 52, "column": null } }
        ],
        "line": 52
      },
      "8": {
        "loc": { "start": { "line": 61, "column": 16 }, "end": { "line": 65, "column": null } },
        "type": "cond-expr",
        "locations": [
          { "start": { "line": 62, "column": 20 }, "end": { "line": 62, "column": null } },
          { "start": { "line": 63, "column": 20 }, "end": { "line": 65, "column": null } }
        ],
        "line": 61
      },
      "9": {
        "loc": { "start": { "line": 63, "column": 20 }, "end": { "line": 65, "column": null } },
        "type": "cond-expr",
        "locations": [
          { "start": { "line": 64, "column": 22 }, "end": { "line": 64, "column": null } },
          { "start": { "line": 65, "column": 22 }, "end": { "line": 65, "column": null } }
        ],
        "line": 63
      },
      "10": {
        "loc": { "start": { "line": 73, "column": 13 }, "end": { "line": 82, "column": null } },
        "type": "cond-expr",
        "locations": [
          { "start": { "line": 74, "column": 14 }, "end": { "line": 76, "column": null } },
          { "start": { "line": 77, "column": 16 }, "end": { "line": 82, "column": null } }
        ],
        "line": 73
      },
      "11": {
        "loc": { "start": { "line": 77, "column": 16 }, "end": { "line": 82, "column": null } },
        "type": "cond-expr",
        "locations": [
          { "start": { "line": 78, "column": 14 }, "end": { "line": 78, "column": null } },
          { "start": { "line": 80, "column": 14 }, "end": { "line": 82, "column": null } }
        ],
        "line": 77
      },
      "12": {
        "loc": { "start": { "line": 92, "column": 14 }, "end": { "line": 96, "column": null } },
        "type": "cond-expr",
        "locations": [
          { "start": { "line": 93, "column": 18 }, "end": { "line": 93, "column": null } },
          { "start": { "line": 94, "column": 18 }, "end": { "line": 96, "column": null } }
        ],
        "line": 92
      },
      "13": {
        "loc": { "start": { "line": 94, "column": 18 }, "end": { "line": 96, "column": null } },
        "type": "cond-expr",
        "locations": [
          { "start": { "line": 95, "column": 20 }, "end": { "line": 95, "column": null } },
          { "start": { "line": 96, "column": 20 }, "end": { "line": 96, "column": null } }
        ],
        "line": 94
      },
      "14": {
        "loc": { "start": { "line": 99, "column": 11 }, "end": { "line": 102, "column": null } },
        "type": "cond-expr",
        "locations": [
          { "start": { "line": 100, "column": 12 }, "end": { "line": 100, "column": null } },
          { "start": { "line": 102, "column": 12 }, "end": { "line": 102, "column": null } }
        ],
        "line": 99
      },
      "15": {
        "loc": { "start": { "line": 109, "column": 10 }, "end": { "line": 109, "column": null } },
        "type": "cond-expr",
        "locations": [
          { "start": { "line": 109, "column": 21 }, "end": { "line": 109, "column": 40 } },
          { "start": { "line": 109, "column": 40 }, "end": { "line": 109, "column": null } }
        ],
        "line": 109
      },
      "16": {
        "loc": { "start": { "line": 109, "column": 40 }, "end": { "line": 109, "column": null } },
        "type": "cond-expr",
        "locations": [
          { "start": { "line": 109, "column": 51 }, "end": { "line": 109, "column": 68 } },
          { "start": { "line": 109, "column": 68 }, "end": { "line": 109, "column": null } }
        ],
        "line": 109
      }
    },
    "s": { "0": 1, "1": 6, "2": 6, "3": 6 },
    "f": { "0": 6 },
    "b": {
      "0": [3, 3],
      "1": [0, 3],
      "2": [3, 3],
      "3": [0, 3],
      "4": [3, 3],
      "5": [0, 3],
      "6": [3, 3],
      "7": [0, 3],
      "8": [3, 3],
      "9": [0, 3],
      "10": [3, 3],
      "11": [0, 3],
      "12": [3, 3],
      "13": [0, 3],
      "14": [3, 3],
      "15": [3, 3],
      "16": [0, 3]
    },
    "meta": {
      "lastBranch": 17,
      "lastFunction": 1,
      "lastStatement": 4,
      "seen": {
        "s:14:42:116:Infinity": 0,
        "f:14:42:14:43": 0,
        "s:15:19:15:Infinity": 1,
        "s:16:19:16:Infinity": 2,
        "s:18:2:114:Infinity": 3,
        "b:24:14:24:Infinity:25:14:27:Infinity": 0,
        "b:26:16:26:Infinity:27:16:27:Infinity": 1,
        "b:34:16:34:Infinity:35:16:37:Infinity": 2,
        "b:36:18:36:Infinity:37:18:37:Infinity": 3,
        "b:41:12:41:Infinity:42:14:45:Infinity": 4,
        "b:43:12:43:Infinity:45:12:45:Infinity": 5,
        "b:52:25:52:47:52:47:52:Infinity": 6,
        "b:52:58:52:78:52:78:52:Infinity": 7,
        "b:62:20:62:Infinity:63:20:65:Infinity": 8,
        "b:64:22:64:Infinity:65:22:65:Infinity": 9,
        "b:74:14:76:Infinity:77:16:82:Infinity": 10,
        "b:78:14:78:Infinity:80:14:82:Infinity": 11,
        "b:93:18:93:Infinity:94:18:96:Infinity": 12,
        "b:95:20:95:Infinity:96:20:96:Infinity": 13,
        "b:100:12:100:Infinity:102:12:102:Infinity": 14,
        "b:109:21:109:40:109:40:109:Infinity": 15,
        "b:109:51:109:68:109:68:109:Infinity": 16
      }
    }
  },
  "D:\\popka\\SkillsZen\\SkillsZen\\src\\components\\shared\\TaskDescription.tsx": {
    "path": "D:\\popka\\SkillsZen\\SkillsZen\\src\\components\\shared\\TaskDescription.tsx",
    "statementMap": {
      "0": { "start": { "line": 9, "column": 56 }, "end": { "line": 17, "column": null } },
      "1": { "start": { "line": 10, "column": 2 }, "end": { "line": 17, "column": null } }
    },
    "fnMap": {
      "0": {
        "name": "(anonymous_0)",
        "decl": { "start": { "line": 9, "column": 56 }, "end": { "line": 9, "column": 57 } },
        "loc": { "start": { "line": 10, "column": 2 }, "end": { "line": 17, "column": null } },
        "line": 10
      }
    },
    "branchMap": {
      "0": {
        "loc": { "start": { "line": 15, "column": 22 }, "end": { "line": 15, "column": 33 } },
        "type": "binary-expr",
        "locations": [
          { "start": { "line": 15, "column": 22 }, "end": { "line": 15, "column": 30 } },
          { "start": { "line": 15, "column": 30 }, "end": { "line": 15, "column": 33 } }
        ],
        "line": 15
      }
    },
    "s": { "0": 1, "1": 10 },
    "f": { "0": 10 },
    "b": { "0": [10, 0] },
    "meta": {
      "lastBranch": 1,
      "lastFunction": 1,
      "lastStatement": 2,
      "seen": {
        "s:9:56:17:Infinity": 0,
        "f:9:56:9:57": 0,
        "s:10:2:17:Infinity": 1,
        "b:15:22:15:30:15:30:15:33": 0
      }
    }
  },
  "D:\\popka\\SkillsZen\\SkillsZen\\src\\components\\shared\\TasksCodingHeader.tsx": {
    "path": "D:\\popka\\SkillsZen\\SkillsZen\\src\\components\\shared\\TasksCodingHeader.tsx",
    "statementMap": {
      "0": { "start": { "line": 12, "column": 48 }, "end": { "line": 70, "column": null } },
      "1": { "start": { "line": 18, "column": 2 }, "end": { "line": 68, "column": null } }
    },
    "fnMap": {
      "0": {
        "name": "(anonymous_0)",
        "decl": { "start": { "line": 12, "column": 48 }, "end": { "line": 12, "column": 49 } },
        "loc": { "start": { "line": 17, "column": 6 }, "end": { "line": 70, "column": null } },
        "line": 17
      }
    },
    "branchMap": {
      "0": {
        "loc": { "start": { "line": 39, "column": 14 }, "end": { "line": 41, "column": null } },
        "type": "cond-expr",
        "locations": [
          { "start": { "line": 40, "column": 18 }, "end": { "line": 40, "column": null } },
          { "start": { "line": 41, "column": 18 }, "end": { "line": 41, "column": null } }
        ],
        "line": 39
      },
      "1": {
        "loc": { "start": { "line": 44, "column": 41 }, "end": { "line": 44, "column": 83 } },
        "type": "cond-expr",
        "locations": [
          { "start": { "line": 44, "column": 60 }, "end": { "line": 44, "column": 79 } },
          { "start": { "line": 44, "column": 79 }, "end": { "line": 44, "column": 83 } }
        ],
        "line": 44
      },
      "2": {
        "loc": { "start": { "line": 61, "column": 11 }, "end": { "line": 64, "column": null } },
        "type": "binary-expr",
        "locations": [
          { "start": { "line": 61, "column": 11 }, "end": { "line": 61, "column": null } },
          { "start": { "line": 62, "column": 12 }, "end": { "line": 64, "column": null } }
        ],
        "line": 61
      }
    },
    "s": { "0": 1, "1": 5 },
    "f": { "0": 5 },
    "b": { "0": [0, 5], "1": [0, 5], "2": [5, 0] },
    "meta": {
      "lastBranch": 3,
      "lastFunction": 1,
      "lastStatement": 2,
      "seen": {
        "s:12:48:70:Infinity": 0,
        "f:12:48:12:49": 0,
        "s:18:2:68:Infinity": 1,
        "b:40:18:40:Infinity:41:18:41:Infinity": 0,
        "b:44:60:44:79:44:79:44:83": 1,
        "b:61:11:61:Infinity:62:12:64:Infinity": 2
      }
    }
  },
  "D:\\popka\\SkillsZen\\SkillsZen\\src\\components\\shared\\TerminalConsole.tsx": {
    "path": "D:\\popka\\SkillsZen\\SkillsZen\\src\\components\\shared\\TerminalConsole.tsx",
    "statementMap": {
      "0": { "start": { "line": 10, "column": 56 }, "end": { "line": 69, "column": null } },
      "1": { "start": { "line": 11, "column": 20 }, "end": { "line": 17, "column": null } },
      "2": { "start": { "line": 12, "column": 4 }, "end": { "line": 12, "column": null } },
      "3": { "start": { "line": 12, "column": 19 }, "end": { "line": 12, "column": null } },
      "4": { "start": { "line": 13, "column": 4 }, "end": { "line": 13, "column": null } },
      "5": { "start": { "line": 13, "column": 53 }, "end": { "line": 13, "column": null } },
      "6": { "start": { "line": 14, "column": 4 }, "end": { "line": 14, "column": null } },
      "7": { "start": { "line": 14, "column": 37 }, "end": { "line": 14, "column": null } },
      "8": { "start": { "line": 15, "column": 4 }, "end": { "line": 15, "column": null } },
      "9": { "start": { "line": 15, "column": 37 }, "end": { "line": 15, "column": null } },
      "10": { "start": { "line": 16, "column": 4 }, "end": { "line": 16, "column": null } },
      "11": { "start": { "line": 19, "column": 17 }, "end": { "line": 19, "column": null } },
      "12": { "start": { "line": 21, "column": 2 }, "end": { "line": 67, "column": null } },
      "13": { "start": { "line": 45, "column": 10 }, "end": { "line": 63, "column": null } }
    },
    "fnMap": {
      "0": {
        "name": "(anonymous_0)",
        "decl": { "start": { "line": 10, "column": 56 }, "end": { "line": 10, "column": 57 } },
        "loc": { "start": { "line": 10, "column": 92 }, "end": { "line": 69, "column": null } },
        "line": 10
      },
      "1": {
        "name": "(anonymous_1)",
        "decl": { "start": { "line": 11, "column": 20 }, "end": { "line": 11, "column": 26 } },
        "loc": { "start": { "line": 11, "column": 26 }, "end": { "line": 17, "column": null } },
        "line": 11
      },
      "2": {
        "name": "(anonymous_2)",
        "decl": { "start": { "line": 44, "column": 32 }, "end": { "line": 44, "column": 33 } },
        "loc": { "start": { "line": 45, "column": 10 }, "end": { "line": 63, "column": null } },
        "line": 45
      }
    },
    "branchMap": {
      "0": {
        "loc": { "start": { "line": 12, "column": 4 }, "end": { "line": 12, "column": null } },
        "type": "if",
        "locations": [
          { "start": { "line": 12, "column": 4 }, "end": { "line": 12, "column": null } },
          { "start": {}, "end": {} }
        ],
        "line": 12
      },
      "1": {
        "loc": { "start": { "line": 13, "column": 4 }, "end": { "line": 13, "column": null } },
        "type": "if",
        "locations": [
          { "start": { "line": 13, "column": 4 }, "end": { "line": 13, "column": null } },
          { "start": {}, "end": {} }
        ],
        "line": 13
      },
      "2": {
        "loc": { "start": { "line": 13, "column": 8 }, "end": { "line": 13, "column": 53 } },
        "type": "binary-expr",
        "locations": [
          { "start": { "line": 13, "column": 8 }, "end": { "line": 13, "column": 19 } },
          { "start": { "line": 13, "column": 19 }, "end": { "line": 13, "column": 53 } }
        ],
        "line": 13
      },
      "3": {
        "loc": { "start": { "line": 14, "column": 4 }, "end": { "line": 14, "column": null } },
        "type": "if",
        "locations": [
          { "start": { "line": 14, "column": 4 }, "end": { "line": 14, "column": null } },
          { "start": {}, "end": {} }
        ],
        "line": 14
      },
      "4": {
        "loc": { "start": { "line": 15, "column": 4 }, "end": { "line": 15, "column": null } },
        "type": "if",
        "locations": [
          { "start": { "line": 15, "column": 4 }, "end": { "line": 15, "column": null } },
          { "start": {}, "end": {} }
        ],
        "line": 15
      },
      "5": {
        "loc": { "start": { "line": 54, "column": 16 }, "end": { "line": 58, "column": null } },
        "type": "cond-expr",
        "locations": [
          { "start": { "line": 55, "column": 20 }, "end": { "line": 55, "column": null } },
          { "start": { "line": 56, "column": 20 }, "end": { "line": 58, "column": null } }
        ],
        "line": 54
      },
      "6": {
        "loc": { "start": { "line": 56, "column": 20 }, "end": { "line": 58, "column": null } },
        "type": "cond-expr",
        "locations": [
          { "start": { "line": 57, "column": 22 }, "end": { "line": 57, "column": null } },
          { "start": { "line": 58, "column": 22 }, "end": { "line": 58, "column": null } }
        ],
        "line": 56
      }
    },
    "s": {
      "0": 1,
      "1": 2,
      "2": 2,
      "3": 1,
      "4": 1,
      "5": 0,
      "6": 1,
      "7": 1,
      "8": 1,
      "9": 1,
      "10": 1,
      "11": 2,
      "12": 2,
      "13": 2
    },
    "f": { "0": 2, "1": 2, "2": 2 },
    "b": {
      "0": [1, 1],
      "1": [0, 1],
      "2": [1, 1],
      "3": [0, 1],
      "4": [0, 1],
      "5": [0, 2],
      "6": [0, 2]
    },
    "meta": {
      "lastBranch": 7,
      "lastFunction": 3,
      "lastStatement": 14,
      "seen": {
        "s:10:56:69:Infinity": 0,
        "f:10:56:10:57": 0,
        "s:11:20:17:Infinity": 1,
        "f:11:20:11:26": 1,
        "b:12:4:12:Infinity:undefined:undefined:undefined:undefined": 0,
        "s:12:4:12:Infinity": 2,
        "s:12:19:12:Infinity": 3,
        "b:13:4:13:Infinity:undefined:undefined:undefined:undefined": 1,
        "s:13:4:13:Infinity": 4,
        "b:13:8:13:19:13:19:13:53": 2,
        "s:13:53:13:Infinity": 5,
        "b:14:4:14:Infinity:undefined:undefined:undefined:undefined": 3,
        "s:14:4:14:Infinity": 6,
        "s:14:37:14:Infinity": 7,
        "b:15:4:15:Infinity:undefined:undefined:undefined:undefined": 4,
        "s:15:4:15:Infinity": 8,
        "s:15:37:15:Infinity": 9,
        "s:16:4:16:Infinity": 10,
        "s:19:17:19:Infinity": 11,
        "s:21:2:67:Infinity": 12,
        "f:44:32:44:33": 2,
        "s:45:10:63:Infinity": 13,
        "b:55:20:55:Infinity:56:20:58:Infinity": 5,
        "b:57:22:57:Infinity:58:22:58:Infinity": 6
      }
    }
  },
  "D:\\popka\\SkillsZen\\SkillsZen\\src\\components\\shared\\TestResultsModal.tsx": {
    "path": "D:\\popka\\SkillsZen\\SkillsZen\\src\\components\\shared\\TestResultsModal.tsx",
    "statementMap": {
      "0": { "start": { "line": 4, "column": 25 }, "end": { "line": 70, "column": null } },
      "1": { "start": { "line": 15, "column": 8 }, "end": { "line": 15, "column": null } },
      "2": { "start": { "line": 16, "column": 2 }, "end": { "line": 16, "column": null } },
      "3": { "start": { "line": 16, "column": 15 }, "end": { "line": 16, "column": null } },
      "4": { "start": { "line": 18, "column": 22 }, "end": { "line": 18, "column": null } },
      "5": { "start": { "line": 20, "column": 2 }, "end": { "line": 68, "column": null } },
      "6": { "start": { "line": 60, "column": 29 }, "end": { "line": 60, "column": null } }
    },
    "fnMap": {
      "0": {
        "name": "(anonymous_0)",
        "decl": { "start": { "line": 4, "column": 25 }, "end": { "line": 4, "column": 26 } },
        "loc": { "start": { "line": 14, "column": 6 }, "end": { "line": 70, "column": null } },
        "line": 14
      },
      "1": {
        "name": "(anonymous_1)",
        "decl": { "start": { "line": 60, "column": 23 }, "end": { "line": 60, "column": 29 } },
        "loc": { "start": { "line": 60, "column": 29 }, "end": { "line": 60, "column": null } },
        "line": 60
      }
    },
    "branchMap": {
      "0": {
        "loc": { "start": { "line": 16, "column": 2 }, "end": { "line": 16, "column": null } },
        "type": "if",
        "locations": [
          { "start": { "line": 16, "column": 2 }, "end": { "line": 16, "column": null } },
          { "start": {}, "end": {} }
        ],
        "line": 16
      },
      "1": {
        "loc": { "start": { "line": 18, "column": 22 }, "end": { "line": 18, "column": null } },
        "type": "binary-expr",
        "locations": [
          { "start": { "line": 18, "column": 22 }, "end": { "line": 18, "column": 46 } },
          { "start": { "line": 18, "column": 46 }, "end": { "line": 18, "column": null } }
        ],
        "line": 18
      },
      "2": {
        "loc": { "start": { "line": 24, "column": 85 }, "end": { "line": 24, "column": 134 } },
        "type": "cond-expr",
        "locations": [
          { "start": { "line": 24, "column": 99 }, "end": { "line": 24, "column": 119 } },
          { "start": { "line": 24, "column": 119 }, "end": { "line": 24, "column": 134 } }
        ],
        "line": 24
      },
      "3": {
        "loc": { "start": { "line": 28, "column": 43 }, "end": { "line": 28, "column": 108 } },
        "type": "cond-expr",
        "locations": [
          { "start": { "line": 28, "column": 57 }, "end": { "line": 28, "column": 85 } },
          { "start": { "line": 28, "column": 85 }, "end": { "line": 28, "column": 108 } }
        ],
        "line": 28
      },
      "4": {
        "loc": { "start": { "line": 30, "column": 15 }, "end": { "line": 30, "column": null } },
        "type": "cond-expr",
        "locations": [
          { "start": { "line": 30, "column": 29 }, "end": { "line": 30, "column": 57 } },
          { "start": { "line": 30, "column": 57 }, "end": { "line": 30, "column": null } }
        ],
        "line": 30
      },
      "5": {
        "loc": { "start": { "line": 34, "column": 17 }, "end": { "line": 34, "column": null } },
        "type": "cond-expr",
        "locations": [
          { "start": { "line": 34, "column": 31 }, "end": { "line": 34, "column": 53 } },
          { "start": { "line": 34, "column": 53 }, "end": { "line": 34, "column": null } }
        ],
        "line": 34
      },
      "6": {
        "loc": { "start": { "line": 58, "column": 11 }, "end": { "line": 64, "column": null } },
        "type": "binary-expr",
        "locations": [
          { "start": { "line": 58, "column": 11 }, "end": { "line": 58, "column": null } },
          { "start": { "line": 59, "column": 12 }, "end": { "line": 64, "column": null } }
        ],
        "line": 58
      }
    },
    "s": { "0": 1, "1": 10, "2": 10, "3": 10, "4": 0, "5": 10, "6": 0 },
    "f": { "0": 10, "1": 0 },
    "b": {
      "0": [10, 0],
      "1": [0, 0],
      "2": [0, 0],
      "3": [0, 0],
      "4": [0, 0],
      "5": [0, 0],
      "6": [10, 0]
    },
    "meta": {
      "lastBranch": 7,
      "lastFunction": 2,
      "lastStatement": 7,
      "seen": {
        "s:4:25:70:Infinity": 0,
        "f:4:25:4:26": 0,
        "s:15:8:15:Infinity": 1,
        "b:16:2:16:Infinity:undefined:undefined:undefined:undefined": 0,
        "s:16:2:16:Infinity": 2,
        "s:16:15:16:Infinity": 3,
        "s:18:22:18:Infinity": 4,
        "b:18:22:18:46:18:46:18:Infinity": 1,
        "s:20:2:68:Infinity": 5,
        "b:24:99:24:119:24:119:24:134": 2,
        "b:28:57:28:85:28:85:28:108": 3,
        "b:30:29:30:57:30:57:30:Infinity": 4,
        "b:34:31:34:53:34:53:34:Infinity": 5,
        "b:58:11:58:Infinity:59:12:64:Infinity": 6,
        "f:60:23:60:29": 1,
        "s:60:29:60:Infinity": 6
      }
    }
  },
  "D:\\popka\\SkillsZen\\SkillsZen\\src\\components\\shared\\backButton.tsx": {
    "path": "D:\\popka\\SkillsZen\\SkillsZen\\src\\components\\shared\\backButton.tsx",
    "statementMap": {
      "0": { "start": { "line": 6, "column": 8 }, "end": { "line": 6, "column": null } },
      "1": { "start": { "line": 7, "column": 8 }, "end": { "line": 7, "column": null } },
      "2": { "start": { "line": 9, "column": 21 }, "end": { "line": 17, "column": null } },
      "3": { "start": { "line": 10, "column": 25 }, "end": { "line": 10, "column": null } },
      "4": { "start": { "line": 12, "column": 4 }, "end": { "line": 16, "column": null } },
      "5": { "start": { "line": 13, "column": 6 }, "end": { "line": 13, "column": null } },
      "6": { "start": { "line": 15, "column": 6 }, "end": { "line": 15, "column": null } },
      "7": { "start": { "line": 19, "column": 2 }, "end": { "line": 23, "column": null } }
    },
    "fnMap": {
      "0": {
        "name": "BackButton",
        "decl": { "start": { "line": 5, "column": 24 }, "end": { "line": 5, "column": 37 } },
        "loc": { "start": { "line": 5, "column": 37 }, "end": { "line": 25, "column": null } },
        "line": 5
      },
      "1": {
        "name": "(anonymous_1)",
        "decl": { "start": { "line": 9, "column": 21 }, "end": { "line": 9, "column": 27 } },
        "loc": { "start": { "line": 9, "column": 27 }, "end": { "line": 17, "column": null } },
        "line": 9
      }
    },
    "branchMap": {
      "0": {
        "loc": { "start": { "line": 10, "column": 25 }, "end": { "line": 10, "column": null } },
        "type": "binary-expr",
        "locations": [
          { "start": { "line": 10, "column": 25 }, "end": { "line": 10, "column": 65 } },
          { "start": { "line": 10, "column": 65 }, "end": { "line": 10, "column": null } }
        ],
        "line": 10
      },
      "1": {
        "loc": { "start": { "line": 12, "column": 4 }, "end": { "line": 16, "column": null } },
        "type": "if",
        "locations": [
          { "start": { "line": 12, "column": 4 }, "end": { "line": 16, "column": null } },
          { "start": { "line": 14, "column": 11 }, "end": { "line": 16, "column": null } }
        ],
        "line": 12
      }
    },
    "s": { "0": 0, "1": 0, "2": 0, "3": 0, "4": 0, "5": 0, "6": 0, "7": 0 },
    "f": { "0": 0, "1": 0 },
    "b": { "0": [0, 0], "1": [0, 0] },
    "meta": {
      "lastBranch": 2,
      "lastFunction": 2,
      "lastStatement": 8,
      "seen": {
        "f:5:24:5:37": 0,
        "s:6:8:6:Infinity": 0,
        "s:7:8:7:Infinity": 1,
        "s:9:21:17:Infinity": 2,
        "f:9:21:9:27": 1,
        "s:10:25:10:Infinity": 3,
        "b:10:25:10:65:10:65:10:Infinity": 0,
        "b:12:4:16:Infinity:14:11:16:Infinity": 1,
        "s:12:4:16:Infinity": 4,
        "s:13:6:13:Infinity": 5,
        "s:15:6:15:Infinity": 6,
        "s:19:2:23:Infinity": 7
      }
    }
  },
  "D:\\popka\\SkillsZen\\SkillsZen\\src\\components\\shared\\footer.tsx": {
    "path": "D:\\popka\\SkillsZen\\SkillsZen\\src\\components\\shared\\footer.tsx",
    "statementMap": {
      "0": { "start": { "line": 6, "column": 8 }, "end": { "line": 6, "column": null } },
      "1": { "start": { "line": 8, "column": 21 }, "end": { "line": 13, "column": null } },
      "2": { "start": { "line": 15, "column": 2 }, "end": { "line": 64, "column": null } },
      "3": { "start": { "line": 34, "column": 16 }, "end": { "line": 47, "column": null } }
    },
    "fnMap": {
      "0": {
        "name": "Footer",
        "decl": { "start": { "line": 5, "column": 16 }, "end": { "line": 5, "column": 25 } },
        "loc": { "start": { "line": 5, "column": 25 }, "end": { "line": 66, "column": null } },
        "line": 5
      },
      "1": {
        "name": "(anonymous_1)",
        "decl": { "start": { "line": 33, "column": 30 }, "end": { "line": 33, "column": 31 } },
        "loc": { "start": { "line": 34, "column": 16 }, "end": { "line": 47, "column": null } },
        "line": 34
      }
    },
    "branchMap": {},
    "s": { "0": 5, "1": 5, "2": 5, "3": 20 },
    "f": { "0": 5, "1": 20 },
    "b": {},
    "meta": {
      "lastBranch": 0,
      "lastFunction": 2,
      "lastStatement": 4,
      "seen": {
        "f:5:16:5:25": 0,
        "s:6:8:6:Infinity": 0,
        "s:8:21:13:Infinity": 1,
        "s:15:2:64:Infinity": 2,
        "f:33:30:33:31": 1,
        "s:34:16:47:Infinity": 3
      }
    }
  },
  "D:\\popka\\SkillsZen\\SkillsZen\\src\\components\\shared\\header.tsx": {
    "path": "D:\\popka\\SkillsZen\\SkillsZen\\src\\components\\shared\\header.tsx",
    "statementMap": {
      "0": { "start": { "line": 9, "column": 40 }, "end": { "line": 9, "column": null } },
      "1": { "start": { "line": 10, "column": 8 }, "end": { "line": 10, "column": null } },
      "2": { "start": { "line": 12, "column": 23 }, "end": { "line": 15, "column": null } },
      "3": { "start": { "line": 13, "column": 4 }, "end": { "line": 13, "column": null } },
      "4": { "start": { "line": 14, "column": 4 }, "end": { "line": 14, "column": null } },
      "5": { "start": { "line": 17, "column": 2 }, "end": { "line": 64, "column": null } }
    },
    "fnMap": {
      "0": {
        "name": "Header",
        "decl": { "start": { "line": 8, "column": 16 }, "end": { "line": 8, "column": 25 } },
        "loc": { "start": { "line": 8, "column": 25 }, "end": { "line": 66, "column": null } },
        "line": 8
      },
      "1": {
        "name": "(anonymous_1)",
        "decl": { "start": { "line": 12, "column": 23 }, "end": { "line": 12, "column": 35 } },
        "loc": { "start": { "line": 12, "column": 35 }, "end": { "line": 15, "column": null } },
        "line": 12
      }
    },
    "branchMap": {
      "0": {
        "loc": { "start": { "line": 27, "column": 11 }, "end": { "line": 60, "column": null } },
        "type": "cond-expr",
        "locations": [
          { "start": { "line": 28, "column": 12 }, "end": { "line": 47, "column": null } },
          { "start": { "line": 49, "column": 12 }, "end": { "line": 60, "column": null } }
        ],
        "line": 27
      },
      "1": {
        "loc": { "start": { "line": 31, "column": 36 }, "end": { "line": 31, "column": 55 } },
        "type": "binary-expr",
        "locations": [
          { "start": { "line": 31, "column": 36 }, "end": { "line": 31, "column": 51 } },
          { "start": { "line": 31, "column": 51 }, "end": { "line": 31, "column": 55 } }
        ],
        "line": 31
      },
      "2": {
        "loc": { "start": { "line": 31, "column": 60 }, "end": { "line": 31, "column": 82 } },
        "type": "binary-expr",
        "locations": [
          { "start": { "line": 31, "column": 60 }, "end": { "line": 31, "column": 74 } },
          { "start": { "line": 31, "column": 74 }, "end": { "line": 31, "column": 82 } }
        ],
        "line": 31
      },
      "3": {
        "loc": { "start": { "line": 33, "column": 21 }, "end": { "line": 33, "column": null } },
        "type": "binary-expr",
        "locations": [
          { "start": { "line": 33, "column": 21 }, "end": { "line": 33, "column": 60 } },
          { "start": { "line": 33, "column": 60 }, "end": { "line": 33, "column": null } }
        ],
        "line": 33
      }
    },
    "s": { "0": 4, "1": 4, "2": 4, "3": 1, "4": 1, "5": 4 },
    "f": { "0": 4, "1": 1 },
    "b": { "0": [2, 2], "1": [2, 2], "2": [2, 0], "3": [2, 0] },
    "meta": {
      "lastBranch": 4,
      "lastFunction": 2,
      "lastStatement": 6,
      "seen": {
        "f:8:16:8:25": 0,
        "s:9:40:9:Infinity": 0,
        "s:10:8:10:Infinity": 1,
        "s:12:23:15:Infinity": 2,
        "f:12:23:12:35": 1,
        "s:13:4:13:Infinity": 3,
        "s:14:4:14:Infinity": 4,
        "s:17:2:64:Infinity": 5,
        "b:28:12:47:Infinity:49:12:60:Infinity": 0,
        "b:31:36:31:51:31:51:31:55": 1,
        "b:31:60:31:74:31:74:31:82": 2,
        "b:33:21:33:60:33:60:33:Infinity": 3
      }
    }
  },
  "D:\\popka\\SkillsZen\\SkillsZen\\src\\components\\shared\\nextQuestionButton.tsx": {
    "path": "D:\\popka\\SkillsZen\\SkillsZen\\src\\components\\shared\\nextQuestionButton.tsx",
    "statementMap": {
      "0": { "start": { "line": 11, "column": 54 }, "end": { "line": 33, "column": null } },
      "1": { "start": { "line": 12, "column": 8 }, "end": { "line": 12, "column": null } },
      "2": { "start": { "line": 13, "column": 2 }, "end": { "line": 31, "column": null } },
      "3": { "start": { "line": 25, "column": 22 }, "end": { "line": 25, "column": null } }
    },
    "fnMap": {
      "0": {
        "name": "(anonymous_0)",
        "decl": { "start": { "line": 11, "column": 54 }, "end": { "line": 11, "column": 55 } },
        "loc": { "start": { "line": 11, "column": 81 }, "end": { "line": 33, "column": null } },
        "line": 11
      },
      "1": {
        "name": "(anonymous_1)",
        "decl": { "start": { "line": 25, "column": 15 }, "end": { "line": 25, "column": 22 } },
        "loc": { "start": { "line": 25, "column": 22 }, "end": { "line": 25, "column": null } },
        "line": 25
      }
    },
    "branchMap": {
      "0": {
        "loc": { "start": { "line": 17, "column": 8 }, "end": { "line": 22, "column": null } },
        "type": "cond-expr",
        "locations": [
          { "start": { "line": 18, "column": 12 }, "end": { "line": 21, "column": null } },
          { "start": { "line": 22, "column": 12 }, "end": { "line": 22, "column": null } }
        ],
        "line": 17
      },
      "1": {
        "loc": { "start": { "line": 25, "column": 22 }, "end": { "line": 25, "column": null } },
        "type": "cond-expr",
        "locations": [
          { "start": { "line": 25, "column": 32 }, "end": { "line": 25, "column": 44 } },
          { "start": { "line": 25, "column": 44 }, "end": { "line": 25, "column": null } }
        ],
        "line": 25
      }
    },
    "s": { "0": 1, "1": 0, "2": 0, "3": 0 },
    "f": { "0": 0, "1": 0 },
    "b": { "0": [0, 0], "1": [0, 0] },
    "meta": {
      "lastBranch": 2,
      "lastFunction": 2,
      "lastStatement": 4,
      "seen": {
        "s:11:54:33:Infinity": 0,
        "f:11:54:11:55": 0,
        "s:12:8:12:Infinity": 1,
        "s:13:2:31:Infinity": 2,
        "b:18:12:21:Infinity:22:12:22:Infinity": 0,
        "f:25:15:25:22": 1,
        "s:25:22:25:Infinity": 3,
        "b:25:32:25:44:25:44:25:Infinity": 1
      }
    }
  },
  "D:\\popka\\SkillsZen\\SkillsZen\\src\\components\\shared\\seeResultsButton.tsx": {
    "path": "D:\\popka\\SkillsZen\\SkillsZen\\src\\components\\shared\\seeResultsButton.tsx",
    "statementMap": {
      "0": { "start": { "line": 15, "column": 52 }, "end": { "line": 37, "column": null } },
      "1": { "start": { "line": 16, "column": 8 }, "end": { "line": 16, "column": null } },
      "2": { "start": { "line": 17, "column": 2 }, "end": { "line": 35, "column": null } },
      "3": { "start": { "line": 28, "column": 21 }, "end": { "line": 28, "column": null } }
    },
    "fnMap": {
      "0": {
        "name": "(anonymous_0)",
        "decl": { "start": { "line": 15, "column": 52 }, "end": { "line": 15, "column": 53 } },
        "loc": { "start": { "line": 15, "column": 78 }, "end": { "line": 37, "column": null } },
        "line": 15
      },
      "1": {
        "name": "(anonymous_1)",
        "decl": { "start": { "line": 28, "column": 15 }, "end": { "line": 28, "column": 21 } },
        "loc": { "start": { "line": 28, "column": 21 }, "end": { "line": 28, "column": null } },
        "line": 28
      }
    },
    "branchMap": {
      "0": {
        "loc": { "start": { "line": 21, "column": 8 }, "end": { "line": 26, "column": null } },
        "type": "cond-expr",
        "locations": [
          { "start": { "line": 22, "column": 12 }, "end": { "line": 25, "column": null } },
          { "start": { "line": 26, "column": 12 }, "end": { "line": 26, "column": null } }
        ],
        "line": 21
      }
    },
    "s": { "0": 1, "1": 0, "2": 0, "3": 0 },
    "f": { "0": 0, "1": 0 },
    "b": { "0": [0, 0] },
    "meta": {
      "lastBranch": 1,
      "lastFunction": 2,
      "lastStatement": 4,
      "seen": {
        "s:15:52:37:Infinity": 0,
        "f:15:52:15:53": 0,
        "s:16:8:16:Infinity": 1,
        "s:17:2:35:Infinity": 2,
        "b:22:12:25:Infinity:26:12:26:Infinity": 0,
        "f:28:15:28:21": 1,
        "s:28:21:28:Infinity": 3
      }
    }
  },
  "D:\\popka\\SkillsZen\\SkillsZen\\src\\components\\shared\\toMenuButton.tsx": {
    "path": "D:\\popka\\SkillsZen\\SkillsZen\\src\\components\\shared\\toMenuButton.tsx",
    "statementMap": {
      "0": { "start": { "line": 6, "column": 8 }, "end": { "line": 6, "column": null } },
      "1": { "start": { "line": 8, "column": 21 }, "end": { "line": 11, "column": null } },
      "2": { "start": { "line": 9, "column": 25 }, "end": { "line": 9, "column": null } },
      "3": { "start": { "line": 10, "column": 4 }, "end": { "line": 10, "column": null } },
      "4": { "start": { "line": 13, "column": 2 }, "end": { "line": 17, "column": null } }
    },
    "fnMap": {
      "0": {
        "name": "ToMenuButton",
        "decl": { "start": { "line": 5, "column": 24 }, "end": { "line": 5, "column": 39 } },
        "loc": { "start": { "line": 5, "column": 39 }, "end": { "line": 19, "column": null } },
        "line": 5
      },
      "1": {
        "name": "(anonymous_1)",
        "decl": { "start": { "line": 8, "column": 21 }, "end": { "line": 8, "column": 27 } },
        "loc": { "start": { "line": 8, "column": 27 }, "end": { "line": 11, "column": null } },
        "line": 8
      }
    },
    "branchMap": {
      "0": {
        "loc": { "start": { "line": 9, "column": 25 }, "end": { "line": 9, "column": null } },
        "type": "binary-expr",
        "locations": [
          { "start": { "line": 9, "column": 25 }, "end": { "line": 9, "column": 65 } },
          { "start": { "line": 9, "column": 65 }, "end": { "line": 9, "column": null } }
        ],
        "line": 9
      }
    },
    "s": { "0": 0, "1": 0, "2": 0, "3": 0, "4": 0 },
    "f": { "0": 0, "1": 0 },
    "b": { "0": [0, 0] },
    "meta": {
      "lastBranch": 1,
      "lastFunction": 2,
      "lastStatement": 5,
      "seen": {
        "f:5:24:5:39": 0,
        "s:6:8:6:Infinity": 0,
        "s:8:21:11:Infinity": 1,
        "f:8:21:8:27": 1,
        "s:9:25:9:Infinity": 2,
        "b:9:25:9:65:9:65:9:Infinity": 0,
        "s:10:4:10:Infinity": 3,
        "s:13:2:17:Infinity": 4
      }
    }
  },
  "D:\\popka\\SkillsZen\\SkillsZen\\src\\components\\shared\\AI chat\\ChatHeader.tsx": {
    "path": "D:\\popka\\SkillsZen\\SkillsZen\\src\\components\\shared\\AI chat\\ChatHeader.tsx",
    "statementMap": {
      "0": { "start": { "line": 10, "column": 13 }, "end": { "line": 57, "column": null } },
      "1": { "start": { "line": 11, "column": 8 }, "end": { "line": 11, "column": null } },
      "2": { "start": { "line": 13, "column": 2 }, "end": { "line": 55, "column": null } },
      "3": { "start": { "line": 59, "column": 0 }, "end": { "line": 59, "column": null } }
    },
    "fnMap": {
      "0": {
        "name": "(anonymous_0)",
        "decl": { "start": { "line": 10, "column": 58 }, "end": { "line": 10, "column": 59 } },
        "loc": { "start": { "line": 10, "column": 80 }, "end": { "line": 57, "column": 1 } },
        "line": 10
      }
    },
    "branchMap": {
      "0": {
        "loc": { "start": { "line": 11, "column": 8 }, "end": { "line": 11, "column": null } },
        "type": "binary-expr",
        "locations": [
          { "start": { "line": 11, "column": 8 }, "end": { "line": 11, "column": 56 } },
          { "start": { "line": 11, "column": 56 }, "end": { "line": 11, "column": null } }
        ],
        "line": 11
      },
      "1": {
        "loc": { "start": { "line": 11, "column": 21 }, "end": { "line": 11, "column": 39 } },
        "type": "binary-expr",
        "locations": [
          { "start": { "line": 11, "column": 21 }, "end": { "line": 11, "column": 35 } },
          { "start": { "line": 11, "column": 35 }, "end": { "line": 11, "column": 39 } }
        ],
        "line": 11
      },
      "2": {
        "loc": { "start": { "line": 42, "column": 11 }, "end": { "line": 51, "column": null } },
        "type": "cond-expr",
        "locations": [
          { "start": { "line": 43, "column": 12 }, "end": { "line": 47, "column": null } },
          { "start": { "line": 49, "column": 12 }, "end": { "line": 51, "column": null } }
        ],
        "line": 42
      },
      "3": {
        "loc": { "start": { "line": 46, "column": 19 }, "end": { "line": 46, "column": null } },
        "type": "binary-expr",
        "locations": [
          { "start": { "line": 46, "column": 19 }, "end": { "line": 46, "column": 32 } },
          { "start": { "line": 46, "column": 32 }, "end": { "line": 46, "column": null } }
        ],
        "line": 46
      }
    },
    "s": { "0": 0, "1": 0, "2": 0, "3": 0 },
    "f": { "0": 0 },
    "b": { "0": [0, 0], "1": [0, 0], "2": [0, 0], "3": [0, 0] },
    "meta": {
      "lastBranch": 4,
      "lastFunction": 1,
      "lastStatement": 4,
      "seen": {
        "s:10:13:57:Infinity": 0,
        "f:10:58:10:59": 0,
        "s:11:8:11:Infinity": 1,
        "b:11:8:11:56:11:56:11:Infinity": 0,
        "b:11:21:11:35:11:35:11:39": 1,
        "s:13:2:55:Infinity": 2,
        "b:43:12:47:Infinity:49:12:51:Infinity": 2,
        "b:46:19:46:32:46:32:46:Infinity": 3,
        "s:59:0:59:Infinity": 3
      }
    }
  },
  "D:\\popka\\SkillsZen\\SkillsZen\\src\\components\\shared\\AI chat\\ChatInput.tsx": {
    "path": "D:\\popka\\SkillsZen\\SkillsZen\\src\\components\\shared\\AI chat\\ChatInput.tsx",
    "statementMap": {
      "0": { "start": { "line": 12, "column": 51 }, "end": { "line": 36, "column": null } },
      "1": { "start": { "line": 13, "column": 15 }, "end": { "line": 13, "column": null } },
      "2": { "start": { "line": 14, "column": 2 }, "end": { "line": 34, "column": null } },
      "3": { "start": { "line": 20, "column": 27 }, "end": { "line": 20, "column": null } },
      "4": { "start": { "line": 21, "column": 28 }, "end": { "line": 21, "column": null } }
    },
    "fnMap": {
      "0": {
        "name": "(anonymous_0)",
        "decl": { "start": { "line": 12, "column": 51 }, "end": { "line": 12, "column": 52 } },
        "loc": { "start": { "line": 12, "column": 94 }, "end": { "line": 36, "column": null } },
        "line": 12
      },
      "1": {
        "name": "(anonymous_1)",
        "decl": { "start": { "line": 20, "column": 20 }, "end": { "line": 20, "column": 21 } },
        "loc": { "start": { "line": 20, "column": 27 }, "end": { "line": 20, "column": null } },
        "line": 20
      },
      "2": {
        "name": "(anonymous_2)",
        "decl": { "start": { "line": 21, "column": 21 }, "end": { "line": 21, "column": 22 } },
        "loc": { "start": { "line": 21, "column": 28 }, "end": { "line": 21, "column": null } },
        "line": 21
      }
    },
    "branchMap": {
      "0": {
        "loc": { "start": { "line": 21, "column": 28 }, "end": { "line": 21, "column": null } },
        "type": "binary-expr",
        "locations": [
          { "start": { "line": 21, "column": 28 }, "end": { "line": 21, "column": 49 } },
          { "start": { "line": 21, "column": 49 }, "end": { "line": 21, "column": null } }
        ],
        "line": 21
      },
      "1": {
        "loc": { "start": { "line": 28, "column": 20 }, "end": { "line": 28, "column": null } },
        "type": "binary-expr",
        "locations": [
          { "start": { "line": 28, "column": 20 }, "end": { "line": 28, "column": 37 } },
          { "start": { "line": 28, "column": 37 }, "end": { "line": 28, "column": null } }
        ],
        "line": 28
      }
    },
    "s": { "0": 0, "1": 0, "2": 0, "3": 0, "4": 0 },
    "f": { "0": 0, "1": 0, "2": 0 },
    "b": { "0": [0, 0], "1": [0, 0] },
    "meta": {
      "lastBranch": 2,
      "lastFunction": 3,
      "lastStatement": 5,
      "seen": {
        "s:12:51:36:Infinity": 0,
        "f:12:51:12:52": 0,
        "s:13:15:13:Infinity": 1,
        "s:14:2:34:Infinity": 2,
        "f:20:20:20:21": 1,
        "s:20:27:20:Infinity": 3,
        "f:21:21:21:22": 2,
        "s:21:28:21:Infinity": 4,
        "b:21:28:21:49:21:49:21:Infinity": 0,
        "b:28:20:28:37:28:37:28:Infinity": 1
      }
    }
  },
  "D:\\popka\\SkillsZen\\SkillsZen\\src\\components\\shared\\AI chat\\ChatMessageItem.tsx": {
    "path": "D:\\popka\\SkillsZen\\SkillsZen\\src\\components\\shared\\AI chat\\ChatMessageItem.tsx",
    "statementMap": {
      "0": { "start": { "line": 15, "column": 63 }, "end": { "line": 115, "column": null } },
      "1": { "start": { "line": 16, "column": 17 }, "end": { "line": 16, "column": null } },
      "2": { "start": { "line": 17, "column": 36 }, "end": { "line": 17, "column": null } },
      "3": { "start": { "line": 19, "column": 41 }, "end": { "line": 77, "column": null } },
      "4": { "start": { "line": 21, "column": 20 }, "end": { "line": 21, "column": null } },
      "5": { "start": { "line": 22, "column": 23 }, "end": { "line": 22, "column": null } },
      "6": { "start": { "line": 24, "column": 6 }, "end": { "line": 50, "column": null } },
      "7": { "start": { "line": 54, "column": 6 }, "end": { "line": 64, "column": null } },
      "8": { "start": { "line": 61, "column": 14 }, "end": { "line": 61, "column": null } },
      "9": { "start": { "line": 68, "column": 6 }, "end": { "line": 74, "column": null } },
      "10": { "start": { "line": 79, "column": 2 }, "end": { "line": 113, "column": null } },
      "11": { "start": { "line": 90, "column": 29 }, "end": { "line": 90, "column": null } }
    },
    "fnMap": {
      "0": {
        "name": "(anonymous_0)",
        "decl": { "start": { "line": 15, "column": 63 }, "end": { "line": 15, "column": 64 } },
        "loc": { "start": { "line": 15, "column": 87 }, "end": { "line": 115, "column": null } },
        "line": 15
      },
      "1": {
        "name": "(anonymous_1)",
        "decl": { "start": { "line": 20, "column": 4 }, "end": { "line": 20, "column": 9 } },
        "loc": { "start": { "line": 20, "column": 44 }, "end": { "line": 52, "column": null } },
        "line": 20
      },
      "2": {
        "name": "(anonymous_2)",
[...]
      "4": { "start": { "line": 10, "column": 2 }, "end": { "line": 10, "column": null } }
    },
    "fnMap": {
      "0": {
        "name": "(anonymous_0)",
        "decl": { "start": { "line": 4, "column": 30 }, "end": { "line": 4, "column": 36 } },
        "loc": { "start": { "line": 4, "column": 36 }, "end": { "line": 11, "column": null } },
        "line": 4
      }
    },
    "branchMap": {
      "0": {
        "loc": { "start": { "line": 7, "column": 2 }, "end": { "line": 9, "column": null } },
        "type": "if",
        "locations": [
          { "start": { "line": 7, "column": 2 }, "end": { "line": 9, "column": null } },
          { "start": {}, "end": {} }
        ],
        "line": 7
      }
    },
    "s": { "0": 2, "1": 3, "2": 3, "3": 2, "4": 1 },
    "f": { "0": 3 },
    "b": { "0": [2, 1] },
    "meta": {
      "lastBranch": 1,
      "lastFunction": 1,
      "lastStatement": 5,
      "seen": {
        "s:4:30:11:Infinity": 0,
        "f:4:30:4:36": 0,
        "s:5:26:5:Infinity": 1,
        "b:7:2:9:Infinity:undefined:undefined:undefined:undefined": 0,
        "s:7:2:9:Infinity": 2,
        "s:8:4:8:Infinity": 3,
        "s:10:2:10:Infinity": 4
      }
    }
  },
  "D:\\popka\\SkillsZen\\SkillsZen\\src\\router\\router.tsx": {
    "path": "D:\\popka\\SkillsZen\\SkillsZen\\src\\router\\router.tsx",
    "statementMap": {
      "0": { "start": { "line": 14, "column": 6 }, "end": { "line": 14, "column": null } },
      "1": { "start": { "line": 14, "column": 28 }, "end": { "line": 14, "column": null } },
      "2": { "start": { "line": 14, "column": 76 }, "end": { "line": 14, "column": null } },
      "3": { "start": { "line": 15, "column": 6 }, "end": { "line": 17, "column": null } },
      "4": { "start": { "line": 16, "column": 2 }, "end": { "line": 16, "column": null } },
      "5": { "start": { "line": 16, "column": 52 }, "end": { "line": 16, "column": null } },
      "6": { "start": { "line": 18, "column": 6 }, "end": { "line": 18, "column": null } },
      "7": { "start": { "line": 18, "column": 31 }, "end": { "line": 18, "column": null } },
      "8": { "start": { "line": 19, "column": 6 }, "end": { "line": 19, "column": null } },
      "9": { "start": { "line": 19, "column": 30 }, "end": { "line": 19, "column": null } },
      "10": { "start": { "line": 20, "column": 6 }, "end": { "line": 20, "column": null } },
      "11": { "start": { "line": 20, "column": 31 }, "end": { "line": 20, "column": null } },
      "12": { "start": { "line": 21, "column": 6 }, "end": { "line": 21, "column": null } },
      "13": { "start": { "line": 21, "column": 26 }, "end": { "line": 21, "column": null } },
      "14": { "start": { "line": 23, "column": 13 }, "end": { "line": 80, "column": null } }
    },
    "fnMap": {
      "0": {
        "name": "(anonymous_0)",
        "decl": { "start": { "line": 14, "column": 22 }, "end": { "line": 14, "column": 28 } },
        "loc": { "start": { "line": 14, "column": 28 }, "end": { "line": 14, "column": null } },
        "line": 14
      },
      "1": {
        "name": "(anonymous_1)",
        "decl": { "start": { "line": 14, "column": 67 }, "end": { "line": 14, "column": 74 } },
        "loc": { "start": { "line": 14, "column": 76 }, "end": { "line": 14, "column": null } },
        "line": 14
      },
      "2": {
        "name": "(anonymous_2)",
        "decl": { "start": { "line": 15, "column": 23 }, "end": { "line": 15, "column": null } },
        "loc": { "start": { "line": 16, "column": 2 }, "end": { "line": 16, "column": null } },
        "line": 16
      },
      "3": {
        "name": "(anonymous_3)",
        "decl": { "start": { "line": 16, "column": 43 }, "end": { "line": 16, "column": 50 } },
        "loc": { "start": { "line": 16, "column": 52 }, "end": { "line": 16, "column": null } },
        "line": 16
      },
      "4": {
        "name": "(anonymous_4)",
        "decl": { "start": { "line": 18, "column": 25 }, "end": { "line": 18, "column": 31 } },
        "loc": { "start": { "line": 18, "column": 31 }, "end": { "line": 18, "column": null } },
        "line": 18
      },
      "5": {
        "name": "(anonymous_5)",
        "decl": { "start": { "line": 19, "column": 24 }, "end": { "line": 19, "column": 30 } },
        "loc": { "start": { "line": 19, "column": 30 }, "end": { "line": 19, "column": null } },
        "line": 19
      },
      "6": {
        "name": "(anonymous_6)",
        "decl": { "start": { "line": 20, "column": 25 }, "end": { "line": 20, "column": 31 } },
        "loc": { "start": { "line": 20, "column": 31 }, "end": { "line": 20, "column": null } },
        "line": 20
      },
      "7": {
        "name": "(anonymous_7)",
        "decl": { "start": { "line": 21, "column": 20 }, "end": { "line": 21, "column": 26 } },
        "loc": { "start": { "line": 21, "column": 26 }, "end": { "line": 21, "column": null } },
        "line": 21
      }
    },
    "branchMap": {},
    "s": {
      "0": 1,
      "1": 0,
      "2": 0,
      "3": 1,
      "4": 1,
      "5": 1,
      "6": 1,
      "7": 0,
      "8": 1,
      "9": 0,
      "10": 1,
      "11": 0,
      "12": 1,
      "13": 0,
      "14": 1
    },
    "f": { "0": 0, "1": 0, "2": 1, "3": 1, "4": 0, "5": 0, "6": 0, "7": 0 },
    "b": {},
    "meta": {
      "lastBranch": 0,
      "lastFunction": 8,
      "lastStatement": 15,
      "seen": {
        "s:14:6:14:Infinity": 0,
        "f:14:22:14:28": 0,
        "s:14:28:14:Infinity": 1,
        "f:14:67:14:74": 1,
        "s:14:76:14:Infinity": 2,
        "s:15:6:17:Infinity": 3,
        "f:15:23:15:Infinity": 2,
        "s:16:2:16:Infinity": 4,
        "f:16:43:16:50": 3,
        "s:16:52:16:Infinity": 5,
        "s:18:6:18:Infinity": 6,
        "f:18:25:18:31": 4,
        "s:18:31:18:Infinity": 7,
        "s:19:6:19:Infinity": 8,
        "f:19:24:19:30": 5,
        "s:19:30:19:Infinity": 9,
        "s:20:6:20:Infinity": 10,
        "f:20:25:20:31": 6,
        "s:20:31:20:Infinity": 11,
        "s:21:6:21:Infinity": 12,
        "f:21:20:21:26": 7,
        "s:21:26:21:Infinity": 13,
        "s:23:13:80:Infinity": 14
      }
    }
  },
  "D:\\popka\\SkillsZen\\SkillsZen\\src\\services\\AuthContext.tsx": {
    "path": "D:\\popka\\SkillsZen\\SkillsZen\\src\\services\\AuthContext.tsx",
    "statementMap": {
      "0": { "start": { "line": 22, "column": 6 }, "end": { "line": 22, "column": null } },
      "1": { "start": { "line": 25, "column": 22 }, "end": { "line": 25, "column": null } },
      "2": { "start": { "line": 25, "column": 61 }, "end": { "line": 25, "column": 92 } },
      "3": { "start": { "line": 26, "column": 32 }, "end": { "line": 26, "column": null } },
      "4": { "start": { "line": 28, "column": 2 }, "end": { "line": 45, "column": null } },
      "5": { "start": { "line": 29, "column": 24 }, "end": { "line": 42, "column": null } },
      "6": { "start": { "line": 30, "column": 6 }, "end": { "line": 41, "column": null } },
      "7": { "start": { "line": 31, "column": 8 }, "end": { "line": 31, "column": null } },
      "8": { "start": { "line": 32, "column": 8 }, "end": { "line": 40, "column": null } },
      "9": { "start": { "line": 33, "column": 26 }, "end": { "line": 33, "column": null } },
      "10": { "start": { "line": 34, "column": 10 }, "end": { "line": 37, "column": null } },
      "11": { "start": { "line": 35, "column": 32 }, "end": { "line": 35, "column": null } },
      "12": { "start": { "line": 36, "column": 12 }, "end": { "line": 36, "column": null } },
      "13": { "start": { "line": 39, "column": 10 }, "end": { "line": 39, "column": null } },
      "14": { "start": { "line": 44, "column": 4 }, "end": { "line": 44, "column": null } },
      "15": { "start": { "line": 47, "column": 8 }, "end": { "line": 49, "column": null } },
      "16": { "start": { "line": 48, "column": 4 }, "end": { "line": 48, "column": null } },
      "17": { "start": { "line": 51, "column": 8 }, "end": { "line": 54, "column": null } },
      "18": { "start": { "line": 52, "column": 4 }, "end": { "line": 52, "column": null } },
      "19": { "start": { "line": 53, "column": 4 }, "end": { "line": 53, "column": null } },
      "20": { "start": { "line": 56, "column": 27 }, "end": { "line": 67, "column": null } },
      "21": { "start": { "line": 57, "column": 4 }, "end": { "line": 57, "column": null } },
      "22": { "start": { "line": 57, "column": 20 }, "end": { "line": 57, "column": null } },
      "23": { "start": { "line": 58, "column": 4 }, "end": { "line": 66, "column": null } },
      "24": { "start": { "line": 59, "column": 6 }, "end": { "line": 59, "column": null } },
      "25": { "start": { "line": 60, "column": 26 }, "end": { "line": 60, "column": null } },
      "26": { "start": { "line": 61, "column": 6 }, "end": { "line": 61, "column": null } },
      "27": { "start": { "line": 63, "column": 18 }, "end": { "line": 63, "column": null } },
      "28": { "start": { "line": 64, "column": 6 }, "end": { "line": 64, "column": null } },
      "29": { "start": { "line": 65, "column": 6 }, "end": { "line": 65, "column": null } },
      "30": { "start": { "line": 69, "column": 21 }, "end": { "line": 79, "column": null } },
      "31": { "start": { "line": 70, "column": 4 }, "end": { "line": 70, "column": null } },
      "32": { "start": { "line": 70, "column": 20 }, "end": { "line": 70, "column": null } },
      "33": { "start": { "line": 71, "column": 4 }, "end": { "line": 78, "column": null } },
      "34": { "start": { "line": 72, "column": 6 }, "end": { "line": 72, "column": null } },
      "35": { "start": { "line": 73, "column": 26 }, "end": { "line": 73, "column": null } },
      "36": { "start": { "line": 74, "column": 6 }, "end": { "line": 74, "column": null } },
      "37": { "start": { "line": 76, "column": 18 }, "end": { "line": 76, "column": null } },
      "38": { "start": { "line": 77, "column": 6 }, "end": { "line": 77, "column": null } },
      "39": { "start": { "line": 81, "column": 2 }, "end": { "line": 94, "column": null } },
      "40": { "start": { "line": 98, "column": 23 }, "end": { "line": 104, "column": null } },
      "41": { "start": { "line": 99, "column": 8 }, "end": { "line": 99, "column": null } },
      "42": { "start": { "line": 100, "column": 2 }, "end": { "line": 102, "column": null } },
      "43": { "start": { "line": 101, "column": 4 }, "end": { "line": 101, "column": null } },
      "44": { "start": { "line": 103, "column": 2 }, "end": { "line": 103, "column": null } }
    },
    "fnMap": {
      "0": {
        "name": "AuthProvider",
        "decl": { "start": { "line": 24, "column": 16 }, "end": { "line": 24, "column": 29 } },
        "loc": { "start": { "line": 24, "column": 68 }, "end": { "line": 96, "column": null } },
        "line": 24
      },
      "1": {
        "name": "(anonymous_1)",
        "decl": { "start": { "line": 25, "column": 55 }, "end": { "line": 25, "column": 61 } },
        "loc": { "start": { "line": 25, "column": 61 }, "end": { "line": 25, "column": 92 } },
        "line": 25
      },
      "2": {
        "name": "(anonymous_2)",
        "decl": { "start": { "line": 28, "column": 12 }, "end": { "line": 28, "column": 18 } },
        "loc": { "start": { "line": 28, "column": 18 }, "end": { "line": 45, "column": 5 } },
        "line": 28
      },
      "3": {
        "name": "(anonymous_3)",
        "decl": { "start": { "line": 29, "column": 24 }, "end": { "line": 29, "column": 36 } },
        "loc": { "start": { "line": 29, "column": 36 }, "end": { "line": 42, "column": null } },
        "line": 29
      },
      "4": {
        "name": "(anonymous_4)",
        "decl": { "start": { "line": 47, "column": 28 }, "end": { "line": 47, "column": 29 } },
        "loc": { "start": { "line": 47, "column": 54 }, "end": { "line": 49, "column": 5 } },
        "line": 47
      },
      "5": {
        "name": "(anonymous_5)",
        "decl": { "start": { "line": 51, "column": 29 }, "end": { "line": 51, "column": 35 } },
        "loc": { "start": { "line": 51, "column": 35 }, "end": { "line": 54, "column": 5 } },
        "line": 51
      },
      "6": {
        "name": "(anonymous_6)",
        "decl": { "start": { "line": 56, "column": 27 }, "end": { "line": 56, "column": 34 } },
        "loc": { "start": { "line": 56, "column": 82 }, "end": { "line": 67, "column": null } },
        "line": 56
      },
      "7": {
        "name": "(anonymous_7)",
        "decl": { "start": { "line": 69, "column": 21 }, "end": { "line": 69, "column": 28 } },
        "loc": { "start": { "line": 69, "column": 56 }, "end": { "line": 79, "column": null } },
        "line": 69
      },
      "8": {
        "name": "(anonymous_8)",
        "decl": { "start": { "line": 98, "column": 23 }, "end": { "line": 98, "column": 29 } },
        "loc": { "start": { "line": 98, "column": 29 }, "end": { "line": 104, "column": null } },
        "line": 98
      }
    },
    "branchMap": {
      "0": {
        "loc": { "start": { "line": 30, "column": 6 }, "end": { "line": 41, "column": null } },
        "type": "if",
        "locations": [
          { "start": { "line": 30, "column": 6 }, "end": { "line": 41, "column": null } },
          { "start": {}, "end": {} }
        ],
        "line": 30
      },
      "1": {
        "loc": { "start": { "line": 30, "column": 10 }, "end": { "line": 30, "column": 42 } },
        "type": "binary-expr",
        "locations": [
          { "start": { "line": 30, "column": 10 }, "end": { "line": 30, "column": 23 } },
          { "start": { "line": 30, "column": 23 }, "end": { "line": 30, "column": 42 } }
        ],
        "line": 30
      },
      "2": {
        "loc": { "start": { "line": 34, "column": 10 }, "end": { "line": 37, "column": null } },
        "type": "if",
        "locations": [
          { "start": { "line": 34, "column": 10 }, "end": { "line": 37, "column": null } },
          { "start": {}, "end": {} }
        ],
        "line": 34
      },
      "3": {
        "loc": { "start": { "line": 57, "column": 4 }, "end": { "line": 57, "column": null } },
        "type": "if",
        "locations": [
          { "start": { "line": 57, "column": 4 }, "end": { "line": 57, "column": null } },
          { "start": {}, "end": {} }
        ],
        "line": 57
      },
      "4": {
        "loc": { "start": { "line": 63, "column": 18 }, "end": { "line": 63, "column": null } },
        "type": "cond-expr",
        "locations": [
          { "start": { "line": 63, "column": 43 }, "end": { "line": 63, "column": 59 } },
          { "start": { "line": 63, "column": 59 }, "end": { "line": 63, "column": null } }
        ],
        "line": 63
      },
      "5": {
        "loc": { "start": { "line": 70, "column": 4 }, "end": { "line": 70, "column": null } },
        "type": "if",
        "locations": [
          { "start": { "line": 70, "column": 4 }, "end": { "line": 70, "column": null } },
          { "start": {}, "end": {} }
        ],
        "line": 70
      },
      "6": {
        "loc": { "start": { "line": 76, "column": 18 }, "end": { "line": 76, "column": null } },
        "type": "cond-expr",
        "locations": [
          { "start": { "line": 76, "column": 43 }, "end": { "line": 76, "column": 59 } },
          { "start": { "line": 76, "column": 59 }, "end": { "line": 76, "column": null } }
        ],
        "line": 76
      },
      "7": {
        "loc": { "start": { "line": 100, "column": 2 }, "end": { "line": 102, "column": null } },
        "type": "if",
        "locations": [
          { "start": { "line": 100, "column": 2 }, "end": { "line": 102, "column": null } },
          { "start": {}, "end": {} }
        ],
        "line": 100
      }
    },
    "s": {
      "0": 1,
      "1": 12,
      "2": 4,
      "3": 12,
      "4": 12,
      "5": 5,
      "6": 5,
      "7": 4,
      "8": 4,
      "9": 4,
      "10": 4,
      "11": 1,
      "12": 1,
      "13": 4,
      "14": 5,
      "15": 12,
      "16": 0,
      "17": 12,
      "18": 1,
      "19": 1,
      "20": 12,
      "21": 0,
      "22": 0,
      "23": 0,
      "24": 0,
      "25": 0,
      "26": 0,
      "27": 0,
      "28": 0,
      "29": 0,
      "30": 12,
      "31": 1,
      "32": 0,
      "33": 1,
      "34": 1,
      "35": 1,
      "36": 1,
      "37": 0,
      "38": 0,
      "39": 12,
      "40": 1,
      "41": 12,
      "42": 12,
      "43": 0,
      "44": 12
    },
    "f": { "0": 12, "1": 4, "2": 5, "3": 5, "4": 0, "5": 1, "6": 0, "7": 1, "8": 12 },
    "b": {
      "0": [4, 1],
      "1": [5, 4],
      "2": [1, 3],
      "3": [0, 0],
      "4": [0, 0],
      "5": [0, 1],
      "6": [0, 0],
      "7": [0, 12]
    },
    "meta": {
      "lastBranch": 8,
      "lastFunction": 9,
      "lastStatement": 45,
      "seen": {
        "s:22:6:22:Infinity": 0,
        "f:24:16:24:29": 0,
        "s:25:22:25:Infinity": 1,
        "f:25:55:25:61": 1,
        "s:25:61:25:92": 2,
        "s:26:32:26:Infinity": 3,
        "s:28:2:45:Infinity": 4,
        "f:28:12:28:18": 2,
        "s:29:24:42:Infinity": 5,
        "f:29:24:29:36": 3,
        "b:30:6:41:Infinity:undefined:undefined:undefined:undefined": 0,
        "s:30:6:41:Infinity": 6,
        "b:30:10:30:23:30:23:30:42": 1,
        "s:31:8:31:Infinity": 7,
        "s:32:8:40:Infinity": 8,
        "s:33:26:33:Infinity": 9,
        "b:34:10:37:Infinity:undefined:undefined:undefined:undefined": 2,
        "s:34:10:37:Infinity": 10,
        "s:35:32:35:Infinity": 11,
        "s:36:12:36:Infinity": 12,
        "s:39:10:39:Infinity": 13,
        "s:44:4:44:Infinity": 14,
        "s:47:8:49:Infinity": 15,
        "f:47:28:47:29": 4,
        "s:48:4:48:Infinity": 16,
        "s:51:8:54:Infinity": 17,
        "f:51:29:51:35": 5,
        "s:52:4:52:Infinity": 18,
        "s:53:4:53:Infinity": 19,
        "s:56:27:67:Infinity": 20,
        "f:56:27:56:34": 6,
        "b:57:4:57:Infinity:undefined:undefined:undefined:undefined": 3,
        "s:57:4:57:Infinity": 21,
        "s:57:20:57:Infinity": 22,
        "s:58:4:66:Infinity": 23,
        "s:59:6:59:Infinity": 24,
        "s:60:26:60:Infinity": 25,
        "s:61:6:61:Infinity": 26,
        "s:63:18:63:Infinity": 27,
        "b:63:43:63:59:63:59:63:Infinity": 4,
        "s:64:6:64:Infinity": 28,
        "s:65:6:65:Infinity": 29,
        "s:69:21:79:Infinity": 30,
        "f:69:21:69:28": 7,
        "b:70:4:70:Infinity:undefined:undefined:undefined:undefined": 5,
        "s:70:4:70:Infinity": 31,
        "s:70:20:70:Infinity": 32,
        "s:71:4:78:Infinity": 33,
        "s:72:6:72:Infinity": 34,
        "s:73:26:73:Infinity": 35,
        "s:74:6:74:Infinity": 36,
        "s:76:18:76:Infinity": 37,
        "b:76:43:76:59:76:59:76:Infinity": 6,
        "s:77:6:77:Infinity": 38,
        "s:81:2:94:Infinity": 39,
        "s:98:23:104:Infinity": 40,
        "f:98:23:98:29": 8,
        "s:99:8:99:Infinity": 41,
        "b:100:2:102:Infinity:undefined:undefined:undefined:undefined": 7,
        "s:100:2:102:Infinity": 42,
        "s:101:4:101:Infinity": 43,
        "s:103:2:103:Infinity": 44
      }
    }
  },
  "D:\\popka\\SkillsZen\\SkillsZen\\src\\shared\\exerciseCard.tsx": {
    "path": "D:\\popka\\SkillsZen\\SkillsZen\\src\\shared\\exerciseCard.tsx",
    "statementMap": {
      "0": { "start": { "line": 4, "column": 31 }, "end": { "line": 6, "column": null } },
      "1": { "start": { "line": 5, "column": 2 }, "end": { "line": 5, "column": null } }
    },
    "fnMap": {
      "0": {
        "name": "(anonymous_0)",
        "decl": { "start": { "line": 4, "column": 31 }, "end": { "line": 4, "column": 37 } },
        "loc": { "start": { "line": 4, "column": 37 }, "end": { "line": 6, "column": null } },
        "line": 4
      }
    },
    "branchMap": {},
    "s": { "0": 0, "1": 0 },
    "f": { "0": 0 },
    "b": {},
    "meta": {
      "lastBranch": 0,
      "lastFunction": 1,
      "lastStatement": 2,
      "seen": { "s:4:31:6:Infinity": 0, "f:4:31:4:37": 0, "s:5:2:5:Infinity": 1 }
    }
  }
}
