{
  "D:\\popka\\SkillsZen\\SkillsZen\\src\\components\\shared\\ActionButton.tsx": {
    "path": "D:\\popka\\SkillsZen\\SkillsZen\\src\\components\\shared\\ActionButton.tsx",
    "statementMap": {
      "0": { "start": { "line": 11, "column": 57 }, "end": { "line": 30, "column": null } },
      "1": { "start": { "line": 12, "column": 17 }, "end": { "line": 15, "column": null } },
      "2": { "start": { "line": 17, "column": 2 }, "end": { "line": 28, "column": null } }
    },
    "fnMap": {
      "0": {
        "name": "(anonymous_0)",
        "decl": { "start": { "line": 11, "column": 57 }, "end": { "line": 11, "column": 58 } },
        "loc": { "start": { "line": 11, "column": 96 }, "end": { "line": 30, "column": null } },
        "line": 11
      }
    },
    "branchMap": {},
    "s": { "0": 1, "1": 6, "2": 6 },
    "f": { "0": 6 },
    "b": {},
    "meta": {
      "lastBranch": 0,
      "lastFunction": 1,
      "lastStatement": 3,
      "seen": {
        "s:11:57:30:Infinity": 0,
        "f:11:57:11:58": 0,
        "s:12:17:15:Infinity": 1,
        "s:17:2:28:Infinity": 2
      }
    }
  },
  "D:\\popka\\SkillsZen\\SkillsZen\\src\\components\\shared\\EditorHeader.tsx": {
    "path": "D:\\popka\\SkillsZen\\SkillsZen\\src\\components\\shared\\EditorHeader.tsx",
    "statementMap": {
      "0": { "start": { "line": 15, "column": 50 }, "end": { "line": 97, "column": null } },
      "1": { "start": { "line": 25, "column": 2 }, "end": { "line": 97, "column": null } },
      "2": { "start": { "line": 28, "column": 23 }, "end": { "line": 28, "column": null } }
    },
    "fnMap": {
      "0": {
        "name": "(anonymous_0)",
        "decl": { "start": { "line": 15, "column": 50 }, "end": { "line": 15, "column": 51 } },
        "loc": { "start": { "line": 25, "column": 2 }, "end": { "line": 97, "column": null } },
        "line": 25
      },
      "1": {
        "name": "(anonymous_1)",
        "decl": { "start": { "line": 28, "column": 17 }, "end": { "line": 28, "column": 23 } },
        "loc": { "start": { "line": 28, "column": 23 }, "end": { "line": 28, "column": null } },
        "line": 28
      }
    },
    "branchMap": {
      "0": {
        "loc": { "start": { "line": 37, "column": 59 }, "end": { "line": 37, "column": 76 } },
        "type": "binary-expr",
        "locations": [
          { "start": { "line": 37, "column": 59 }, "end": { "line": 37, "column": 69 } },
          { "start": { "line": 37, "column": 69 }, "end": { "line": 37, "column": 76 } }
        ],
        "line": 37
      },
      "1": {
        "loc": { "start": { "line": 39, "column": 9 }, "end": { "line": 51, "column": null } },
        "type": "binary-expr",
        "locations": [
          { "start": { "line": 39, "column": 9 }, "end": { "line": 39, "column": null } },
          { "start": { "line": 40, "column": 10 }, "end": { "line": 51, "column": null } }
        ],
        "line": 39
      },
      "2": {
        "loc": { "start": { "line": 42, "column": 14 }, "end": { "line": 44, "column": null } },
        "type": "cond-expr",
        "locations": [
          { "start": { "line": 43, "column": 18 }, "end": { "line": 43, "column": null } },
          { "start": { "line": 44, "column": 18 }, "end": { "line": 44, "column": null } }
        ],
        "line": 42
      },
      "3": {
        "loc": { "start": { "line": 48, "column": 49 }, "end": { "line": 48, "column": 114 } },
        "type": "cond-expr",
        "locations": [
          { "start": { "line": 48, "column": 71 }, "end": { "line": 48, "column": 102 } },
          { "start": { "line": 48, "column": 102 }, "end": { "line": 48, "column": 114 } }
        ],
        "line": 48
      },
      "4": {
        "loc": { "start": { "line": 50, "column": 13 }, "end": { "line": 50, "column": null } },
        "type": "cond-expr",
        "locations": [
          { "start": { "line": 50, "column": 35 }, "end": { "line": 50, "column": 46 } },
          { "start": { "line": 50, "column": 46 }, "end": { "line": 50, "column": null } }
        ],
        "line": 50
      },
      "5": {
        "loc": { "start": { "line": 71, "column": 10 }, "end": { "line": 73, "column": null } },
        "type": "cond-expr",
        "locations": [
          { "start": { "line": 72, "column": 14 }, "end": { "line": 72, "column": null } },
          { "start": { "line": 73, "column": 14 }, "end": { "line": 73, "column": null } }
        ],
        "line": 71
      },
      "6": {
        "loc": { "start": { "line": 84, "column": 10 }, "end": { "line": 86, "column": null } },
        "type": "cond-expr",
        "locations": [
          { "start": { "line": 85, "column": 14 }, "end": { "line": 85, "column": null } },
          { "start": { "line": 86, "column": 14 }, "end": { "line": 86, "column": null } }
        ],
        "line": 84
      },
      "7": {
        "loc": { "start": { "line": 89, "column": 9 }, "end": { "line": 92, "column": null } },
        "type": "cond-expr",
        "locations": [
          { "start": { "line": 90, "column": 10 }, "end": { "line": 90, "column": null } },
          { "start": { "line": 92, "column": 10 }, "end": { "line": 92, "column": null } }
        ],
        "line": 89
      },
      "8": {
        "loc": { "start": { "line": 94, "column": 9 }, "end": { "line": 94, "column": null } },
        "type": "cond-expr",
        "locations": [
          { "start": { "line": 94, "column": 31 }, "end": { "line": 94, "column": 48 } },
          { "start": { "line": 94, "column": 48 }, "end": { "line": 94, "column": null } }
        ],
        "line": 94
      }
    },
    "s": { "0": 2, "1": 21, "2": 1 },
    "f": { "0": 21, "1": 1 },
    "b": {
      "0": [21, 1],
      "1": [21, 2],
      "2": [1, 1],
      "3": [1, 1],
      "4": [1, 1],
      "5": [0, 21],
      "6": [1, 20],
      "7": [1, 20],
      "8": [1, 20]
    },
    "meta": {
      "lastBranch": 9,
      "lastFunction": 2,
      "lastStatement": 3,
      "seen": {
        "s:15:50:97:Infinity": 0,
        "f:15:50:15:51": 0,
        "s:25:2:97:Infinity": 1,
        "f:28:17:28:23": 1,
        "s:28:23:28:Infinity": 2,
        "b:37:59:37:69:37:69:37:76": 0,
        "b:39:9:39:Infinity:40:10:51:Infinity": 1,
        "b:43:18:43:Infinity:44:18:44:Infinity": 2,
        "b:48:71:48:102:48:102:48:114": 3,
        "b:50:35:50:46:50:46:50:Infinity": 4,
        "b:72:14:72:Infinity:73:14:73:Infinity": 5,
        "b:85:14:85:Infinity:86:14:86:Infinity": 6,
        "b:90:10:90:Infinity:92:10:92:Infinity": 7,
        "b:94:31:94:48:94:48:94:Infinity": 8
      }
    }
  },
  "D:\\popka\\SkillsZen\\SkillsZen\\src\\components\\shared\\ErrorFallback.tsx": {
    "path": "D:\\popka\\SkillsZen\\SkillsZen\\src\\components\\shared\\ErrorFallback.tsx",
    "statementMap": {
      "0": { "start": { "line": 12, "column": 8 }, "end": { "line": 12, "column": null } },
      "1": { "start": { "line": 13, "column": 16 }, "end": { "line": 13, "column": null } },
      "2": { "start": { "line": 15, "column": 16 }, "end": { "line": 15, "column": null } },
      "3": { "start": { "line": 16, "column": 14 }, "end": { "line": 16, "column": null } },
      "4": { "start": { "line": 18, "column": 2 }, "end": { "line": 25, "column": null } },
      "5": { "start": { "line": 19, "column": 4 }, "end": { "line": 19, "column": null } },
      "6": { "start": { "line": 20, "column": 4 }, "end": { "line": 20, "column": null } },
      "7": { "start": { "line": 21, "column": 2 }, "end": { "line": 25, "column": null } },
      "8": { "start": { "line": 22, "column": 4 }, "end": { "line": 22, "column": null } },
      "9": { "start": { "line": 23, "column": 2 }, "end": { "line": 25, "column": null } },
      "10": { "start": { "line": 24, "column": 4 }, "end": { "line": 24, "column": null } },
      "11": { "start": { "line": 27, "column": 22 }, "end": { "line": 33, "column": null } },
      "12": { "start": { "line": 28, "column": 4 }, "end": { "line": 32, "column": null } },
      "13": { "start": { "line": 29, "column": 6 }, "end": { "line": 29, "column": null } },
      "14": { "start": { "line": 31, "column": 6 }, "end": { "line": 31, "column": null } },
      "15": { "start": { "line": 35, "column": 2 }, "end": { "line": 70, "column": null } },
      "16": { "start": { "line": 60, "column": 71 }, "end": { "line": 60, "column": null } }
    },
    "fnMap": {
      "0": {
        "name": "ErrorFallback",
        "decl": { "start": { "line": 8, "column": 16 }, "end": { "line": 8, "column": 30 } },
        "loc": { "start": { "line": 11, "column": 27 }, "end": { "line": 72, "column": null } },
        "line": 11
      },
      "1": {
        "name": "(anonymous_1)",
        "decl": { "start": { "line": 27, "column": 22 }, "end": { "line": 27, "column": 28 } },
        "loc": { "start": { "line": 27, "column": 28 }, "end": { "line": 33, "column": null } },
        "line": 27
      },
      "2": {
        "name": "(anonymous_2)",
        "decl": { "start": { "line": 60, "column": 64 }, "end": { "line": 60, "column": 71 } },
        "loc": { "start": { "line": 60, "column": 71 }, "end": { "line": 60, "column": null } },
        "line": 60
      }
    },
    "branchMap": {
      "0": {
        "loc": { "start": { "line": 13, "column": 16 }, "end": { "line": 13, "column": null } },
        "type": "binary-expr",
        "locations": [
          { "start": { "line": 13, "column": 16 }, "end": { "line": 13, "column": 30 } },
          { "start": { "line": 13, "column": 30 }, "end": { "line": 13, "column": null } }
        ],
        "line": 13
      },
      "1": {
        "loc": { "start": { "line": 18, "column": 2 }, "end": { "line": 25, "column": null } },
        "type": "if",
        "locations": [
          { "start": { "line": 18, "column": 2 }, "end": { "line": 25, "column": null } },
          { "start": { "line": 21, "column": 2 }, "end": { "line": 25, "column": null } }
        ],
        "line": 18
      },
      "2": {
        "loc": { "start": { "line": 20, "column": 14 }, "end": { "line": 20, "column": null } },
        "type": "binary-expr",
        "locations": [
          { "start": { "line": 20, "column": 14 }, "end": { "line": 20, "column": 34 } },
          { "start": { "line": 20, "column": 34 }, "end": { "line": 20, "column": 57 } },
          { "start": { "line": 20, "column": 57 }, "end": { "line": 20, "column": null } }
        ],
        "line": 20
      },
      "3": {
        "loc": { "start": { "line": 21, "column": 2 }, "end": { "line": 25, "column": null } },
        "type": "if",
        "locations": [
          { "start": { "line": 21, "column": 2 }, "end": { "line": 25, "column": null } },
          { "start": { "line": 23, "column": 2 }, "end": { "line": 25, "column": null } }
        ],
        "line": 21
      },
      "4": {
        "loc": { "start": { "line": 23, "column": 2 }, "end": { "line": 25, "column": null } },
        "type": "if",
        "locations": [
          { "start": { "line": 23, "column": 2 }, "end": { "line": 25, "column": null } },
          { "start": {}, "end": {} }
        ],
        "line": 23
      },
      "5": {
        "loc": { "start": { "line": 28, "column": 4 }, "end": { "line": 32, "column": null } },
        "type": "if",
        "locations": [
          { "start": { "line": 28, "column": 4 }, "end": { "line": 32, "column": null } },
          { "start": { "line": 30, "column": 11 }, "end": { "line": 32, "column": null } }
        ],
        "line": 28
      }
    },
    "s": {
      "0": 5,
      "1": 5,
      "2": 5,
      "3": 5,
      "4": 5,
      "5": 1,
      "6": 1,
      "7": 4,
      "8": 1,
      "9": 3,
      "10": 0,
      "11": 5,
      "12": 2,
      "13": 1,
      "14": 1,
      "15": 5,
      "16": 1
    },
    "f": { "0": 5, "1": 2, "2": 1 },
    "b": { "0": [5, 1], "1": [1, 4], "2": [1, 0, 0], "3": [1, 3], "4": [0, 3], "5": [1, 1] },
    "meta": {
      "lastBranch": 6,
      "lastFunction": 3,
      "lastStatement": 17,
      "seen": {
        "f:8:16:8:30": 0,
        "s:12:8:12:Infinity": 0,
        "s:13:16:13:Infinity": 1,
        "b:13:16:13:30:13:30:13:Infinity": 0,
        "s:15:16:15:Infinity": 2,
        "s:16:14:16:Infinity": 3,
        "b:18:2:25:Infinity:21:2:25:Infinity": 1,
        "s:18:2:25:Infinity": 4,
        "s:19:4:19:Infinity": 5,
        "s:20:4:20:Infinity": 6,
        "b:20:14:20:34:20:34:20:57:20:57:20:Infinity": 2,
        "b:21:2:25:Infinity:23:2:25:Infinity": 3,
        "s:21:2:25:Infinity": 7,
        "s:22:4:22:Infinity": 8,
        "b:23:2:25:Infinity:undefined:undefined:undefined:undefined": 4,
        "s:23:2:25:Infinity": 9,
        "s:24:4:24:Infinity": 10,
        "s:27:22:33:Infinity": 11,
        "f:27:22:27:28": 1,
        "b:28:4:32:Infinity:30:11:32:Infinity": 5,
        "s:28:4:32:Infinity": 12,
        "s:29:6:29:Infinity": 13,
        "s:31:6:31:Infinity": 14,
        "s:35:2:70:Infinity": 15,
        "f:60:64:60:71": 2,
        "s:60:71:60:Infinity": 16
      }
    }
  },
  "D:\\popka\\SkillsZen\\SkillsZen\\src\\components\\shared\\PageLayout.tsx": {
    "path": "D:\\popka\\SkillsZen\\SkillsZen\\src\\components\\shared\\PageLayout.tsx",
    "statementMap": {
      "0": { "start": { "line": 10, "column": 46 }, "end": { "line": 26, "column": null } },
      "1": { "start": { "line": 11, "column": 2 }, "end": { "line": 24, "column": null } }
    },
    "fnMap": {
      "0": {
        "name": "(anonymous_0)",
        "decl": { "start": { "line": 10, "column": 46 }, "end": { "line": 10, "column": 47 } },
        "loc": { "start": { "line": 10, "column": 92 }, "end": { "line": 26, "column": null } },
        "line": 10
      }
    },
    "branchMap": {
      "0": {
        "loc": { "start": { "line": 15, "column": 8 }, "end": { "line": 20, "column": null } },
        "type": "cond-expr",
        "locations": [
          { "start": { "line": 16, "column": 12 }, "end": { "line": 19, "column": null } },
          { "start": { "line": 20, "column": 12 }, "end": { "line": 20, "column": null } }
        ],
        "line": 15
      },
      "1": {
        "loc": { "start": { "line": 18, "column": 36 }, "end": { "line": 18, "column": null } },
        "type": "cond-expr",
        "locations": [
          { "start": { "line": 18, "column": 62 }, "end": { "line": 18, "column": 72 } },
          { "start": { "line": 18, "column": 72 }, "end": { "line": 18, "column": null } }
        ],
        "line": 18
      }
    },
    "s": { "0": 5, "1": 16 },
    "f": { "0": 16 },
    "b": { "0": [16, 0], "1": [16, 0] },
    "meta": {
      "lastBranch": 2,
      "lastFunction": 1,
      "lastStatement": 2,
      "seen": {
        "s:10:46:26:Infinity": 0,
        "f:10:46:10:47": 0,
        "s:11:2:24:Infinity": 1,
        "b:16:12:19:Infinity:20:12:20:Infinity": 0,
        "b:18:62:18:72:18:72:18:Infinity": 1
      }
    }
  },
  "D:\\popka\\SkillsZen\\SkillsZen\\src\\components\\shared\\PageLoader.tsx": {
    "path": "D:\\popka\\SkillsZen\\SkillsZen\\src\\components\\shared\\PageLoader.tsx",
    "statementMap": {
      "0": { "start": { "line": 3, "column": 26 }, "end": { "line": 49, "column": null } },
      "1": { "start": { "line": 4, "column": 2 }, "end": { "line": 47, "column": null } }
    },
    "fnMap": {
      "0": {
        "name": "(anonymous_0)",
        "decl": { "start": { "line": 3, "column": 26 }, "end": { "line": 3, "column": 32 } },
        "loc": { "start": { "line": 3, "column": 32 }, "end": { "line": 49, "column": null } },
        "line": 3
      }
    },
    "branchMap": {},
    "s": { "0": 9, "1": 36 },
    "f": { "0": 36 },
    "b": {},
    "meta": {
      "lastBranch": 0,
      "lastFunction": 1,
      "lastStatement": 2,
      "seen": { "s:3:26:49:Infinity": 0, "f:3:26:3:32": 0, "s:4:2:47:Infinity": 1 }
    }
  },
  "D:\\popka\\SkillsZen\\SkillsZen\\src\\components\\shared\\ProgressBar.tsx": {
    "path": "D:\\popka\\SkillsZen\\SkillsZen\\src\\components\\shared\\ProgressBar.tsx",
    "statementMap": {
      "0": { "start": { "line": 9, "column": 57 }, "end": { "line": 20, "column": null } },
      "1": { "start": { "line": 10, "column": 26 }, "end": { "line": 10, "column": null } },
      "2": { "start": { "line": 12, "column": 2 }, "end": { "line": 18, "column": null } },
      "3": { "start": { "line": 22, "column": 54 }, "end": { "line": 66, "column": null } },
      "4": { "start": { "line": 28, "column": 18 }, "end": { "line": 32, "column": null } },
      "5": { "start": { "line": 34, "column": 2 }, "end": { "line": 64, "column": null } }
    },
    "fnMap": {
      "0": {
        "name": "(anonymous_0)",
        "decl": { "start": { "line": 9, "column": 57 }, "end": { "line": 9, "column": 58 } },
        "loc": { "start": { "line": 9, "column": 89 }, "end": { "line": 20, "column": null } },
        "line": 9
      },
      "1": {
        "name": "(anonymous_1)",
        "decl": { "start": { "line": 22, "column": 54 }, "end": { "line": 22, "column": 55 } },
        "loc": { "start": { "line": 27, "column": 6 }, "end": { "line": 66, "column": null } },
        "line": 27
      }
    },
    "branchMap": {
      "0": {
        "loc": { "start": { "line": 9, "column": 60 }, "end": { "line": 9, "column": 73 } },
        "type": "default-arg",
        "locations": [{ "start": { "line": 9, "column": 70 }, "end": { "line": 9, "column": 73 } }],
        "line": 9
      },
      "1": {
        "loc": { "start": { "line": 9, "column": 73 }, "end": { "line": 9, "column": 83 } },
        "type": "default-arg",
        "locations": [{ "start": { "line": 9, "column": 81 }, "end": { "line": 9, "column": 83 } }],
        "line": 9
      },
      "2": {
        "loc": { "start": { "line": 10, "column": 26 }, "end": { "line": 10, "column": null } },
        "type": "cond-expr",
        "locations": [
          { "start": { "line": 10, "column": 39 }, "end": { "line": 10, "column": 64 } },
          { "start": { "line": 10, "column": 64 }, "end": { "line": 10, "column": null } }
        ],
        "line": 10
      },
      "3": {
        "loc": { "start": { "line": 24, "column": 2 }, "end": { "line": 24, "column": null } },
        "type": "default-arg",
        "locations": [
          { "start": { "line": 24, "column": 16 }, "end": { "line": 24, "column": null } }
        ],
        "line": 24
      },
      "4": {
        "loc": { "start": { "line": 25, "column": 2 }, "end": { "line": 25, "column": null } },
        "type": "default-arg",
        "locations": [
          { "start": { "line": 25, "column": 14 }, "end": { "line": 25, "column": null } }
        ],
        "line": 25
      },
      "5": {
        "loc": { "start": { "line": 26, "column": 2 }, "end": { "line": 26, "column": null } },
        "type": "default-arg",
        "locations": [
          { "start": { "line": 26, "column": 9 }, "end": { "line": 26, "column": null } }
        ],
        "line": 26
      },
      "6": {
        "loc": { "start": { "line": 41, "column": 12 }, "end": { "line": 43, "column": null } },
        "type": "cond-expr",
        "locations": [
          { "start": { "line": 42, "column": 16 }, "end": { "line": 42, "column": null } },
          { "start": { "line": 43, "column": 16 }, "end": { "line": 43, "column": null } }
        ],
        "line": 41
      },
      "7": {
        "loc": { "start": { "line": 51, "column": 7 }, "end": { "line": 62, "column": null } },
        "type": "binary-expr",
        "locations": [
          { "start": { "line": 51, "column": 7 }, "end": { "line": 51, "column": null } },
          { "start": { "line": 52, "column": 8 }, "end": { "line": 62, "column": null } }
        ],
        "line": 51
      },
      "8": {
        "loc": { "start": { "line": 53, "column": 27 }, "end": { "line": 53, "column": null } },
        "type": "cond-expr",
        "locations": [
          { "start": { "line": 53, "column": 41 }, "end": { "line": 53, "column": 61 } },
          { "start": { "line": 53, "column": 61 }, "end": { "line": 53, "column": null } }
        ],
        "line": 53
      },
      "9": {
        "loc": { "start": { "line": 56, "column": 11 }, "end": { "line": 60, "column": null } },
        "type": "binary-expr",
        "locations": [
          { "start": { "line": 56, "column": 11 }, "end": { "line": 56, "column": null } },
          { "start": { "line": 57, "column": 12 }, "end": { "line": 60, "column": null } }
        ],
        "line": 56
      }
    },
    "s": { "0": 4, "1": 2, "2": 2, "3": 4, "4": 13, "5": 13 },
    "f": { "0": 2, "1": 13 },
    "b": {
      "0": [2],
      "1": [2],
      "2": [2, 0],
      "3": [13],
      "4": [13],
      "5": [13],
      "6": [1, 12],
      "7": [13, 13],
      "8": [1, 12],
      "9": [13, 1]
    },
    "meta": {
      "lastBranch": 10,
      "lastFunction": 2,
      "lastStatement": 6,
      "seen": {
        "s:9:57:20:Infinity": 0,
        "f:9:57:9:58": 0,
        "b:9:70:9:73": 0,
        "b:9:81:9:83": 1,
        "s:10:26:10:Infinity": 1,
        "b:10:39:10:64:10:64:10:Infinity": 2,
        "s:12:2:18:Infinity": 2,
        "s:22:54:66:Infinity": 3,
        "f:22:54:22:55": 1,
        "b:24:16:24:Infinity": 3,
        "b:25:14:25:Infinity": 4,
        "b:26:9:26:Infinity": 5,
        "s:28:18:32:Infinity": 4,
        "s:34:2:64:Infinity": 5,
        "b:42:16:42:Infinity:43:16:43:Infinity": 6,
        "b:51:7:51:Infinity:52:8:62:Infinity": 7,
        "b:53:41:53:61:53:61:53:Infinity": 8,
        "b:56:11:56:Infinity:57:12:60:Infinity": 9
      }
    }
  },
  "D:\\popka\\SkillsZen\\SkillsZen\\src\\components\\shared\\SuspenseLayout.tsx": {
    "path": "D:\\popka\\SkillsZen\\SkillsZen\\src\\components\\shared\\SuspenseLayout.tsx",
    "statementMap": {
      "0": { "start": { "line": 5, "column": 30 }, "end": { "line": 13, "column": null } },
      "1": { "start": { "line": 6, "column": 8 }, "end": { "line": 6, "column": null } },
      "2": { "start": { "line": 8, "column": 2 }, "end": { "line": 11, "column": null } }
    },
    "fnMap": {
      "0": {
        "name": "(anonymous_0)",
        "decl": { "start": { "line": 5, "column": 30 }, "end": { "line": 5, "column": 36 } },
        "loc": { "start": { "line": 5, "column": 36 }, "end": { "line": 13, "column": null } },
        "line": 5
      }
    },
    "branchMap": {},
    "s": { "0": 1, "1": 1, "2": 1 },
    "f": { "0": 1 },
    "b": {},
    "meta": {
      "lastBranch": 0,
      "lastFunction": 1,
      "lastStatement": 3,
      "seen": {
        "s:5:30:13:Infinity": 0,
        "f:5:30:5:36": 0,
        "s:6:8:6:Infinity": 1,
        "s:8:2:11:Infinity": 2
      }
    }
  },
  "D:\\popka\\SkillsZen\\SkillsZen\\src\\components\\shared\\backButton.tsx": {
    "path": "D:\\popka\\SkillsZen\\SkillsZen\\src\\components\\shared\\backButton.tsx",
    "statementMap": {
      "0": { "start": { "line": 11, "column": 13 }, "end": { "line": 44, "column": null } },
      "1": { "start": { "line": 12, "column": 8 }, "end": { "line": 12, "column": null } },
      "2": { "start": { "line": 13, "column": 8 }, "end": { "line": 13, "column": null } },
      "3": { "start": { "line": 15, "column": 21 }, "end": { "line": 28, "column": null } },
      "4": { "start": { "line": 16, "column": 17 }, "end": { "line": 16, "column": null } },
      "5": { "start": { "line": 17, "column": 25 }, "end": { "line": 17, "column": null } },
      "6": { "start": { "line": 20, "column": 27 }, "end": { "line": 20, "column": null } },
      "7": { "start": { "line": 21, "column": 28 }, "end": { "line": 21, "column": null } },
      "8": { "start": { "line": 21, "column": 58 }, "end": { "line": 21, "column": 77 } },
      "9": { "start": { "line": 23, "column": 4 }, "end": { "line": 27, "column": null } },
      "10": { "start": { "line": 24, "column": 6 }, "end": { "line": 24, "column": null } },
      "11": { "start": { "line": 26, "column": 6 }, "end": { "line": 26, "column": null } },
      "12": { "start": { "line": 30, "column": 2 }, "end": { "line": 42, "column": null } },
      "13": { "start": { "line": 46, "column": 0 }, "end": { "line": 46, "column": null } }
    },
    "fnMap": {
      "0": {
        "name": "(anonymous_0)",
        "decl": { "start": { "line": 11, "column": 58 }, "end": { "line": 11, "column": 59 } },
        "loc": { "start": { "line": 11, "column": 98 }, "end": { "line": 44, "column": 1 } },
        "line": 11
      },
      "1": {
        "name": "(anonymous_1)",
        "decl": { "start": { "line": 15, "column": 21 }, "end": { "line": 15, "column": 27 } },
        "loc": { "start": { "line": 15, "column": 27 }, "end": { "line": 28, "column": null } },
        "line": 15
      },
      "2": {
        "name": "(anonymous_2)",
        "decl": { "start": { "line": 21, "column": 48 }, "end": { "line": 21, "column": 49 } },
        "loc": { "start": { "line": 21, "column": 58 }, "end": { "line": 21, "column": 77 } },
        "line": 21
      }
    },
    "branchMap": {
      "0": {
        "loc": { "start": { "line": 11, "column": 61 }, "end": { "line": 11, "column": 77 } },
        "type": "default-arg",
        "locations": [
          { "start": { "line": 11, "column": 69 }, "end": { "line": 11, "column": 77 } }
        ],
        "line": 11
      },
      "1": {
        "loc": { "start": { "line": 11, "column": 77 }, "end": { "line": 11, "column": 92 } },
        "type": "default-arg",
        "locations": [
          { "start": { "line": 11, "column": 89 }, "end": { "line": 11, "column": 92 } }
        ],
        "line": 11
      },
      "2": {
        "loc": { "start": { "line": 17, "column": 25 }, "end": { "line": 17, "column": null } },
        "type": "binary-expr",
        "locations": [
          { "start": { "line": 17, "column": 25 }, "end": { "line": 17, "column": 65 } },
          { "start": { "line": 17, "column": 65 }, "end": { "line": 17, "column": null } }
        ],
        "line": 17
      },
      "3": {
        "loc": { "start": { "line": 23, "column": 4 }, "end": { "line": 27, "column": null } },
        "type": "if",
        "locations": [
          { "start": { "line": 23, "column": 4 }, "end": { "line": 27, "column": null } },
          { "start": { "line": 25, "column": 11 }, "end": { "line": 27, "column": null } }
        ],
        "line": 23
      },
      "4": {
        "loc": { "start": { "line": 23, "column": 8 }, "end": { "line": 23, "column": 50 } },
        "type": "binary-expr",
        "locations": [
          { "start": { "line": 23, "column": 8 }, "end": { "line": 23, "column": 27 } },
          { "start": { "line": 23, "column": 27 }, "end": { "line": 23, "column": 50 } }
        ],
        "line": 23
      }
    },
    "s": {
      "0": 7,
      "1": 20,
      "2": 20,
      "3": 20,
      "4": 2,
      "5": 2,
      "6": 2,
      "7": 2,
      "8": 4,
      "9": 2,
      "10": 1,
      "11": 1,
      "12": 20,
      "13": 7
    },
    "f": { "0": 20, "1": 2, "2": 4 },
    "b": { "0": [20], "1": [20], "2": [2, 1], "3": [1, 1], "4": [2, 1] },
    "meta": {
      "lastBranch": 5,
      "lastFunction": 3,
      "lastStatement": 14,
      "seen": {
        "s:11:13:44:Infinity": 0,
        "f:11:58:11:59": 0,
        "b:11:69:11:77": 0,
        "b:11:89:11:92": 1,
        "s:12:8:12:Infinity": 1,
        "s:13:8:13:Infinity": 2,
        "s:15:21:28:Infinity": 3,
        "f:15:21:15:27": 1,
        "s:16:17:16:Infinity": 4,
        "s:17:25:17:Infinity": 5,
        "b:17:25:17:65:17:65:17:Infinity": 2,
        "s:20:27:20:Infinity": 6,
        "s:21:28:21:Infinity": 7,
        "f:21:48:21:49": 2,
        "s:21:58:21:77": 8,
        "b:23:4:27:Infinity:25:11:27:Infinity": 3,
        "s:23:4:27:Infinity": 9,
        "b:23:8:23:27:23:27:23:50": 4,
        "s:24:6:24:Infinity": 10,
        "s:26:6:26:Infinity": 11,
        "s:30:2:42:Infinity": 12,
        "s:46:0:46:Infinity": 13
      }
    }
  },
  "D:\\popka\\SkillsZen\\SkillsZen\\src\\components\\shared\\footer.tsx": {
    "path": "D:\\popka\\SkillsZen\\SkillsZen\\src\\components\\shared\\footer.tsx",
    "statementMap": {
      "0": { "start": { "line": 6, "column": 8 }, "end": { "line": 6, "column": null } },
      "1": { "start": { "line": 8, "column": 21 }, "end": { "line": 13, "column": null } },
      "2": { "start": { "line": 15, "column": 2 }, "end": { "line": 64, "column": null } },
      "3": { "start": { "line": 34, "column": 16 }, "end": { "line": 47, "column": null } }
    },
    "fnMap": {
      "0": {
        "name": "Footer",
        "decl": { "start": { "line": 5, "column": 16 }, "end": { "line": 5, "column": 25 } },
        "loc": { "start": { "line": 5, "column": 25 }, "end": { "line": 66, "column": null } },
        "line": 5
      },
      "1": {
        "name": "(anonymous_1)",
        "decl": { "start": { "line": 33, "column": 30 }, "end": { "line": 33, "column": 31 } },
        "loc": { "start": { "line": 34, "column": 16 }, "end": { "line": 47, "column": null } },
        "line": 34
      }
    },
    "branchMap": {},
    "s": { "0": 5, "1": 5, "2": 5, "3": 20 },
    "f": { "0": 5, "1": 20 },
    "b": {},
    "meta": {
      "lastBranch": 0,
      "lastFunction": 2,
      "lastStatement": 4,
      "seen": {
        "f:5:16:5:25": 0,
        "s:6:8:6:Infinity": 0,
        "s:8:21:13:Infinity": 1,
        "s:15:2:64:Infinity": 2,
        "f:33:30:33:31": 1,
        "s:34:16:47:Infinity": 3
      }
    }
  },
  "D:\\popka\\SkillsZen\\SkillsZen\\src\\components\\shared\\header.tsx": {
    "path": "D:\\popka\\SkillsZen\\SkillsZen\\src\\components\\shared\\header.tsx",
    "statementMap": {
      "0": { "start": { "line": 9, "column": 40 }, "end": { "line": 9, "column": null } },
      "1": { "start": { "line": 10, "column": 8 }, "end": { "line": 10, "column": null } },
      "2": { "start": { "line": 12, "column": 23 }, "end": { "line": 15, "column": null } },
      "3": { "start": { "line": 13, "column": 4 }, "end": { "line": 13, "column": null } },
      "4": { "start": { "line": 14, "column": 4 }, "end": { "line": 14, "column": null } },
      "5": { "start": { "line": 17, "column": 2 }, "end": { "line": 82, "column": null } }
    },
    "fnMap": {
      "0": {
        "name": "Header",
        "decl": { "start": { "line": 8, "column": 16 }, "end": { "line": 8, "column": 25 } },
        "loc": { "start": { "line": 8, "column": 25 }, "end": { "line": 84, "column": null } },
        "line": 8
      },
      "1": {
        "name": "(anonymous_1)",
        "decl": { "start": { "line": 12, "column": 23 }, "end": { "line": 12, "column": 35 } },
        "loc": { "start": { "line": 12, "column": 35 }, "end": { "line": 15, "column": null } },
        "line": 12
      }
    },
    "branchMap": {
      "0": {
        "loc": { "start": { "line": 45, "column": 11 }, "end": { "line": 78, "column": null } },
        "type": "cond-expr",
        "locations": [
          { "start": { "line": 46, "column": 12 }, "end": { "line": 65, "column": null } },
          { "start": { "line": 67, "column": 12 }, "end": { "line": 78, "column": null } }
        ],
        "line": 45
      },
      "1": {
        "loc": { "start": { "line": 49, "column": 36 }, "end": { "line": 49, "column": 55 } },
        "type": "binary-expr",
        "locations": [
          { "start": { "line": 49, "column": 36 }, "end": { "line": 49, "column": 51 } },
          { "start": { "line": 49, "column": 51 }, "end": { "line": 49, "column": 55 } }
        ],
        "line": 49
      },
      "2": {
        "loc": { "start": { "line": 49, "column": 60 }, "end": { "line": 49, "column": 82 } },
        "type": "binary-expr",
        "locations": [
          { "start": { "line": 49, "column": 60 }, "end": { "line": 49, "column": 74 } },
          { "start": { "line": 49, "column": 74 }, "end": { "line": 49, "column": 82 } }
        ],
        "line": 49
      },
      "3": {
        "loc": { "start": { "line": 51, "column": 21 }, "end": { "line": 51, "column": null } },
        "type": "binary-expr",
        "locations": [
          { "start": { "line": 51, "column": 21 }, "end": { "line": 51, "column": 60 } },
          { "start": { "line": 51, "column": 60 }, "end": { "line": 51, "column": null } }
        ],
        "line": 51
      }
    },
    "s": { "0": 4, "1": 4, "2": 4, "3": 1, "4": 1, "5": 4 },
    "f": { "0": 4, "1": 1 },
    "b": { "0": [2, 2], "1": [2, 2], "2": [2, 0], "3": [2, 0] },
    "meta": {
      "lastBranch": 4,
      "lastFunction": 2,
      "lastStatement": 6,
      "seen": {
        "f:8:16:8:25": 0,
        "s:9:40:9:Infinity": 0,
        "s:10:8:10:Infinity": 1,
        "s:12:23:15:Infinity": 2,
        "f:12:23:12:35": 1,
        "s:13:4:13:Infinity": 3,
        "s:14:4:14:Infinity": 4,
        "s:17:2:82:Infinity": 5,
        "b:46:12:65:Infinity:67:12:78:Infinity": 0,
        "b:49:36:49:51:49:51:49:55": 1,
        "b:49:60:49:74:49:74:49:82": 2,
        "b:51:21:51:60:51:60:51:Infinity": 3
      }
    }
  },
  "D:\\popka\\SkillsZen\\SkillsZen\\src\\components\\shared\\nextQuestionButton.tsx": {
    "path": "D:\\popka\\SkillsZen\\SkillsZen\\src\\components\\shared\\nextQuestionButton.tsx",
    "statementMap": {
      "0": { "start": { "line": 11, "column": 54 }, "end": { "line": 33, "column": null } },
      "1": { "start": { "line": 12, "column": 8 }, "end": { "line": 12, "column": null } },
      "2": { "start": { "line": 13, "column": 2 }, "end": { "line": 31, "column": null } },
      "3": { "start": { "line": 25, "column": 22 }, "end": { "line": 25, "column": null } }
    },
    "fnMap": {
      "0": {
        "name": "(anonymous_0)",
        "decl": { "start": { "line": 11, "column": 54 }, "end": { "line": 11, "column": 55 } },
        "loc": { "start": { "line": 11, "column": 81 }, "end": { "line": 33, "column": null } },
        "line": 11
      },
      "1": {
        "name": "(anonymous_1)",
        "decl": { "start": { "line": 25, "column": 15 }, "end": { "line": 25, "column": 22 } },
        "loc": { "start": { "line": 25, "column": 22 }, "end": { "line": 25, "column": null } },
        "line": 25
      }
    },
    "branchMap": {
      "0": {
        "loc": { "start": { "line": 17, "column": 8 }, "end": { "line": 22, "column": null } },
        "type": "cond-expr",
        "locations": [
          { "start": { "line": 18, "column": 12 }, "end": { "line": 21, "column": null } },
          { "start": { "line": 22, "column": 12 }, "end": { "line": 22, "column": null } }
        ],
        "line": 17
      },
      "1": {
        "loc": { "start": { "line": 25, "column": 22 }, "end": { "line": 25, "column": null } },
        "type": "cond-expr",
        "locations": [
          { "start": { "line": 25, "column": 32 }, "end": { "line": 25, "column": 44 } },
          { "start": { "line": 25, "column": 44 }, "end": { "line": 25, "column": null } }
        ],
        "line": 25
      }
    },
    "s": { "0": 2, "1": 2, "2": 2, "3": 0 },
    "f": { "0": 2, "1": 0 },
    "b": { "0": [2, 0], "1": [0, 0] },
    "meta": {
      "lastBranch": 2,
      "lastFunction": 2,
      "lastStatement": 4,
      "seen": {
        "s:11:54:33:Infinity": 0,
        "f:11:54:11:55": 0,
        "s:12:8:12:Infinity": 1,
        "s:13:2:31:Infinity": 2,
        "b:18:12:21:Infinity:22:12:22:Infinity": 0,
        "f:25:15:25:22": 1,
        "s:25:22:25:Infinity": 3,
        "b:25:32:25:44:25:44:25:Infinity": 1
      }
    }
  },
  "D:\\popka\\SkillsZen\\SkillsZen\\src\\components\\shared\\seeResultsButton.tsx": {
    "path": "D:\\popka\\SkillsZen\\SkillsZen\\src\\components\\shared\\seeResultsButton.tsx",
    "statementMap": {
      "0": { "start": { "line": 15, "column": 52 }, "end": { "line": 37, "column": null } },
      "1": { "start": { "line": 16, "column": 8 }, "end": { "line": 16, "column": null } },
      "2": { "start": { "line": 17, "column": 2 }, "end": { "line": 35, "column": null } },
      "3": { "start": { "line": 28, "column": 21 }, "end": { "line": 28, "column": null } }
    },
    "fnMap": {
      "0": {
        "name": "(anonymous_0)",
        "decl": { "start": { "line": 15, "column": 52 }, "end": { "line": 15, "column": 53 } },
        "loc": { "start": { "line": 15, "column": 78 }, "end": { "line": 37, "column": null } },
        "line": 15
      },
      "1": {
        "name": "(anonymous_1)",
        "decl": { "start": { "line": 28, "column": 15 }, "end": { "line": 28, "column": 21 } },
        "loc": { "start": { "line": 28, "column": 21 }, "end": { "line": 28, "column": null } },
        "line": 28
      }
    },
    "branchMap": {
      "0": {
        "loc": { "start": { "line": 21, "column": 8 }, "end": { "line": 26, "column": null } },
        "type": "cond-expr",
        "locations": [
          { "start": { "line": 22, "column": 12 }, "end": { "line": 25, "column": null } },
          { "start": { "line": 26, "column": 12 }, "end": { "line": 26, "column": null } }
        ],
        "line": 21
      }
    },
    "s": { "0": 2, "1": 0, "2": 0, "3": 0 },
    "f": { "0": 0, "1": 0 },
    "b": { "0": [0, 0] },
    "meta": {
      "lastBranch": 1,
      "lastFunction": 2,
      "lastStatement": 4,
      "seen": {
        "s:15:52:37:Infinity": 0,
        "f:15:52:15:53": 0,
        "s:16:8:16:Infinity": 1,
        "s:17:2:35:Infinity": 2,
        "b:22:12:25:Infinity:26:12:26:Infinity": 0,
        "f:28:15:28:21": 1,
        "s:28:21:28:Infinity": 3
      }
    }
  },
  "D:\\popka\\SkillsZen\\SkillsZen\\src\\components\\shared\\toMenuButton.tsx": {
    "path": "D:\\popka\\SkillsZen\\SkillsZen\\src\\components\\shared\\toMenuButton.tsx",
    "statementMap": {
      "0": { "start": { "line": 6, "column": 8 }, "end": { "line": 6, "column": null } },
      "1": { "start": { "line": 8, "column": 21 }, "end": { "line": 11, "column": null } },
      "2": { "start": { "line": 9, "column": 25 }, "end": { "line": 9, "column": null } },
      "3": { "start": { "line": 10, "column": 4 }, "end": { "line": 10, "column": null } },
      "4": { "start": { "line": 13, "column": 2 }, "end": { "line": 17, "column": null } }
    },
    "fnMap": {
      "0": {
        "name": "ToMenuButton",
        "decl": { "start": { "line": 5, "column": 24 }, "end": { "line": 5, "column": 39 } },
        "loc": { "start": { "line": 5, "column": 39 }, "end": { "line": 19, "column": null } },
        "line": 5
      },
      "1": {
        "name": "(anonymous_1)",
        "decl": { "start": { "line": 8, "column": 21 }, "end": { "line": 8, "column": 27 } },
        "loc": { "start": { "line": 8, "column": 27 }, "end": { "line": 11, "column": null } },
        "line": 8
      }
    },
    "branchMap": {
      "0": {
        "loc": { "start": { "line": 9, "column": 25 }, "end": { "line": 9, "column": null } },
        "type": "binary-expr",
        "locations": [
          { "start": { "line": 9, "column": 25 }, "end": { "line": 9, "column": 65 } },
          { "start": { "line": 9, "column": 65 }, "end": { "line": 9, "column": null } }
        ],
        "line": 9
      }
    },
    "s": { "0": 0, "1": 0, "2": 0, "3": 0, "4": 0 },
    "f": { "0": 0, "1": 0 },
    "b": { "0": [0, 0] },
    "meta": {
      "lastBranch": 1,
      "lastFunction": 2,
      "lastStatement": 5,
      "seen": {
        "f:5:24:5:39": 0,
        "s:6:8:6:Infinity": 0,
        "s:8:21:11:Infinity": 1,
        "f:8:21:8:27": 1,
        "s:9:25:9:Infinity": 2,
        "b:9:25:9:65:9:65:9:Infinity": 0,
        "s:10:4:10:Infinity": 3,
        "s:13:2:17:Infinity": 4
      }
    }
  },
  "D:\\popka\\SkillsZen\\SkillsZen\\src\\components\\shared\\AI chat\\ChatHeader.tsx": {
    "path": "D:\\popka\\SkillsZen\\SkillsZen\\src\\components\\shared\\AI chat\\ChatHeader.tsx",
    "statementMap": {
      "0": { "start": { "line": 11, "column": 13 }, "end": { "line": 47, "column": null } },
      "1": { "start": { "line": 12, "column": 8 }, "end": { "line": 12, "column": null } },
      "2": { "start": { "line": 14, "column": 2 }, "end": { "line": 45, "column": null } },
      "3": { "start": { "line": 49, "column": 0 }, "end": { "line": 49, "column": null } }
    },
    "fnMap": {
      "0": {
        "name": "(anonymous_0)",
        "decl": { "start": { "line": 11, "column": 58 }, "end": { "line": 11, "column": 59 } },
        "loc": { "start": { "line": 11, "column": 72 }, "end": { "line": 47, "column": 1 } },
        "line": 11
      }
    },
    "branchMap": {
      "0": {
        "loc": { "start": { "line": 12, "column": 8 }, "end": { "line": 12, "column": null } },
        "type": "binary-expr",
        "locations": [
          { "start": { "line": 12, "column": 8 }, "end": { "line": 12, "column": 56 } },
          { "start": { "line": 12, "column": 56 }, "end": { "line": 12, "column": null } }
        ],
        "line": 12
      },
      "1": {
        "loc": { "start": { "line": 12, "column": 21 }, "end": { "line": 12, "column": 39 } },
        "type": "binary-expr",
        "locations": [
          { "start": { "line": 12, "column": 21 }, "end": { "line": 12, "column": 35 } },
          { "start": { "line": 12, "column": 35 }, "end": { "line": 12, "column": 39 } }
        ],
        "line": 12
      },
      "2": {
        "loc": { "start": { "line": 32, "column": 11 }, "end": { "line": 41, "column": null } },
        "type": "cond-expr",
        "locations": [
          { "start": { "line": 33, "column": 12 }, "end": { "line": 37, "column": null } },
          { "start": { "line": 39, "column": 12 }, "end": { "line": 41, "column": null } }
        ],
        "line": 32
      },
      "3": {
        "loc": { "start": { "line": 36, "column": 19 }, "end": { "line": 36, "column": null } },
        "type": "binary-expr",
        "locations": [
          { "start": { "line": 36, "column": 19 }, "end": { "line": 36, "column": 32 } },
          { "start": { "line": 36, "column": 32 }, "end": { "line": 36, "column": null } }
        ],
        "line": 36
      }
    },
    "s": { "0": 1, "1": 22, "2": 22, "3": 1 },
    "f": { "0": 22 },
    "b": { "0": [22, 0], "1": [22, 0], "2": [22, 0], "3": [22, 0] },
    "meta": {
      "lastBranch": 4,
      "lastFunction": 1,
      "lastStatement": 4,
      "seen": {
        "s:11:13:47:Infinity": 0,
        "f:11:58:11:59": 0,
        "s:12:8:12:Infinity": 1,
        "b:12:8:12:56:12:56:12:Infinity": 0,
        "b:12:21:12:35:12:35:12:39": 1,
        "s:14:2:45:Infinity": 2,
        "b:33:12:37:Infinity:39:12:41:Infinity": 2,
        "b:36:19:36:32:36:32:36:Infinity": 3,
        "s:49:0:49:Infinity": 3
      }
    }
  },
  "D:\\popka\\SkillsZen\\SkillsZen\\src\\components\\shared\\AI chat\\ChatInput.tsx": {
    "path": "D:\\popka\\SkillsZen\\SkillsZen\\src\\components\\shared\\AI chat\\ChatInput.tsx",
    "statementMap": {
      "0": { "start": { "line": 12, "column": 51 }, "end": { "line": 40, "column": null } },
      "1": { "start": { "line": 13, "column": 15 }, "end": { "line": 13, "column": null } },
      "2": { "start": { "line": 15, "column": 2 }, "end": { "line": 38, "column": null } },
      "3": { "start": { "line": 21, "column": 27 }, "end": { "line": 21, "column": null } },
      "4": { "start": { "line": 22, "column": 28 }, "end": { "line": 22, "column": null } }
    },
    "fnMap": {
      "0": {
        "name": "(anonymous_0)",
        "decl": { "start": { "line": 12, "column": 51 }, "end": { "line": 12, "column": 52 } },
        "loc": { "start": { "line": 12, "column": 94 }, "end": { "line": 40, "column": null } },
        "line": 12
      },
      "1": {
        "name": "(anonymous_1)",
        "decl": { "start": { "line": 21, "column": 20 }, "end": { "line": 21, "column": 21 } },
        "loc": { "start": { "line": 21, "column": 27 }, "end": { "line": 21, "column": null } },
        "line": 21
      },
      "2": {
        "name": "(anonymous_2)",
        "decl": { "start": { "line": 22, "column": 21 }, "end": { "line": 22, "column": 22 } },
        "loc": { "start": { "line": 22, "column": 28 }, "end": { "line": 22, "column": null } },
        "line": 22
      }
    },
    "branchMap": {
      "0": {
        "loc": { "start": { "line": 22, "column": 28 }, "end": { "line": 22, "column": null } },
        "type": "binary-expr",
        "locations": [
          { "start": { "line": 22, "column": 28 }, "end": { "line": 22, "column": 49 } },
          { "start": { "line": 22, "column": 49 }, "end": { "line": 22, "column": 62 } },
          { "start": { "line": 22, "column": 62 }, "end": { "line": 22, "column": 78 } },
          { "start": { "line": 22, "column": 78 }, "end": { "line": 22, "column": null } }
        ],
        "line": 22
      },
      "1": {
        "loc": { "start": { "line": 23, "column": 41 }, "end": { "line": 23, "column": 75 } },
        "type": "binary-expr",
        "locations": [
          { "start": { "line": 23, "column": 41 }, "end": { "line": 23, "column": 70 } },
          { "start": { "line": 23, "column": 70 }, "end": { "line": 23, "column": 75 } }
        ],
        "line": 23
      },
      "2": {
        "loc": { "start": { "line": 29, "column": 20 }, "end": { "line": 29, "column": null } },
        "type": "binary-expr",
        "locations": [
          { "start": { "line": 29, "column": 20 }, "end": { "line": 29, "column": 37 } },
          { "start": { "line": 29, "column": 37 }, "end": { "line": 29, "column": null } }
        ],
        "line": 29
      }
    },
    "s": { "0": 1, "1": 22, "2": 22, "3": 12, "4": 14 },
    "f": { "0": 22, "1": 12, "2": 14 },
    "b": { "0": [14, 2, 2, 2], "1": [22, 0], "2": [22, 13] },
    "meta": {
      "lastBranch": 3,
      "lastFunction": 3,
      "lastStatement": 5,
      "seen": {
        "s:12:51:40:Infinity": 0,
        "f:12:51:12:52": 0,
        "s:13:15:13:Infinity": 1,
        "s:15:2:38:Infinity": 2,
        "f:21:20:21:21": 1,
        "s:21:27:21:Infinity": 3,
        "f:22:21:22:22": 2,
        "s:22:28:22:Infinity": 4,
        "b:22:28:22:49:22:49:22:62:22:62:22:78:22:78:22:Infinity": 0,
        "b:23:41:23:70:23:70:23:75": 1,
        "b:29:20:29:37:29:37:29:Infinity": 2
      }
    }
  },
  "D:\\popka\\SkillsZen\\SkillsZen\\src\\components\\shared\\AI chat\\ChatMessageItem.tsx": {
    "path": "D:\\popka\\SkillsZen\\SkillsZen\\src\\components\\shared\\AI chat\\ChatMessageItem.tsx",
    "statementMap": {
      "0": { "start": { "line": 15, "column": 63 }, "end": { "line": 115, "column": null } },
      "1": { "start": { "line": 16, "column": 17 }, "end": { "line": 16, "column": null } },
      "2": { "start": { "line": 17, "column": 36 }, "end": { "line": 17, "column": null } },
      "3": { "start": { "line": 19, "column": 41 }, "end": { "line": 77, "column": null } },
      "4": { "start": { "line": 21, "column": 20 }, "end": { "line": 21, "column": null } },
      "5": { "start": { "line": 22, "column": 23 }, "end": { "line": 22, "column": null } },
      "6": { "start": { "line": 24, "column": 6 }, "end": { "line": 50, "column": null } },
      "7": { "start": { "line": 54, "column": 6 }, "end": { "line": 64, "column": null } },
      "8": { "start": { "line": 61, "column": 14 }, "end": { "line": 61, "column": null } },
      "9": { "start": { "line": 68, "column": 6 }, "end": { "line": 74, "column": null } },
      "10": { "start": { "line": 79, "column": 2 }, "end": { "line": 113, "column": null } },
      "11": { "start": { "line": 90, "column": 29 }, "end": { "line": 90, "column": null } }
    },
    "fnMap": {
      "0": {
        "name": "(anonymous_0)",
        "decl": { "start": { "line": 15, "column": 63 }, "end": { "line": 15, "column": 64 } },
        "loc": { "start": { "line": 15, "column": 87 }, "end": { "line": 115, "column": null } },
        "line": 15
      },
      "1": {
        "name": "(anonymous_1)",
        "decl": { "start": { "line": 20, "column": 4 }, "end": { "line": 20, "column": 9 } },
        "loc": { "start": { "line": 20, "column": 44 }, "end": { "line": 52, "column": null } },
        "line": 20
      },
      "2": {
        "name": "(anonymous_2)",
        "decl": { "start": { "line": 53, "column": 4 }, "end": { "line": 53, "column": 8 } },
        "loc": { "start": { "line": 53, "column": 22 }, "end": { "line": 66, "column": null } },
        "line": 53
      },
      "3": {
        "name": "(anonymous_3)",
        "decl": { "start": { "line": 60, "column": 19 }, "end": { "line": 60, "column": 20 } },
        "loc": { "start": { "line": 60, "column": 26 }, "end": { "line": 62, "column": null } },
        "line": 60
      },
      "4": {
        "name": "(anonymous_4)",
        "decl": { "start": { "line": 67, "column": 4 }, "end": { "line": 67, "column": 6 } },
        "loc": { "start": { "line": 67, "column": 20 }, "end": { "line": 76, "column": null } },
        "line": 67
      },
      "5": {
        "name": "(anonymous_5)",
        "decl": { "start": { "line": 90, "column": 23 }, "end": { "line": 90, "column": 29 } },
        "loc": { "start": { "line": 90, "column": 29 }, "end": { "line": 90, "column": null } },
        "line": 90
      }
    },
    "branchMap": {
      "0": {
        "loc": { "start": { "line": 21, "column": 42 }, "end": { "line": 21, "column": 57 } },
        "type": "binary-expr",
        "locations": [
          { "start": { "line": 21, "column": 42 }, "end": { "line": 21, "column": 55 } },
          { "start": { "line": 21, "column": 55 }, "end": { "line": 21, "column": 57 } }
        ],
        "line": 21
      },
      "1": {
        "loc": { "start": { "line": 22, "column": 23 }, "end": { "line": 22, "column": null } },
        "type": "cond-expr",
        "locations": [
          { "start": { "line": 22, "column": 31 }, "end": { "line": 22, "column": 42 } },
          { "start": { "line": 22, "column": 42 }, "end": { "line": 22, "column": null } }
        ],
        "line": 22
      },
      "2": {
        "loc": { "start": { "line": 24, "column": 13 }, "end": { "line": 50, "column": null } },
        "type": "cond-expr",
        "locations": [
          { "start": { "line": 25, "column": 8 }, "end": { "line": 43, "column": null } },
          { "start": { "line": 45, "column": 8 }, "end": { "line": 50, "column": null } }
        ],
        "line": 24
      },
      "3": {
        "loc": { "start": { "line": 63, "column": 15 }, "end": { "line": 63, "column": null } },
        "type": "binary-expr",
        "locations": [
          { "start": { "line": 63, "column": 15 }, "end": { "line": 63, "column": 28 } },
          { "start": { "line": 63, "column": 28 }, "end": { "line": 63, "column": null } }
        ],
        "line": 63
      },
      "4": {
        "loc": { "start": { "line": 81, "column": 31 }, "end": { "line": 81, "column": 63 } },
        "type": "cond-expr",
        "locations": [
          { "start": { "line": 81, "column": 40 }, "end": { "line": 81, "column": 61 } },
          { "start": { "line": 81, "column": 61 }, "end": { "line": 81, "column": 63 } }
        ],
        "line": 81
      },
      "5": {
        "loc": { "start": { "line": 84, "column": 9 }, "end": { "line": 96, "column": null } },
        "type": "cond-expr",
        "locations": [
          { "start": { "line": 85, "column": 10 }, "end": { "line": 93, "column": null } },
          { "start": { "line": 96, "column": 10 }, "end": { "line": 96, "column": null } }
        ],
        "line": 84
      },
      "6": {
        "loc": { "start": { "line": 85, "column": 10 }, "end": { "line": 93, "column": null } },
        "type": "cond-expr",
        "locations": [
          { "start": { "line": 86, "column": 12 }, "end": { "line": 91, "column": null } },
          { "start": { "line": 93, "column": 12 }, "end": { "line": 93, "column": null } }
        ],
        "line": 85
      },
      "7": {
        "loc": { "start": { "line": 85, "column": 10 }, "end": { "line": 85, "column": null } },
        "type": "binary-expr",
        "locations": [
          { "start": { "line": 85, "column": 10 }, "end": { "line": 85, "column": 23 } },
          { "start": { "line": 85, "column": 23 }, "end": { "line": 85, "column": null } }
        ],
        "line": 85
      },
      "8": {
        "loc": { "start": { "line": 102, "column": 10 }, "end": { "line": 104, "column": null } },
        "type": "cond-expr",
        "locations": [
          { "start": { "line": 103, "column": 14 }, "end": { "line": 103, "column": null } },
          { "start": { "line": 104, "column": 14 }, "end": { "line": 104, "column": null } }
        ],
        "line": 102
      },
      "9": {
        "loc": { "start": { "line": 107, "column": 53 }, "end": { "line": 107, "column": 92 } },
        "type": "cond-expr",
        "locations": [
          { "start": { "line": 107, "column": 62 }, "end": { "line": 107, "column": 79 } },
          { "start": { "line": 107, "column": 79 }, "end": { "line": 107, "column": 92 } }
        ],
        "line": 107
      }
    },
    "s": {
      "0": 2,
      "1": 17,
      "2": 17,
      "3": 17,
      "4": 2,
      "5": 2,
      "6": 2,
      "7": 1,
      "8": 1,
      "9": 1,
      "10": 17,
      "11": 1
    },
    "f": { "0": 17, "1": 2, "2": 1, "3": 1, "4": 1, "5": 1 },
    "b": {
      "0": [2, 1],
      "1": [1, 1],
      "2": [1, 1],
      "3": [1, 0],
      "4": [11, 6],
      "5": [11, 6],
      "6": [10, 1],
      "7": [11, 11],
      "8": [11, 6],
      "9": [11, 6]
    },
    "meta": {
      "lastBranch": 10,
      "lastFunction": 6,
      "lastStatement": 12,
      "seen": {
        "s:15:63:115:Infinity": 0,
        "f:15:63:15:64": 0,
        "s:16:17:16:Infinity": 1,
        "s:17:36:17:Infinity": 2,
        "s:19:41:77:Infinity": 3,
        "f:20:4:20:9": 1,
        "s:21:20:21:Infinity": 4,
        "b:21:42:21:55:21:55:21:57": 0,
        "s:22:23:22:Infinity": 5,
        "b:22:31:22:42:22:42:22:Infinity": 1,
        "s:24:6:50:Infinity": 6,
        "b:25:8:43:Infinity:45:8:50:Infinity": 2,
        "f:53:4:53:8": 2,
        "s:54:6:64:Infinity": 7,
        "f:60:19:60:20": 3,
        "s:61:14:61:Infinity": 8,
        "b:63:15:63:28:63:28:63:Infinity": 3,
        "f:67:4:67:6": 4,
        "s:68:6:74:Infinity": 9,
        "s:79:2:113:Infinity": 10,
        "b:81:40:81:61:81:61:81:63": 4,
        "b:85:10:93:Infinity:96:10:96:Infinity": 5,
        "b:86:12:91:Infinity:93:12:93:Infinity": 6,
        "b:85:10:85:23:85:23:85:Infinity": 7,
        "f:90:23:90:29": 5,
        "s:90:29:90:Infinity": 11,
        "b:103:14:103:Infinity:104:14:104:Infinity": 8,
        "b:107:62:107:79:107:79:107:92": 9
      }
    }
  },
  "D:\\popka\\SkillsZen\\SkillsZen\\src\\components\\shared\\AI chat\\ConfirmationChatModal.tsx": {
    "path": "D:\\popka\\SkillsZen\\SkillsZen\\src\\components\\shared\\AI chat\\ConfirmationChatModal.tsx",
    "statementMap": {
      "0": { "start": { "line": 12, "column": 75 }, "end": { "line": 65, "column": null } },
      "1": { "start": { "line": 19, "column": 2 }, "end": { "line": 19, "column": null } },
      "2": { "start": { "line": 19, "column": 15 }, "end": { "line": 19, "column": null } },
      "3": { "start": { "line": 21, "column": 2 }, "end": { "line": 63, "column": null } },
      "4": { "start": { "line": 46, "column": 16 }, "end": { "line": 46, "column": null } },
      "5": { "start": { "line": 47, "column": 16 }, "end": { "line": 47, "column": null } }
    },
    "fnMap": {
      "0": {
        "name": "(anonymous_0)",
        "decl": { "start": { "line": 12, "column": 75 }, "end": { "line": 12, "column": 76 } },
        "loc": { "start": { "line": 18, "column": 6 }, "end": { "line": 65, "column": null } },
        "line": 18
      },
      "1": {
        "name": "(anonymous_1)",
        "decl": { "start": { "line": 45, "column": 23 }, "end": { "line": 45, "column": 29 } },
        "loc": { "start": { "line": 45, "column": 29 }, "end": { "line": 48, "column": null } },
        "line": 45
      }
    },
    "branchMap": {
      "0": {
        "loc": { "start": { "line": 19, "column": 2 }, "end": { "line": 19, "column": null } },
        "type": "if",
        "locations": [
          { "start": { "line": 19, "column": 2 }, "end": { "line": 19, "column": null } },
          { "start": {}, "end": {} }
        ],
        "line": 19
      }
    },
    "s": { "0": 1, "1": 22, "2": 21, "3": 1, "4": 1, "5": 1 },
    "f": { "0": 22, "1": 1 },
    "b": { "0": [21, 1] },
    "meta": {
      "lastBranch": 1,
      "lastFunction": 2,
      "lastStatement": 6,
      "seen": {
        "s:12:75:65:Infinity": 0,
        "f:12:75:12:76": 0,
        "b:19:2:19:Infinity:undefined:undefined:undefined:undefined": 0,
        "s:19:2:19:Infinity": 1,
        "s:19:15:19:Infinity": 2,
        "s:21:2:63:Infinity": 3,
        "f:45:23:45:29": 1,
        "s:46:16:46:Infinity": 4,
        "s:47:16:47:Infinity": 5
      }
    }
  },
  "D:\\popka\\SkillsZen\\SkillsZen\\src\\components\\shared\\AI chat\\EmptyChat.tsx": {
    "path": "D:\\popka\\SkillsZen\\SkillsZen\\src\\components\\shared\\AI chat\\EmptyChat.tsx",
    "statementMap": {
      "0": { "start": { "line": 3, "column": 54 }, "end": { "line": 10, "column": null } },
      "1": { "start": { "line": 4, "column": 2 }, "end": { "line": 10, "column": null } }
    },
    "fnMap": {
      "0": {
        "name": "(anonymous_0)",
        "decl": { "start": { "line": 3, "column": 54 }, "end": { "line": 3, "column": 55 } },
        "loc": { "start": { "line": 4, "column": 2 }, "end": { "line": 10, "column": null } },
        "line": 4
      }
    },
    "branchMap": {},
    "s": { "0": 0, "1": 0 },
    "f": { "0": 0 },
    "b": {},
    "meta": {
      "lastBranch": 0,
      "lastFunction": 1,
      "lastStatement": 2,
      "seen": { "s:3:54:10:Infinity": 0, "f:3:54:3:55": 0, "s:4:2:10:Infinity": 1 }
    }
  },
  "D:\\popka\\SkillsZen\\SkillsZen\\src\\components\\shared\\AI chat\\SyncOverLay.tsx": {
    "path": "D:\\popka\\SkillsZen\\SkillsZen\\src\\components\\shared\\AI chat\\SyncOverLay.tsx",
    "statementMap": {
      "0": { "start": { "line": 3, "column": 27 }, "end": { "line": 9, "column": null } },
      "1": { "start": { "line": 4, "column": 2 }, "end": { "line": 9, "column": null } }
    },
    "fnMap": {
      "0": {
        "name": "(anonymous_0)",
        "decl": { "start": { "line": 3, "column": 27 }, "end": { "line": 3, "column": null } },
        "loc": { "start": { "line": 4, "column": 2 }, "end": { "line": 9, "column": null } },
        "line": 4
      }
    },
    "branchMap": {},
    "s": { "0": 1, "1": 0 },
    "f": { "0": 0 },
    "b": {},
    "meta": {
      "lastBranch": 0,
      "lastFunction": 1,
      "lastStatement": 2,
      "seen": { "s:3:27:9:Infinity": 0, "f:3:27:3:Infinity": 0, "s:4:2:9:Infinity": 1 }
    }
  },
  "D:\\popka\\SkillsZen\\SkillsZen\\src\\components\\shared\\AI chat\\TypingIndicator.tsx": {
    "path": "D:\\popka\\SkillsZen\\SkillsZen\\src\\components\\shared\\AI chat\\TypingIndicator.tsx",
    "statementMap": {
      "0": { "start": { "line": 3, "column": 41 }, "end": { "line": 17, "column": null } },
      "1": { "start": { "line": 4, "column": 2 }, "end": { "line": 17, "column": null } },
      "2": { "start": { "line": 10, "column": 8 }, "end": { "line": 14, "column": null } }
    },
    "fnMap": {
      "0": {
        "name": "(anonymous_0)",
        "decl": { "start": { "line": 3, "column": 41 }, "end": { "line": 3, "column": null } },
        "loc": { "start": { "line": 4, "column": 2 }, "end": { "line": 17, "column": null } },
        "line": 4
      },
      "1": {
        "name": "(anonymous_1)",
        "decl": { "start": { "line": 9, "column": 25 }, "end": { "line": 9, "column": 26 } },
        "loc": { "start": { "line": 10, "column": 8 }, "end": { "line": 14, "column": null } },
        "line": 10
      }
    },
    "branchMap": {},
    "s": { "0": 1, "1": 2, "2": 6 },
    "f": { "0": 2, "1": 6 },
    "b": {},
    "meta": {
      "lastBranch": 0,
      "lastFunction": 2,
      "lastStatement": 3,
      "seen": {
        "s:3:41:17:Infinity": 0,
        "f:3:41:3:Infinity": 0,
        "s:4:2:17:Infinity": 1,
        "f:9:25:9:26": 1,
        "s:10:8:14:Infinity": 2
      }
    }
  },
  "D:\\popka\\SkillsZen\\SkillsZen\\src\\components\\shared\\Auth\\AuthFormLayout.tsx": {
    "path": "D:\\popka\\SkillsZen\\SkillsZen\\src\\components\\shared\\Auth\\AuthFormLayout.tsx",
    "statementMap": {
      "0": { "start": { "line": 25, "column": 2 }, "end": { "line": 25, "column": null } },
      "1": { "start": { "line": 27, "column": 2 }, "end": { "line": 88, "column": null } }
    },
    "fnMap": {
      "0": {
        "name": "AuthFormLayout",
        "decl": { "start": { "line": 10, "column": 16 }, "end": { "line": 10, "column": 31 } },
        "loc": { "start": { "line": 20, "column": 18 }, "end": { "line": 90, "column": null } },
        "line": 20
      }
    },
    "branchMap": {
      "0": {
        "loc": { "start": { "line": 34, "column": 13 }, "end": { "line": 41, "column": null } },
        "type": "binary-expr",
        "locations": [
          { "start": { "line": 34, "column": 13 }, "end": { "line": 34, "column": null } },
          { "start": { "line": 35, "column": 14 }, "end": { "line": 41, "column": null } }
        ],
        "line": 34
      },
      "1": {
        "loc": { "start": { "line": 63, "column": 24 }, "end": { "line": 63, "column": null } },
        "type": "binary-expr",
        "locations": [
          { "start": { "line": 63, "column": 24 }, "end": { "line": 63, "column": 36 } },
          { "start": { "line": 63, "column": 36 }, "end": { "line": 63, "column": null } }
        ],
        "line": 63
      },
      "2": {
        "loc": { "start": { "line": 66, "column": 15 }, "end": { "line": 72, "column": null } },
        "type": "cond-expr",
        "locations": [
          { "start": { "line": 67, "column": 16 }, "end": { "line": 67, "column": null } },
          { "start": { "line": 69, "column": 16 }, "end": { "line": 72, "column": null } }
        ],
        "line": 66
      }
    },
    "s": { "0": 73, "1": 73 },
    "f": { "0": 73 },
    "b": { "0": [73, 27], "1": [73, 23], "2": [9, 64] },
    "meta": {
      "lastBranch": 3,
      "lastFunction": 1,
      "lastStatement": 2,
      "seen": {
        "f:10:16:10:31": 0,
        "s:25:2:25:Infinity": 0,
        "s:27:2:88:Infinity": 1,
        "b:34:13:34:Infinity:35:14:41:Infinity": 0,
        "b:63:24:63:36:63:36:63:Infinity": 1,
        "b:67:16:67:Infinity:69:16:72:Infinity": 2
      }
    }
  },
  "D:\\popka\\SkillsZen\\SkillsZen\\src\\components\\shared\\Auth\\AuthHeader.tsx": {
    "path": "D:\\popka\\SkillsZen\\SkillsZen\\src\\components\\shared\\Auth\\AuthHeader.tsx",
    "statementMap": {
      "0": { "start": { "line": 3, "column": 26 }, "end": { "line": 9, "column": null } },
      "1": { "start": { "line": 4, "column": 2 }, "end": { "line": 9, "column": null } }
    },
    "fnMap": {
      "0": {
        "name": "(anonymous_0)",
        "decl": { "start": { "line": 3, "column": 26 }, "end": { "line": 3, "column": 27 } },
        "loc": { "start": { "line": 4, "column": 2 }, "end": { "line": 9, "column": null } },
        "line": 4
      }
    },
    "branchMap": {
      "0": {
        "loc": { "start": { "line": 7, "column": 7 }, "end": { "line": 7, "column": null } },
        "type": "cond-expr",
        "locations": [
          { "start": { "line": 7, "column": 18 }, "end": { "line": 7, "column": 55 } },
          { "start": { "line": 7, "column": 55 }, "end": { "line": 7, "column": null } }
        ],
        "line": 7
      }
    },
    "s": { "0": 3, "1": 73 },
    "f": { "0": 73 },
    "b": { "0": [27, 46] },
    "meta": {
      "lastBranch": 1,
      "lastFunction": 1,
      "lastStatement": 2,
      "seen": {
        "s:3:26:9:Infinity": 0,
        "f:3:26:3:27": 0,
        "s:4:2:9:Infinity": 1,
        "b:7:18:7:55:7:55:7:Infinity": 0
      }
    }
  },
  "D:\\popka\\SkillsZen\\SkillsZen\\src\\components\\shared\\Auth\\FormInput.tsx": {
    "path": "D:\\popka\\SkillsZen\\SkillsZen\\src\\components\\shared\\Auth\\FormInput.tsx",
    "statementMap": {
      "0": { "start": { "line": 14, "column": 25 }, "end": { "line": 36, "column": null } },
      "1": { "start": { "line": 22, "column": 2 }, "end": { "line": 36, "column": null } }
    },
    "fnMap": {
      "0": {
        "name": "(anonymous_0)",
        "decl": { "start": { "line": 14, "column": 25 }, "end": { "line": 14, "column": 26 } },
        "loc": { "start": { "line": 22, "column": 2 }, "end": { "line": 36, "column": null } },
        "line": 22
      }
    },
    "branchMap": {
      "0": {
        "loc": { "start": { "line": 17, "column": 2 }, "end": { "line": 17, "column": null } },
        "type": "default-arg",
        "locations": [
          { "start": { "line": 17, "column": 9 }, "end": { "line": 17, "column": null } }
        ],
        "line": 17
      },
      "1": {
        "loc": { "start": { "line": 32, "column": 8 }, "end": { "line": 32, "column": null } },
        "type": "cond-expr",
        "locations": [
          { "start": { "line": 32, "column": 16 }, "end": { "line": 32, "column": 70 } },
          { "start": { "line": 32, "column": 70 }, "end": { "line": 32, "column": null } }
        ],
        "line": 32
      },
      "2": {
        "loc": { "start": { "line": 35, "column": 5 }, "end": { "line": 35, "column": null } },
        "type": "binary-expr",
        "locations": [
          { "start": { "line": 35, "column": 5 }, "end": { "line": 35, "column": 14 } },
          { "start": { "line": 35, "column": 14 }, "end": { "line": 35, "column": null } }
        ],
        "line": 35
      }
    },
    "s": { "0": 3, "1": 173 },
    "f": { "0": 173 },
    "b": { "0": [173], "1": [23, 150], "2": [173, 23] },
    "meta": {
      "lastBranch": 3,
      "lastFunction": 1,
      "lastStatement": 2,
      "seen": {
        "s:14:25:36:Infinity": 0,
        "f:14:25:14:26": 0,
        "s:22:2:36:Infinity": 1,
        "b:17:9:17:Infinity": 0,
        "b:32:16:32:70:32:70:32:Infinity": 1,
        "b:35:5:35:14:35:14:35:Infinity": 2
      }
    }
  },
  "D:\\popka\\SkillsZen\\SkillsZen\\src\\components\\shared\\Coding\\ResetConfirmModal.tsx": {
    "path": "D:\\popka\\SkillsZen\\SkillsZen\\src\\components\\shared\\Coding\\ResetConfirmModal.tsx",
    "statementMap": {
      "0": { "start": { "line": 3, "column": 26 }, "end": { "line": 54, "column": null } },
      "1": { "start": { "line": 12, "column": 2 }, "end": { "line": 12, "column": null } },
      "2": { "start": { "line": 12, "column": 15 }, "end": { "line": 12, "column": null } },
      "3": { "start": { "line": 14, "column": 2 }, "end": { "line": 52, "column": null } },
      "4": { "start": { "line": 43, "column": 14 }, "end": { "line": 43, "column": null } },
      "5": { "start": { "line": 44, "column": 14 }, "end": { "line": 44, "column": null } }
    },
    "fnMap": {
      "0": {
        "name": "(anonymous_0)",
        "decl": { "start": { "line": 3, "column": 26 }, "end": { "line": 3, "column": 27 } },
        "loc": { "start": { "line": 11, "column": 6 }, "end": { "line": 54, "column": null } },
        "line": 11
      },
      "1": {
        "name": "(anonymous_1)",
        "decl": { "start": { "line": 42, "column": 21 }, "end": { "line": 42, "column": 27 } },
        "loc": { "start": { "line": 42, "column": 27 }, "end": { "line": 45, "column": null } },
        "line": 42
      }
    },
    "branchMap": {
      "0": {
        "loc": { "start": { "line": 12, "column": 2 }, "end": { "line": 12, "column": null } },
        "type": "if",
        "locations": [
          { "start": { "line": 12, "column": 2 }, "end": { "line": 12, "column": null } },
          { "start": {}, "end": {} }
        ],
        "line": 12
      }
    },
    "s": { "0": 1, "1": 11, "2": 10, "3": 1, "4": 1, "5": 1 },
    "f": { "0": 11, "1": 1 },
    "b": { "0": [10, 1] },
    "meta": {
      "lastBranch": 1,
      "lastFunction": 2,
      "lastStatement": 6,
      "seen": {
        "s:3:26:54:Infinity": 0,
        "f:3:26:3:27": 0,
        "b:12:2:12:Infinity:undefined:undefined:undefined:undefined": 0,
        "s:12:2:12:Infinity": 1,
        "s:12:15:12:Infinity": 2,
        "s:14:2:52:Infinity": 3,
        "f:42:21:42:27": 1,
        "s:43:14:43:Infinity": 4,
        "s:44:14:44:Infinity": 5
      }
    }
  },
  "D:\\popka\\SkillsZen\\SkillsZen\\src\\components\\shared\\Coding\\TaskCodingCard.tsx": {
    "path": "D:\\popka\\SkillsZen\\SkillsZen\\src\\components\\shared\\Coding\\TaskCodingCard.tsx",
    "statementMap": {
      "0": { "start": { "line": 14, "column": 42 }, "end": { "line": 116, "column": null } },
      "1": { "start": { "line": 15, "column": 19 }, "end": { "line": 15, "column": null } },
      "2": { "start": { "line": 16, "column": 19 }, "end": { "line": 16, "column": null } },
      "3": { "start": { "line": 18, "column": 2 }, "end": { "line": 114, "column": null } }
    },
    "fnMap": {
      "0": {
        "name": "(anonymous_0)",
        "decl": { "start": { "line": 14, "column": 42 }, "end": { "line": 14, "column": 43 } },
        "loc": { "start": { "line": 14, "column": 80 }, "end": { "line": 116, "column": null } },
        "line": 14
      }
    },
    "branchMap": {
      "0": {
        "loc": { "start": { "line": 23, "column": 10 }, "end": { "line": 27, "column": null } },
        "type": "cond-expr",
        "locations": [
          { "start": { "line": 24, "column": 14 }, "end": { "line": 24, "column": null } },
          { "start": { "line": 25, "column": 14 }, "end": { "line": 27, "column": null } }
        ],
        "line": 23
      },
      "1": {
        "loc": { "start": { "line": 25, "column": 14 }, "end": { "line": 27, "column": null } },
        "type": "cond-expr",
        "locations": [
          { "start": { "line": 26, "column": 16 }, "end": { "line": 26, "column": null } },
          { "start": { "line": 27, "column": 16 }, "end": { "line": 27, "column": null } }
        ],
        "line": 25
      },
      "2": {
        "loc": { "start": { "line": 33, "column": 12 }, "end": { "line": 37, "column": null } },
        "type": "cond-expr",
        "locations": [
          { "start": { "line": 34, "column": 16 }, "end": { "line": 34, "column": null } },
          { "start": { "line": 35, "column": 16 }, "end": { "line": 37, "column": null } }
        ],
        "line": 33
      },
      "3": {
        "loc": { "start": { "line": 35, "column": 16 }, "end": { "line": 37, "column": null } },
        "type": "cond-expr",
        "locations": [
          { "start": { "line": 36, "column": 18 }, "end": { "line": 36, "column": null } },
          { "start": { "line": 37, "column": 18 }, "end": { "line": 37, "column": null } }
        ],
        "line": 35
      },
      "4": {
        "loc": { "start": { "line": 40, "column": 11 }, "end": { "line": 45, "column": null } },
        "type": "cond-expr",
        "locations": [
          { "start": { "line": 41, "column": 12 }, "end": { "line": 41, "column": null } },
          { "start": { "line": 42, "column": 14 }, "end": { "line": 45, "column": null } }
        ],
        "line": 40
      },
      "5": {
        "loc": { "start": { "line": 42, "column": 14 }, "end": { "line": 45, "column": null } },
        "type": "cond-expr",
        "locations": [
          { "start": { "line": 43, "column": 12 }, "end": { "line": 43, "column": null } },
          { "start": { "line": 45, "column": 12 }, "end": { "line": 45, "column": null } }
        ],
        "line": 42
      },
      "6": {
        "loc": { "start": { "line": 52, "column": 14 }, "end": { "line": 52, "column": null } },
        "type": "cond-expr",
        "locations": [
          { "start": { "line": 52, "column": 25 }, "end": { "line": 52, "column": 47 } },
          { "start": { "line": 52, "column": 47 }, "end": { "line": 52, "column": null } }
        ],
        "line": 52
      },
      "7": {
        "loc": { "start": { "line": 52, "column": 47 }, "end": { "line": 52, "column": null } },
        "type": "cond-expr",
        "locations": [
          { "start": { "line": 52, "column": 58 }, "end": { "line": 52, "column": 78 } },
          { "start": { "line": 52, "column": 78 }, "end": { "line": 52, "column": null } }
        ],
        "line": 52
      },
      "8": {
        "loc": { "start": { "line": 61, "column": 16 }, "end": { "line": 65, "column": null } },
        "type": "cond-expr",
        "locations": [
          { "start": { "line": 62, "column": 20 }, "end": { "line": 62, "column": null } },
          { "start": { "line": 63, "column": 20 }, "end": { "line": 65, "column": null } }
        ],
        "line": 61
      },
      "9": {
        "loc": { "start": { "line": 63, "column": 20 }, "end": { "line": 65, "column": null } },
        "type": "cond-expr",
        "locations": [
          { "start": { "line": 64, "column": 22 }, "end": { "line": 64, "column": null } },
          { "start": { "line": 65, "column": 22 }, "end": { "line": 65, "column": null } }
        ],
        "line": 63
      },
      "10": {
        "loc": { "start": { "line": 73, "column": 13 }, "end": { "line": 82, "column": null } },
        "type": "cond-expr",
        "locations": [
          { "start": { "line": 74, "column": 14 }, "end": { "line": 76, "column": null } },
          { "start": { "line": 77, "column": 16 }, "end": { "line": 82, "column": null } }
        ],
        "line": 73
      },
      "11": {
        "loc": { "start": { "line": 77, "column": 16 }, "end": { "line": 82, "column": null } },
        "type": "cond-expr",
        "locations": [
          { "start": { "line": 78, "column": 14 }, "end": { "line": 78, "column": null } },
          { "start": { "line": 80, "column": 14 }, "end": { "line": 82, "column": null } }
        ],
        "line": 77
      },
      "12": {
        "loc": { "start": { "line": 92, "column": 14 }, "end": { "line": 96, "column": null } },
        "type": "cond-expr",
        "locations": [
          { "start": { "line": 93, "column": 18 }, "end": { "line": 93, "column": null } },
          { "start": { "line": 94, "column": 18 }, "end": { "line": 96, "column": null } }
        ],
        "line": 92
      },
      "13": {
        "loc": { "start": { "line": 94, "column": 18 }, "end": { "line": 96, "column": null } },
        "type": "cond-expr",
        "locations": [
          { "start": { "line": 95, "column": 20 }, "end": { "line": 95, "column": null } },
          { "start": { "line": 96, "column": 20 }, "end": { "line": 96, "column": null } }
        ],
        "line": 94
      },
      "14": {
        "loc": { "start": { "line": 99, "column": 11 }, "end": { "line": 102, "column": null } },
        "type": "cond-expr",
        "locations": [
          { "start": { "line": 100, "column": 12 }, "end": { "line": 100, "column": null } },
          { "start": { "line": 102, "column": 12 }, "end": { "line": 102, "column": null } }
        ],
        "line": 99
      },
      "15": {
        "loc": { "start": { "line": 109, "column": 10 }, "end": { "line": 109, "column": null } },
        "type": "cond-expr",
        "locations": [
          { "start": { "line": 109, "column": 21 }, "end": { "line": 109, "column": 40 } },
          { "start": { "line": 109, "column": 40 }, "end": { "line": 109, "column": null } }
        ],
        "line": 109
      },
      "16": {
        "loc": { "start": { "line": 109, "column": 40 }, "end": { "line": 109, "column": null } },
        "type": "cond-expr",
        "locations": [
          { "start": { "line": 109, "column": 51 }, "end": { "line": 109, "column": 68 } },
          { "start": { "line": 109, "column": 68 }, "end": { "line": 109, "column": null } }
        ],
        "line": 109
      }
    },
    "s": { "0": 1, "1": 8, "2": 8, "3": 8 },
    "f": { "0": 8 },
    "b": {
      "0": [4, 4],
      "1": [0, 4],
      "2": [4, 4],
      "3": [0, 4],
      "4": [4, 4],
      "5": [0, 4],
      "6": [4, 4],
      "7": [0, 4],
      "8": [4, 4],
      "9": [0, 4],
      "10": [4, 4],
      "11": [0, 4],
      "12": [4, 4],
      "13": [0, 4],
      "14": [4, 4],
      "15": [4, 4],
      "16": [0, 4]
    },
    "meta": {
      "lastBranch": 17,
      "lastFunction": 1,
      "lastStatement": 4,
      "seen": {
        "s:14:42:116:Infinity": 0,
        "f:14:42:14:43": 0,
        "s:15:19:15:Infinity": 1,
        "s:16:19:16:Infinity": 2,
        "s:18:2:114:Infinity": 3,
        "b:24:14:24:Infinity:25:14:27:Infinity": 0,
        "b:26:16:26:Infinity:27:16:27:Infinity": 1,
        "b:34:16:34:Infinity:35:16:37:Infinity": 2,
        "b:36:18:36:Infinity:37:18:37:Infinity": 3,
        "b:41:12:41:Infinity:42:14:45:Infinity": 4,
        "b:43:12:43:Infinity:45:12:45:Infinity": 5,
        "b:52:25:52:47:52:47:52:Infinity": 6,
        "b:52:58:52:78:52:78:52:Infinity": 7,
        "b:62:20:62:Infinity:63:20:65:Infinity": 8,
        "b:64:22:64:Infinity:65:22:65:Infinity": 9,
        "b:74:14:76:Infinity:77:16:82:Infinity": 10,
        "b:78:14:78:Infinity:80:14:82:Infinity": 11,
        "b:93:18:93:Infinity:94:18:96:Infinity": 12,
        "b:95:20:95:Infinity:96:20:96:Infinity": 13,
        "b:100:12:100:Infinity:102:12:102:Infinity": 14,
        "b:109:21:109:40:109:40:109:Infinity": 15,
        "b:109:51:109:68:109:68:109:Infinity": 16
      }
    }
  },
  "D:\\popka\\SkillsZen\\SkillsZen\\src\\components\\shared\\Coding\\TaskDescription.tsx": {
    "path": "D:\\popka\\SkillsZen\\SkillsZen\\src\\components\\shared\\Coding\\TaskDescription.tsx",
    "statementMap": {
      "0": { "start": { "line": 9, "column": 56 }, "end": { "line": 17, "column": null } },
      "1": { "start": { "line": 10, "column": 2 }, "end": { "line": 17, "column": null } }
    },
    "fnMap": {
      "0": {
        "name": "(anonymous_0)",
        "decl": { "start": { "line": 9, "column": 56 }, "end": { "line": 9, "column": 57 } },
        "loc": { "start": { "line": 10, "column": 2 }, "end": { "line": 17, "column": null } },
        "line": 10
      }
    },
    "branchMap": {
      "0": {
        "loc": { "start": { "line": 15, "column": 22 }, "end": { "line": 15, "column": 33 } },
        "type": "binary-expr",
        "locations": [
          { "start": { "line": 15, "column": 22 }, "end": { "line": 15, "column": 30 } },
          { "start": { "line": 15, "column": 30 }, "end": { "line": 15, "column": 33 } }
        ],
        "line": 15
      }
    },
    "s": { "0": 1, "1": 11 },
    "f": { "0": 11 },
    "b": { "0": [11, 0] },
    "meta": {
      "lastBranch": 1,
      "lastFunction": 1,
      "lastStatement": 2,
      "seen": {
        "s:9:56:17:Infinity": 0,
        "f:9:56:9:57": 0,
        "s:10:2:17:Infinity": 1,
        "b:15:22:15:30:15:30:15:33": 0
      }
    }
  },
  "D:\\popka\\SkillsZen\\SkillsZen\\src\\components\\shared\\Coding\\TasksCodingHeader.tsx": {
    "path": "D:\\popka\\SkillsZen\\SkillsZen\\src\\components\\shared\\Coding\\TasksCodingHeader.tsx",
    "statementMap": {
      "0": { "start": { "line": 12, "column": 48 }, "end": { "line": 70, "column": null } },
      "1": { "start": { "line": 18, "column": 2 }, "end": { "line": 68, "column": null } }
    },
    "fnMap": {
      "0": {
        "name": "(anonymous_0)",
        "decl": { "start": { "line": 12, "column": 48 }, "end": { "line": 12, "column": 49 } },
        "loc": { "start": { "line": 17, "column": 6 }, "end": { "line": 70, "column": null } },
        "line": 17
      }
    },
    "branchMap": {
      "0": {
        "loc": { "start": { "line": 39, "column": 14 }, "end": { "line": 41, "column": null } },
        "type": "cond-expr",
        "locations": [
          { "start": { "line": 40, "column": 18 }, "end": { "line": 40, "column": null } },
          { "start": { "line": 41, "column": 18 }, "end": { "line": 41, "column": null } }
        ],
        "line": 39
      },
      "1": {
        "loc": { "start": { "line": 44, "column": 41 }, "end": { "line": 44, "column": 83 } },
        "type": "cond-expr",
[...]
    "path": "D:\\popka\\SkillsZen\\SkillsZen\\src\\services\\AuthContext.tsx",
    "statementMap": {
      "0": { "start": { "line": 26, "column": 6 }, "end": { "line": 26, "column": null } },
      "1": { "start": { "line": 29, "column": 22 }, "end": { "line": 29, "column": null } },
      "2": { "start": { "line": 29, "column": 61 }, "end": { "line": 29, "column": 92 } },
      "3": { "start": { "line": 30, "column": 32 }, "end": { "line": 30, "column": null } },
      "4": { "start": { "line": 32, "column": 2 }, "end": { "line": 49, "column": null } },
      "5": { "start": { "line": 33, "column": 24 }, "end": { "line": 46, "column": null } },
      "6": { "start": { "line": 34, "column": 6 }, "end": { "line": 45, "column": null } },
      "7": { "start": { "line": 35, "column": 8 }, "end": { "line": 35, "column": null } },
      "8": { "start": { "line": 36, "column": 8 }, "end": { "line": 44, "column": null } },
      "9": { "start": { "line": 37, "column": 26 }, "end": { "line": 37, "column": null } },
      "10": { "start": { "line": 38, "column": 10 }, "end": { "line": 41, "column": null } },
      "11": { "start": { "line": 39, "column": 32 }, "end": { "line": 39, "column": null } },
      "12": { "start": { "line": 40, "column": 12 }, "end": { "line": 40, "column": null } },
      "13": { "start": { "line": 43, "column": 10 }, "end": { "line": 43, "column": null } },
      "14": { "start": { "line": 48, "column": 4 }, "end": { "line": 48, "column": null } },
      "15": { "start": { "line": 51, "column": 8 }, "end": { "line": 53, "column": null } },
      "16": { "start": { "line": 52, "column": 4 }, "end": { "line": 52, "column": null } },
      "17": { "start": { "line": 55, "column": 8 }, "end": { "line": 58, "column": null } },
      "18": { "start": { "line": 56, "column": 4 }, "end": { "line": 56, "column": null } },
      "19": { "start": { "line": 57, "column": 4 }, "end": { "line": 57, "column": null } },
      "20": { "start": { "line": 60, "column": 27 }, "end": { "line": 71, "column": null } },
      "21": { "start": { "line": 61, "column": 4 }, "end": { "line": 61, "column": null } },
      "22": { "start": { "line": 61, "column": 20 }, "end": { "line": 61, "column": null } },
      "23": { "start": { "line": 62, "column": 4 }, "end": { "line": 70, "column": null } },
      "24": { "start": { "line": 63, "column": 6 }, "end": { "line": 63, "column": null } },
      "25": { "start": { "line": 64, "column": 26 }, "end": { "line": 64, "column": null } },
      "26": { "start": { "line": 65, "column": 6 }, "end": { "line": 65, "column": null } },
      "27": { "start": { "line": 67, "column": 18 }, "end": { "line": 67, "column": null } },
      "28": { "start": { "line": 68, "column": 6 }, "end": { "line": 68, "column": null } },
      "29": { "start": { "line": 69, "column": 6 }, "end": { "line": 69, "column": null } },
      "30": { "start": { "line": 73, "column": 21 }, "end": { "line": 83, "column": null } },
      "31": { "start": { "line": 74, "column": 4 }, "end": { "line": 74, "column": null } },
      "32": { "start": { "line": 74, "column": 20 }, "end": { "line": 74, "column": null } },
      "33": { "start": { "line": 75, "column": 4 }, "end": { "line": 82, "column": null } },
      "34": { "start": { "line": 76, "column": 6 }, "end": { "line": 76, "column": null } },
      "35": { "start": { "line": 77, "column": 26 }, "end": { "line": 77, "column": null } },
      "36": { "start": { "line": 78, "column": 6 }, "end": { "line": 78, "column": null } },
      "37": { "start": { "line": 80, "column": 18 }, "end": { "line": 80, "column": null } },
      "38": { "start": { "line": 81, "column": 6 }, "end": { "line": 81, "column": null } },
      "39": { "start": { "line": 85, "column": 8 }, "end": { "line": 90, "column": null } },
      "40": { "start": { "line": 86, "column": 4 }, "end": { "line": 89, "column": null } },
      "41": { "start": { "line": 87, "column": 6 }, "end": { "line": 87, "column": null } },
      "42": { "start": { "line": 87, "column": 43 }, "end": { "line": 87, "column": null } },
      "43": { "start": { "line": 88, "column": 6 }, "end": { "line": 88, "column": null } },
      "44": { "start": { "line": 92, "column": 8 }, "end": { "line": 98, "column": null } },
      "45": { "start": { "line": 94, "column": 6 }, "end": { "line": 94, "column": null } },
      "46": { "start": { "line": 94, "column": 22 }, "end": { "line": 94, "column": null } },
      "47": { "start": { "line": 95, "column": 6 }, "end": { "line": 95, "column": null } },
      "48": { "start": { "line": 100, "column": 21 }, "end": { "line": 110, "column": null } },
      "49": { "start": { "line": 101, "column": 4 }, "end": { "line": 101, "column": null } },
      "50": { "start": { "line": 101, "column": 20 }, "end": { "line": 101, "column": null } },
      "51": { "start": { "line": 102, "column": 20 }, "end": { "line": 102, "column": null } },
      "52": { "start": { "line": 103, "column": 4 }, "end": { "line": 103, "column": null } },
      "53": { "start": { "line": 103, "column": 17 }, "end": { "line": 103, "column": null } },
      "54": { "start": { "line": 104, "column": 4 }, "end": { "line": 109, "column": null } },
      "55": { "start": { "line": 105, "column": 6 }, "end": { "line": 105, "column": null } },
      "56": { "start": { "line": 107, "column": 22 }, "end": { "line": 107, "column": null } },
      "57": { "start": { "line": 108, "column": 6 }, "end": { "line": 108, "column": null } },
      "58": { "start": { "line": 112, "column": 2 }, "end": { "line": 128, "column": null } },
      "59": { "start": { "line": 132, "column": 23 }, "end": { "line": 138, "column": null } },
      "60": { "start": { "line": 133, "column": 8 }, "end": { "line": 133, "column": null } },
      "61": { "start": { "line": 134, "column": 2 }, "end": { "line": 136, "column": null } },
      "62": { "start": { "line": 135, "column": 4 }, "end": { "line": 135, "column": null } },
      "63": { "start": { "line": 137, "column": 2 }, "end": { "line": 137, "column": null } }
    },
    "fnMap": {
      "0": {
        "name": "AuthProvider",
        "decl": { "start": { "line": 28, "column": 16 }, "end": { "line": 28, "column": 29 } },
        "loc": { "start": { "line": 28, "column": 68 }, "end": { "line": 130, "column": null } },
        "line": 28
      },
      "1": {
        "name": "(anonymous_1)",
        "decl": { "start": { "line": 29, "column": 55 }, "end": { "line": 29, "column": 61 } },
        "loc": { "start": { "line": 29, "column": 61 }, "end": { "line": 29, "column": 92 } },
        "line": 29
      },
      "2": {
        "name": "(anonymous_2)",
        "decl": { "start": { "line": 32, "column": 12 }, "end": { "line": 32, "column": 18 } },
        "loc": { "start": { "line": 32, "column": 18 }, "end": { "line": 49, "column": 5 } },
        "line": 32
      },
      "3": {
        "name": "(anonymous_3)",
        "decl": { "start": { "line": 33, "column": 24 }, "end": { "line": 33, "column": 36 } },
        "loc": { "start": { "line": 33, "column": 36 }, "end": { "line": 46, "column": null } },
        "line": 33
      },
      "4": {
        "name": "(anonymous_4)",
        "decl": { "start": { "line": 51, "column": 28 }, "end": { "line": 51, "column": 29 } },
        "loc": { "start": { "line": 51, "column": 54 }, "end": { "line": 53, "column": 5 } },
        "line": 51
      },
      "5": {
        "name": "(anonymous_5)",
        "decl": { "start": { "line": 55, "column": 29 }, "end": { "line": 55, "column": 35 } },
        "loc": { "start": { "line": 55, "column": 35 }, "end": { "line": 58, "column": 5 } },
        "line": 55
      },
      "6": {
        "name": "(anonymous_6)",
        "decl": { "start": { "line": 60, "column": 27 }, "end": { "line": 60, "column": 34 } },
        "loc": { "start": { "line": 60, "column": 82 }, "end": { "line": 71, "column": null } },
        "line": 60
      },
      "7": {
        "name": "(anonymous_7)",
        "decl": { "start": { "line": 73, "column": 21 }, "end": { "line": 73, "column": 28 } },
        "loc": { "start": { "line": 73, "column": 56 }, "end": { "line": 83, "column": null } },
        "line": 73
      },
      "8": {
        "name": "(anonymous_8)",
        "decl": { "start": { "line": 85, "column": 36 }, "end": { "line": 85, "column": 37 } },
        "loc": { "start": { "line": 85, "column": 70 }, "end": { "line": 90, "column": 5 } },
        "line": 85
      },
      "9": {
        "name": "(anonymous_9)",
        "decl": { "start": { "line": 86, "column": 12 }, "end": { "line": 86, "column": 13 } },
        "loc": { "start": { "line": 86, "column": 22 }, "end": { "line": 89, "column": 5 } },
        "line": 86
      },
      "10": {
        "name": "(anonymous_10)",
        "decl": { "start": { "line": 93, "column": 4 }, "end": { "line": 93, "column": 11 } },
        "loc": { "start": { "line": 93, "column": 44 }, "end": { "line": 96, "column": null } },
        "line": 93
      },
      "11": {
        "name": "(anonymous_11)",
        "decl": { "start": { "line": 100, "column": 21 }, "end": { "line": 100, "column": 28 } },
        "loc": { "start": { "line": 100, "column": 47 }, "end": { "line": 110, "column": null } },
        "line": 100
      },
      "12": {
        "name": "(anonymous_12)",
        "decl": { "start": { "line": 132, "column": 23 }, "end": { "line": 132, "column": 29 } },
        "loc": { "start": { "line": 132, "column": 29 }, "end": { "line": 138, "column": null } },
        "line": 132
      }
    },
    "branchMap": {
      "0": {
        "loc": { "start": { "line": 34, "column": 6 }, "end": { "line": 45, "column": null } },
        "type": "if",
        "locations": [
          { "start": { "line": 34, "column": 6 }, "end": { "line": 45, "column": null } },
          { "start": {}, "end": {} }
        ],
        "line": 34
      },
      "1": {
        "loc": { "start": { "line": 34, "column": 10 }, "end": { "line": 34, "column": 42 } },
        "type": "binary-expr",
        "locations": [
          { "start": { "line": 34, "column": 10 }, "end": { "line": 34, "column": 23 } },
          { "start": { "line": 34, "column": 23 }, "end": { "line": 34, "column": 42 } }
        ],
        "line": 34
      },
      "2": {
        "loc": { "start": { "line": 38, "column": 10 }, "end": { "line": 41, "column": null } },
        "type": "if",
        "locations": [
          { "start": { "line": 38, "column": 10 }, "end": { "line": 41, "column": null } },
          { "start": {}, "end": {} }
        ],
        "line": 38
      },
      "3": {
        "loc": { "start": { "line": 61, "column": 4 }, "end": { "line": 61, "column": null } },
        "type": "if",
        "locations": [
          { "start": { "line": 61, "column": 4 }, "end": { "line": 61, "column": null } },
          { "start": {}, "end": {} }
        ],
        "line": 61
      },
      "4": {
        "loc": { "start": { "line": 67, "column": 18 }, "end": { "line": 67, "column": null } },
        "type": "cond-expr",
        "locations": [
          { "start": { "line": 67, "column": 43 }, "end": { "line": 67, "column": 59 } },
          { "start": { "line": 67, "column": 59 }, "end": { "line": 67, "column": null } }
        ],
        "line": 67
      },
      "5": {
        "loc": { "start": { "line": 74, "column": 4 }, "end": { "line": 74, "column": null } },
        "type": "if",
        "locations": [
          { "start": { "line": 74, "column": 4 }, "end": { "line": 74, "column": null } },
          { "start": {}, "end": {} }
        ],
        "line": 74
      },
      "6": {
        "loc": { "start": { "line": 80, "column": 18 }, "end": { "line": 80, "column": null } },
        "type": "cond-expr",
        "locations": [
          { "start": { "line": 80, "column": 43 }, "end": { "line": 80, "column": 59 } },
          { "start": { "line": 80, "column": 59 }, "end": { "line": 80, "column": null } }
        ],
        "line": 80
      },
      "7": {
        "loc": { "start": { "line": 87, "column": 6 }, "end": { "line": 87, "column": null } },
        "type": "if",
        "locations": [
          { "start": { "line": 87, "column": 6 }, "end": { "line": 87, "column": null } },
          { "start": {}, "end": {} }
        ],
        "line": 87
      },
      "8": {
        "loc": { "start": { "line": 94, "column": 6 }, "end": { "line": 94, "column": null } },
        "type": "if",
        "locations": [
          { "start": { "line": 94, "column": 6 }, "end": { "line": 94, "column": null } },
          { "start": {}, "end": {} }
        ],
        "line": 94
      },
      "9": {
        "loc": { "start": { "line": 101, "column": 4 }, "end": { "line": 101, "column": null } },
        "type": "if",
        "locations": [
          { "start": { "line": 101, "column": 4 }, "end": { "line": 101, "column": null } },
          { "start": {}, "end": {} }
        ],
        "line": 101
      },
      "10": {
        "loc": { "start": { "line": 103, "column": 4 }, "end": { "line": 103, "column": null } },
        "type": "if",
        "locations": [
          { "start": { "line": 103, "column": 4 }, "end": { "line": 103, "column": null } },
          { "start": {}, "end": {} }
        ],
        "line": 103
      },
      "11": {
        "loc": { "start": { "line": 107, "column": 22 }, "end": { "line": 107, "column": null } },
        "type": "cond-expr",
        "locations": [
          { "start": { "line": 107, "column": 47 }, "end": { "line": 107, "column": 63 } },
          { "start": { "line": 107, "column": 63 }, "end": { "line": 107, "column": null } }
        ],
        "line": 107
      },
      "12": {
        "loc": { "start": { "line": 134, "column": 2 }, "end": { "line": 136, "column": null } },
        "type": "if",
        "locations": [
          { "start": { "line": 134, "column": 2 }, "end": { "line": 136, "column": null } },
          { "start": {}, "end": {} }
        ],
        "line": 134
      }
    },
    "s": {
      "0": 1,
      "1": 28,
      "2": 9,
      "3": 28,
      "4": 28,
      "5": 10,
      "6": 10,
      "7": 8,
      "8": 8,
      "9": 8,
      "10": 8,
      "11": 1,
      "12": 1,
      "13": 8,
      "14": 10,
      "15": 28,
      "16": 1,
      "17": 28,
      "18": 0,
      "19": 0,
      "20": 28,
      "21": 1,
      "22": 0,
      "23": 1,
      "24": 1,
      "25": 1,
      "26": 1,
      "27": 0,
      "28": 0,
      "29": 0,
      "30": 28,
      "31": 3,
      "32": 1,
      "33": 2,
      "34": 2,
      "35": 1,
      "36": 1,
      "37": 1,
      "38": 1,
      "39": 28,
      "40": 1,
      "41": 1,
      "42": 0,
      "43": 1,
      "44": 28,
      "45": 1,
      "46": 0,
      "47": 1,
      "48": 28,
      "49": 1,
      "50": 0,
      "51": 1,
      "52": 1,
      "53": 1,
      "54": 1,
      "55": 1,
      "56": 0,
      "57": 0,
      "58": 28,
      "59": 1,
      "60": 28,
      "61": 28,
      "62": 0,
      "63": 28
    },
    "f": {
      "0": 28,
      "1": 9,
      "2": 10,
      "3": 10,
      "4": 1,
      "5": 0,
      "6": 1,
      "7": 3,
      "8": 1,
      "9": 1,
      "10": 1,
      "11": 1,
      "12": 28
    },
    "b": {
      "0": [8, 2],
      "1": [10, 8],
      "2": [1, 7],
      "3": [0, 1],
      "4": [0, 0],
      "5": [1, 2],
      "6": [1, 0],
      "7": [0, 1],
      "8": [0, 1],
      "9": [0, 1],
      "10": [1, 0],
      "11": [0, 0],
      "12": [0, 28]
    },
    "meta": {
      "lastBranch": 13,
      "lastFunction": 13,
      "lastStatement": 64,
      "seen": {
        "s:26:6:26:Infinity": 0,
        "f:28:16:28:29": 0,
        "s:29:22:29:Infinity": 1,
        "f:29:55:29:61": 1,
        "s:29:61:29:92": 2,
        "s:30:32:30:Infinity": 3,
        "s:32:2:49:Infinity": 4,
        "f:32:12:32:18": 2,
        "s:33:24:46:Infinity": 5,
        "f:33:24:33:36": 3,
        "b:34:6:45:Infinity:undefined:undefined:undefined:undefined": 0,
        "s:34:6:45:Infinity": 6,
        "b:34:10:34:23:34:23:34:42": 1,
        "s:35:8:35:Infinity": 7,
        "s:36:8:44:Infinity": 8,
        "s:37:26:37:Infinity": 9,
        "b:38:10:41:Infinity:undefined:undefined:undefined:undefined": 2,
        "s:38:10:41:Infinity": 10,
        "s:39:32:39:Infinity": 11,
        "s:40:12:40:Infinity": 12,
        "s:43:10:43:Infinity": 13,
        "s:48:4:48:Infinity": 14,
        "s:51:8:53:Infinity": 15,
        "f:51:28:51:29": 4,
        "s:52:4:52:Infinity": 16,
        "s:55:8:58:Infinity": 17,
        "f:55:29:55:35": 5,
        "s:56:4:56:Infinity": 18,
        "s:57:4:57:Infinity": 19,
        "s:60:27:71:Infinity": 20,
        "f:60:27:60:34": 6,
        "b:61:4:61:Infinity:undefined:undefined:undefined:undefined": 3,
        "s:61:4:61:Infinity": 21,
        "s:61:20:61:Infinity": 22,
        "s:62:4:70:Infinity": 23,
        "s:63:6:63:Infinity": 24,
        "s:64:26:64:Infinity": 25,
        "s:65:6:65:Infinity": 26,
        "s:67:18:67:Infinity": 27,
        "b:67:43:67:59:67:59:67:Infinity": 4,
        "s:68:6:68:Infinity": 28,
        "s:69:6:69:Infinity": 29,
        "s:73:21:83:Infinity": 30,
        "f:73:21:73:28": 7,
        "b:74:4:74:Infinity:undefined:undefined:undefined:undefined": 5,
        "s:74:4:74:Infinity": 31,
        "s:74:20:74:Infinity": 32,
        "s:75:4:82:Infinity": 33,
        "s:76:6:76:Infinity": 34,
        "s:77:26:77:Infinity": 35,
        "s:78:6:78:Infinity": 36,
        "s:80:18:80:Infinity": 37,
        "b:80:43:80:59:80:59:80:Infinity": 6,
        "s:81:6:81:Infinity": 38,
        "s:85:8:90:Infinity": 39,
        "f:85:36:85:37": 8,
        "s:86:4:89:Infinity": 40,
        "f:86:12:86:13": 9,
        "b:87:6:87:Infinity:undefined:undefined:undefined:undefined": 7,
        "s:87:6:87:Infinity": 41,
        "s:87:43:87:Infinity": 42,
        "s:88:6:88:Infinity": 43,
        "s:92:8:98:Infinity": 44,
        "f:93:4:93:11": 10,
        "b:94:6:94:Infinity:undefined:undefined:undefined:undefined": 8,
        "s:94:6:94:Infinity": 45,
        "s:94:22:94:Infinity": 46,
        "s:95:6:95:Infinity": 47,
        "s:100:21:110:Infinity": 48,
        "f:100:21:100:28": 11,
        "b:101:4:101:Infinity:undefined:undefined:undefined:undefined": 9,
        "s:101:4:101:Infinity": 49,
        "s:101:20:101:Infinity": 50,
        "s:102:20:102:Infinity": 51,
        "b:103:4:103:Infinity:undefined:undefined:undefined:undefined": 10,
        "s:103:4:103:Infinity": 52,
        "s:103:17:103:Infinity": 53,
        "s:104:4:109:Infinity": 54,
        "s:105:6:105:Infinity": 55,
        "s:107:22:107:Infinity": 56,
        "b:107:47:107:63:107:63:107:Infinity": 11,
        "s:108:6:108:Infinity": 57,
        "s:112:2:128:Infinity": 58,
        "s:132:23:138:Infinity": 59,
        "f:132:23:132:29": 12,
        "s:133:8:133:Infinity": 60,
        "b:134:2:136:Infinity:undefined:undefined:undefined:undefined": 12,
        "s:134:2:136:Infinity": 61,
        "s:135:4:135:Infinity": 62,
        "s:137:2:137:Infinity": 63
      }
    }
  },
  "D:\\popka\\SkillsZen\\SkillsZen\\src\\shared\\exerciseCard.tsx": {
    "path": "D:\\popka\\SkillsZen\\SkillsZen\\src\\shared\\exerciseCard.tsx",
    "statementMap": {
      "0": { "start": { "line": 4, "column": 31 }, "end": { "line": 6, "column": null } },
      "1": { "start": { "line": 5, "column": 2 }, "end": { "line": 5, "column": null } }
    },
    "fnMap": {
      "0": {
        "name": "(anonymous_0)",
        "decl": { "start": { "line": 4, "column": 31 }, "end": { "line": 4, "column": 37 } },
        "loc": { "start": { "line": 4, "column": 37 }, "end": { "line": 6, "column": null } },
        "line": 4
      }
    },
    "branchMap": {},
    "s": { "0": 0, "1": 0 },
    "f": { "0": 0 },
    "b": {},
    "meta": {
      "lastBranch": 0,
      "lastFunction": 1,
      "lastStatement": 2,
      "seen": { "s:4:31:6:Infinity": 0, "f:4:31:4:37": 0, "s:5:2:5:Infinity": 1 }
    }
  }
}
